Epoch: 0
 [=========================== 391/391 ============================>]  Step: 889ms | Tot: 35s | Loss: 1.857 | Acc: 32.322% (16161/50000)                               
 [=========================== 100/100 ============================>]  Step: 22ms | Tot: 2s215ms | Loss: 1.518 | Acc: 42.590% (4259/10000)                             
Saving..

Epoch: 1
 [=========================== 391/391 ============================>]  Step: 61ms | Tot: 34s569ms | Loss: 1.408 | Acc: 48.182% (24091/50000)                           
 [=========================== 100/100 ============================>]  Step: 22ms | Tot: 2s234ms | Loss: 1.289 | Acc: 53.650% (5365/10000)                             
Saving..

Epoch: 2
 [=========================== 391/391 ============================>]  Step: 61ms | Tot: 34s889ms | Loss: 1.110 | Acc: 60.170% (30085/50000)                           
 [=========================== 100/100 ============================>]  Step: 22ms | Tot: 2s262ms | Loss: 1.170 | Acc: 57.650% (5765/10000)                             
Saving..

Epoch: 3
 [=========================== 391/391 ============================>]  Step: 61ms | Tot: 35s332ms | Loss: 0.935 | Acc: 66.996% (33498/50000)                           
 [=========================== 100/100 ============================>]  Step: 22ms | Tot: 2s294ms | Loss: 1.105 | Acc: 61.910% (6191/10000)                             
Saving..

Epoch: 4
 [=========================== 391/391 ============================>]  Step: 62ms | Tot: 36s25ms | Loss: 0.805 | Acc: 71.652% (35826/50000)                            
 [=========================== 100/100 ============================>]  Step: 23ms | Tot: 2s355ms | Loss: 1.020 | Acc: 65.710% (6571/10000)                             
Saving..

Epoch: 5
 [=========================== 391/391 ============================>]  Step: 60ms | Tot: 36s115ms | Loss: 0.691 | Acc: 75.966% (37983/50000)                           
 [=========================== 100/100 ============================>]  Step: 22ms | Tot: 2s270ms | Loss: 0.867 | Acc: 70.880% (7088/10000)                             
Saving..

Epoch: 6
 [=========================== 391/391 ============================>]  Step: 60ms | Tot: 34s907ms | Loss: 0.618 | Acc: 78.528% (39264/50000)                           
 [=========================== 100/100 ============================>]  Step: 22ms | Tot: 2s234ms | Loss: 0.713 | Acc: 75.380% (7538/10000)                             
Saving..

Epoch: 7
 [=========================== 391/391 ============================>]  Step: 61ms | Tot: 34s700ms | Loss: 0.569 | Acc: 80.338% (40169/50000)                           
 [=========================== 100/100 ============================>]  Step: 22ms | Tot: 2s227ms | Loss: 0.937 | Acc: 70.130% (7013/10000)                             

Epoch: 8
 [=========================== 391/391 ============================>]  Step: 61ms | Tot: 34s724ms | Loss: 0.541 | Acc: 81.406% (40703/50000)                           
 [=========================== 100/100 ============================>]  Step: 21ms | Tot: 2s233ms | Loss: 0.668 | Acc: 78.060% (7806/10000)                             
Saving..

Epoch: 9
 [=========================== 391/391 ============================>]  Step: 60ms | Tot: 34s846ms | Loss: 0.522 | Acc: 82.124% (41062/50000)                           
 [=========================== 100/100 ============================>]  Step: 23ms | Tot: 2s242ms | Loss: 0.542 | Acc: 81.040% (8104/10000)                             
Saving..

Epoch: 10
 [=========================== 391/391 ============================>]  Step: 62ms | Tot: 35s81ms | Loss: 0.498 | Acc: 82.834% (41417/50000)                            
 [=========================== 100/100 ============================>]  Step: 22ms | Tot: 2s267ms | Loss: 0.607 | Acc: 79.650% (7965/10000)                             

Epoch: 11
 [=========================== 391/391 ============================>]  Step: 62ms | Tot: 35s489ms | Loss: 0.479 | Acc: 83.670% (41835/50000)                           
 [=========================== 100/100 ============================>]  Step: 22ms | Tot: 2s304ms | Loss: 0.711 | Acc: 77.130% (7713/10000)                             

Epoch: 12
 [=========================== 391/391 ============================>]  Step: 65ms | Tot: 36s142ms | Loss: 0.461 | Acc: 84.202% (42101/50000)                           
 [=========================== 100/100 ============================>]  Step: 23ms | Tot: 2s360ms | Loss: 0.601 | Acc: 80.300% (8030/10000)                             

Epoch: 13
 [=========================== 391/391 ============================>]  Step: 62ms | Tot: 36s50ms | Loss: 0.453 | Acc: 84.480% (42240/50000)                            
 [=========================== 100/100 ============================>]  Step: 22ms | Tot: 2s261ms | Loss: 0.616 | Acc: 79.180% (7918/10000)                             

Epoch: 14
 [=========================== 391/391 ============================>]  Step: 59ms | Tot: 34s857ms | Loss: 0.439 | Acc: 84.918% (42459/50000)                           
 [=========================== 100/100 ============================>]  Step: 21ms | Tot: 2s228ms | Loss: 0.634 | Acc: 79.120% (7912/10000)                             

Epoch: 15
 [=========================== 391/391 ============================>]  Step: 60ms | Tot: 34s669ms | Loss: 0.432 | Acc: 85.190% (42595/50000)                           
 [=========================== 100/100 ============================>]  Step: 21ms | Tot: 2s227ms | Loss: 0.589 | Acc: 80.150% (8015/10000)                             

Epoch: 16
 [=========================== 391/391 ============================>]  Step: 61ms | Tot: 34s699ms | Loss: 0.422 | Acc: 85.522% (42761/50000)                           
 [=========================== 100/100 ============================>]  Step: 21ms | Tot: 2s232ms | Loss: 0.718 | Acc: 76.890% (7689/10000)                             

Epoch: 17
 [=========================== 391/391 ============================>]  Step: 62ms | Tot: 34s831ms | Loss: 0.411 | Acc: 86.194% (43097/50000)                           
 [=========================== 100/100 ============================>]  Step: 22ms | Tot: 2s244ms | Loss: 0.894 | Acc: 72.900% (7290/10000)                             

Epoch: 18
 [=========================== 391/391 ============================>]  Step: 60ms | Tot: 35s109ms | Loss: 0.404 | Acc: 86.332% (43166/50000)                           
 [=========================== 100/100 ============================>]  Step: 22ms | Tot: 2s272ms | Loss: 0.672 | Acc: 78.560% (7856/10000)                             

Epoch: 19
 [=========================== 391/391 ============================>]  Step: 63ms | Tot: 35s513ms | Loss: 0.393 | Acc: 86.642% (43321/50000)                           
 [=========================== 100/100 ============================>]  Step: 23ms | Tot: 2s309ms | Loss: 0.640 | Acc: 79.100% (7910/10000)                             

Epoch: 20
 [=========================== 391/391 ============================>]  Step: 64ms | Tot: 36s189ms | Loss: 0.392 | Acc: 86.582% (43291/50000)                           
 [=========================== 100/100 ============================>]  Step: 23ms | Tot: 2s366ms | Loss: 0.494 | Acc: 83.630% (8363/10000)                             
Saving..

Epoch: 21
 [=========================== 391/391 ============================>]  Step: 60ms | Tot: 35s967ms | Loss: 0.381 | Acc: 86.778% (43389/50000)                           
 [=========================== 100/100 ============================>]  Step: 22ms | Tot: 2s259ms | Loss: 0.584 | Acc: 80.500% (8050/10000)                             

Epoch: 22
 [=========================== 391/391 ============================>]  Step: 60ms | Tot: 34s850ms | Loss: 0.374 | Acc: 87.286% (43643/50000)                           
 [=========================== 100/100 ============================>]  Step: 22ms | Tot: 2s225ms | Loss: 0.772 | Acc: 75.180% (7518/10000)                             

Epoch: 23
 [=========================== 391/391 ============================>]  Step: 59ms | Tot: 34s650ms | Loss: 0.370 | Acc: 87.262% (43631/50000)                           
 [=========================== 100/100 ============================>]  Step: 22ms | Tot: 2s220ms | Loss: 0.437 | Acc: 85.570% (8557/10000)                             
Saving..

Epoch: 24
 [=========================== 391/391 ============================>]  Step: 61ms | Tot: 34s680ms | Loss: 0.362 | Acc: 87.764% (43882/50000)                           
 [=========================== 100/100 ============================>]  Step: 22ms | Tot: 2s232ms | Loss: 0.519 | Acc: 82.570% (8257/10000)                             

Epoch: 25
 [=========================== 391/391 ============================>]  Step: 61ms | Tot: 34s835ms | Loss: 0.365 | Acc: 87.534% (43767/50000)                           
 [=========================== 100/100 ============================>]  Step: 22ms | Tot: 2s246ms | Loss: 0.548 | Acc: 82.670% (8267/10000)                             

Epoch: 26
 [=========================== 391/391 ============================>]  Step: 61ms | Tot: 35s105ms | Loss: 0.359 | Acc: 87.788% (43894/50000)                           
 [=========================== 100/100 ============================>]  Step: 22ms | Tot: 2s264ms | Loss: 0.570 | Acc: 82.100% (8210/10000)                             

Epoch: 27
 [=========================== 391/391 ============================>]  Step: 61ms | Tot: 35s537ms | Loss: 0.354 | Acc: 87.912% (43956/50000)                           
 [=========================== 100/100 ============================>]  Step: 23ms | Tot: 2s309ms | Loss: 0.559 | Acc: 81.170% (8117/10000)                             

Epoch: 28
 [=========================== 391/391 ============================>]  Step: 65ms | Tot: 36s251ms | Loss: 0.349 | Acc: 88.082% (44041/50000)                           
 [=========================== 100/100 ============================>]  Step: 23ms | Tot: 2s365ms | Loss: 0.603 | Acc: 80.970% (8097/10000)                             

Epoch: 29
 [=========================== 391/391 ============================>]  Step: 62ms | Tot: 35s752ms | Loss: 0.350 | Acc: 88.014% (44007/50000)                           
 [=========================== 100/100 ============================>]  Step: 22ms | Tot: 2s251ms | Loss: 0.518 | Acc: 83.160% (8316/10000)                             

Epoch: 30
 [=========================== 391/391 ============================>]  Step: 61ms | Tot: 34s791ms | Loss: 0.345 | Acc: 88.332% (44166/50000)                           
 [=========================== 100/100 ============================>]  Step: 21ms | Tot: 2s224ms | Loss: 0.833 | Acc: 75.320% (7532/10000)                             

Epoch: 31
 [=========================== 391/391 ============================>]  Step: 59ms | Tot: 34s625ms | Loss: 0.343 | Acc: 88.362% (44181/50000)                           
 [=========================== 100/100 ============================>]  Step: 22ms | Tot: 2s224ms | Loss: 0.422 | Acc: 85.990% (8599/10000)                             
Saving..

Epoch: 32
 [=========================== 391/391 ============================>]  Step: 60ms | Tot: 34s683ms | Loss: 0.335 | Acc: 88.604% (44302/50000)                           
 [=========================== 100/100 ============================>]  Step: 22ms | Tot: 2s237ms | Loss: 0.614 | Acc: 80.380% (8038/10000)                             

Epoch: 33
 [=========================== 391/391 ============================>]  Step: 61ms | Tot: 34s833ms | Loss: 0.342 | Acc: 88.244% (44122/50000)                           
 [=========================== 100/100 ============================>]  Step: 22ms | Tot: 2s244ms | Loss: 0.575 | Acc: 81.040% (8104/10000)                             

Epoch: 34
 [=========================== 391/391 ============================>]  Step: 60ms | Tot: 35s172ms | Loss: 0.334 | Acc: 88.632% (44316/50000)                           
 [=========================== 100/100 ============================>]  Step: 22ms | Tot: 2s274ms | Loss: 0.548 | Acc: 81.910% (8191/10000)                             

Epoch: 35
 [=========================== 391/391 ============================>]  Step: 63ms | Tot: 35s578ms | Loss: 0.334 | Acc: 88.750% (44375/50000)                           
 [=========================== 100/100 ============================>]  Step: 22ms | Tot: 2s312ms | Loss: 0.466 | Acc: 84.710% (8471/10000)                             

Epoch: 36
 [=========================== 391/391 ============================>]  Step: 64ms | Tot: 36s341ms | Loss: 0.328 | Acc: 88.820% (44410/50000)                           
 [=========================== 100/100 ============================>]  Step: 23ms | Tot: 2s375ms | Loss: 0.419 | Acc: 86.180% (8618/10000)                             
Saving..

Epoch: 37
 [=========================== 391/391 ============================>]  Step: 60ms | Tot: 35s675ms | Loss: 0.325 | Acc: 88.826% (44413/50000)                           
 [=========================== 100/100 ============================>]  Step: 21ms | Tot: 2s246ms | Loss: 0.594 | Acc: 81.070% (8107/10000)                             

Epoch: 38
 [=========================== 391/391 ============================>]  Step: 61ms | Tot: 34s777ms | Loss: 0.325 | Acc: 88.922% (44461/50000)                           
 [=========================== 100/100 ============================>]  Step: 22ms | Tot: 2s225ms | Loss: 0.494 | Acc: 84.010% (8401/10000)                             

Epoch: 39
 [=========================== 391/391 ============================>]  Step: 60ms | Tot: 34s645ms | Loss: 0.325 | Acc: 88.978% (44489/50000)                           
 [=========================== 100/100 ============================>]  Step: 22ms | Tot: 2s223ms | Loss: 0.671 | Acc: 81.100% (8110/10000)                             

Epoch: 40
 [=========================== 391/391 ============================>]  Step: 60ms | Tot: 34s705ms | Loss: 0.326 | Acc: 88.794% (44397/50000)                           
 [=========================== 100/100 ============================>]  Step: 23ms | Tot: 2s236ms | Loss: 0.618 | Acc: 80.090% (8009/10000)                             

Epoch: 41
 [=========================== 391/391 ============================>]  Step: 61ms | Tot: 34s844ms | Loss: 0.313 | Acc: 89.274% (44637/50000)                           
 [=========================== 100/100 ============================>]  Step: 22ms | Tot: 2s246ms | Loss: 0.549 | Acc: 82.840% (8284/10000)                             

Epoch: 42
 [=========================== 391/391 ============================>]  Step: 61ms | Tot: 35s145ms | Loss: 0.318 | Acc: 89.174% (44587/50000)                           
 [=========================== 100/100 ============================>]  Step: 22ms | Tot: 2s271ms | Loss: 0.792 | Acc: 76.120% (7612/10000)                             

Epoch: 43
 [=========================== 391/391 ============================>]  Step: 61ms | Tot: 35s597ms | Loss: 0.317 | Acc: 89.246% (44623/50000)                           
 [=========================== 100/100 ============================>]  Step: 23ms | Tot: 2s309ms | Loss: 0.368 | Acc: 87.960% (8796/10000)                             
Saving..

Epoch: 44
 [=========================== 391/391 ============================>]  Step: 65ms | Tot: 36s347ms | Loss: 0.307 | Acc: 89.404% (44702/50000)                           
 [=========================== 100/100 ============================>]  Step: 23ms | Tot: 2s369ms | Loss: 0.497 | Acc: 84.410% (8441/10000)                             

Epoch: 45
 [=========================== 391/391 ============================>]  Step: 62ms | Tot: 35s538ms | Loss: 0.314 | Acc: 89.320% (44660/50000)                           
 [=========================== 100/100 ============================>]  Step: 22ms | Tot: 2s251ms | Loss: 0.529 | Acc: 83.450% (8345/10000)                             

Epoch: 46
 [=========================== 391/391 ============================>]  Step: 60ms | Tot: 34s730ms | Loss: 0.309 | Acc: 89.422% (44711/50000)                           
 [=========================== 100/100 ============================>]  Step: 21ms | Tot: 2s223ms | Loss: 0.551 | Acc: 81.940% (8194/10000)                             

Epoch: 47
 [=========================== 391/391 ============================>]  Step: 60ms | Tot: 34s640ms | Loss: 0.310 | Acc: 89.414% (44707/50000)                           
 [=========================== 100/100 ============================>]  Step: 21ms | Tot: 2s220ms | Loss: 0.449 | Acc: 85.910% (8591/10000)                             

Epoch: 48
 [=========================== 391/391 ============================>]  Step: 59ms | Tot: 34s711ms | Loss: 0.301 | Acc: 89.698% (44849/50000)                           
 [=========================== 100/100 ============================>]  Step: 22ms | Tot: 2s237ms | Loss: 0.355 | Acc: 88.170% (8817/10000)                             
Saving..

Epoch: 49
 [=========================== 391/391 ============================>]  Step: 60ms | Tot: 34s850ms | Loss: 0.307 | Acc: 89.520% (44760/50000)                           
 [=========================== 100/100 ============================>]  Step: 23ms | Tot: 2s251ms | Loss: 0.621 | Acc: 80.010% (8001/10000)                             

Epoch: 50
 [=========================== 391/391 ============================>]  Step: 62ms | Tot: 35s202ms | Loss: 0.299 | Acc: 89.752% (44876/50000)                           
 [=========================== 100/100 ============================>]  Step: 22ms | Tot: 2s268ms | Loss: 0.507 | Acc: 83.170% (8317/10000)                             

Epoch: 51
 [=========================== 391/391 ============================>]  Step: 62ms | Tot: 35s599ms | Loss: 0.298 | Acc: 89.920% (44960/50000)                           
 [=========================== 100/100 ============================>]  Step: 22ms | Tot: 2s314ms | Loss: 0.406 | Acc: 86.330% (8633/10000)                             

Epoch: 52
 [=========================== 391/391 ============================>]  Step: 62ms | Tot: 36s377ms | Loss: 0.298 | Acc: 89.692% (44846/50000)                           
 [=========================== 100/100 ============================>]  Step: 23ms | Tot: 2s336ms | Loss: 0.502 | Acc: 83.680% (8368/10000)                             

Epoch: 53
 [=========================== 391/391 ============================>]  Step: 60ms | Tot: 35s311ms | Loss: 0.295 | Acc: 89.962% (44981/50000)                           
 [=========================== 100/100 ============================>]  Step: 22ms | Tot: 2s243ms | Loss: 0.541 | Acc: 82.890% (8289/10000)                             

Epoch: 54
 [=========================== 391/391 ============================>]  Step: 61ms | Tot: 34s685ms | Loss: 0.286 | Acc: 90.310% (45155/50000)                           
 [=========================== 100/100 ============================>]  Step: 22ms | Tot: 2s223ms | Loss: 0.527 | Acc: 84.190% (8419/10000)                             

Epoch: 55
 [=========================== 391/391 ============================>]  Step: 61ms | Tot: 34s609ms | Loss: 0.295 | Acc: 89.884% (44942/50000)                           
 [=========================== 100/100 ============================>]  Step: 22ms | Tot: 2s223ms | Loss: 0.521 | Acc: 83.350% (8335/10000)                             

Epoch: 56
 [=========================== 391/391 ============================>]  Step: 61ms | Tot: 34s673ms | Loss: 0.290 | Acc: 90.064% (45032/50000)                           
 [=========================== 100/100 ============================>]  Step: 21ms | Tot: 2s234ms | Loss: 0.629 | Acc: 80.910% (8091/10000)                             

Epoch: 57
 [=========================== 391/391 ============================>]  Step: 60ms | Tot: 34s833ms | Loss: 0.285 | Acc: 90.376% (45188/50000)                           
 [=========================== 100/100 ============================>]  Step: 23ms | Tot: 2s251ms | Loss: 0.530 | Acc: 83.120% (8312/10000)                             

Epoch: 58
 [=========================== 391/391 ============================>]  Step: 62ms | Tot: 35s194ms | Loss: 0.283 | Acc: 90.336% (45168/50000)                           
 [=========================== 100/100 ============================>]  Step: 23ms | Tot: 2s275ms | Loss: 0.413 | Acc: 86.640% (8664/10000)                             

Epoch: 59
 [=========================== 391/391 ============================>]  Step: 62ms | Tot: 35s665ms | Loss: 0.286 | Acc: 90.158% (45079/50000)                           
 [=========================== 100/100 ============================>]  Step: 23ms | Tot: 2s317ms | Loss: 0.427 | Acc: 85.840% (8584/10000)                             

Epoch: 60
 [=========================== 391/391 ============================>]  Step: 64ms | Tot: 36s448ms | Loss: 0.281 | Acc: 90.516% (45258/50000)                           
 [=========================== 100/100 ============================>]  Step: 23ms | Tot: 2s336ms | Loss: 0.528 | Acc: 82.710% (8271/10000)                             

Epoch: 61
 [=========================== 391/391 ============================>]  Step: 60ms | Tot: 35s308ms | Loss: 0.280 | Acc: 90.470% (45235/50000)                           
 [=========================== 100/100 ============================>]  Step: 22ms | Tot: 2s237ms | Loss: 0.417 | Acc: 86.510% (8651/10000)                             

Epoch: 62
 [=========================== 391/391 ============================>]  Step: 60ms | Tot: 34s676ms | Loss: 0.274 | Acc: 90.524% (45262/50000)                           
 [=========================== 100/100 ============================>]  Step: 22ms | Tot: 2s220ms | Loss: 0.432 | Acc: 86.160% (8616/10000)                             

Epoch: 63
 [=========================== 391/391 ============================>]  Step: 59ms | Tot: 34s607ms | Loss: 0.279 | Acc: 90.528% (45264/50000)                           
 [=========================== 100/100 ============================>]  Step: 21ms | Tot: 2s220ms | Loss: 0.484 | Acc: 84.090% (8409/10000)                             

Epoch: 64
 [=========================== 391/391 ============================>]  Step: 60ms | Tot: 34s705ms | Loss: 0.269 | Acc: 90.878% (45439/50000)                           
 [=========================== 100/100 ============================>]  Step: 21ms | Tot: 2s235ms | Loss: 0.409 | Acc: 86.680% (8668/10000)                             

Epoch: 65
 [=========================== 391/391 ============================>]  Step: 60ms | Tot: 34s868ms | Loss: 0.270 | Acc: 90.752% (45376/50000)                           
 [=========================== 100/100 ============================>]  Step: 22ms | Tot: 2s249ms | Loss: 0.385 | Acc: 87.000% (8700/10000)                             

Epoch: 66
 [=========================== 391/391 ============================>]  Step: 62ms | Tot: 35s230ms | Loss: 0.267 | Acc: 90.796% (45398/50000)                           
 [=========================== 100/100 ============================>]  Step: 22ms | Tot: 2s274ms | Loss: 0.392 | Acc: 86.930% (8693/10000)                             

Epoch: 67
 [=========================== 391/391 ============================>]  Step: 62ms | Tot: 35s692ms | Loss: 0.267 | Acc: 91.042% (45521/50000)                           
 [=========================== 100/100 ============================>]  Step: 22ms | Tot: 2s320ms | Loss: 0.380 | Acc: 87.350% (8735/10000)                             

Epoch: 68
 [=========================== 391/391 ============================>]  Step: 62ms | Tot: 36s457ms | Loss: 0.267 | Acc: 90.848% (45424/50000)                           
 [=========================== 100/100 ============================>]  Step: 22ms | Tot: 2s320ms | Loss: 0.343 | Acc: 88.430% (8843/10000)                             
Saving..

Epoch: 69
 [=========================== 391/391 ============================>]  Step: 61ms | Tot: 35s252ms | Loss: 0.264 | Acc: 90.962% (45481/50000)                           
 [=========================== 100/100 ============================>]  Step: 23ms | Tot: 2s237ms | Loss: 0.384 | Acc: 87.640% (8764/10000)                             

Epoch: 70
 [=========================== 391/391 ============================>]  Step: 60ms | Tot: 34s658ms | Loss: 0.262 | Acc: 91.120% (45560/50000)                           
 [=========================== 100/100 ============================>]  Step: 21ms | Tot: 2s218ms | Loss: 0.387 | Acc: 87.520% (8752/10000)                             

Epoch: 71
 [=========================== 391/391 ============================>]  Step: 60ms | Tot: 34s601ms | Loss: 0.254 | Acc: 91.418% (45709/50000)                           
 [=========================== 100/100 ============================>]  Step: 22ms | Tot: 2s222ms | Loss: 0.371 | Acc: 87.730% (8773/10000)                             

Epoch: 72
 [=========================== 391/391 ============================>]  Step: 60ms | Tot: 34s673ms | Loss: 0.256 | Acc: 91.256% (45628/50000)                           
 [=========================== 100/100 ============================>]  Step: 22ms | Tot: 2s234ms | Loss: 0.407 | Acc: 86.560% (8656/10000)                             

Epoch: 73
 [=========================== 391/391 ============================>]  Step: 62ms | Tot: 34s858ms | Loss: 0.251 | Acc: 91.514% (45757/50000)                           
 [=========================== 100/100 ============================>]  Step: 22ms | Tot: 2s249ms | Loss: 0.380 | Acc: 87.400% (8740/10000)                             

Epoch: 74
 [=========================== 391/391 ============================>]  Step: 60ms | Tot: 35s211ms | Loss: 0.251 | Acc: 91.366% (45683/50000)                           
 [=========================== 100/100 ============================>]  Step: 22ms | Tot: 2s278ms | Loss: 0.390 | Acc: 87.930% (8793/10000)                             

Epoch: 75
 [=========================== 391/391 ============================>]  Step: 63ms | Tot: 35s703ms | Loss: 0.253 | Acc: 91.458% (45729/50000)                           
 [=========================== 100/100 ============================>]  Step: 22ms | Tot: 2s326ms | Loss: 0.352 | Acc: 88.230% (8823/10000)                             

Epoch: 76
 [=========================== 391/391 ============================>]  Step: 62ms | Tot: 36s370ms | Loss: 0.246 | Acc: 91.610% (45805/50000)                           
 [=========================== 100/100 ============================>]  Step: 22ms | Tot: 2s307ms | Loss: 0.404 | Acc: 86.570% (8657/10000)                             

Epoch: 77
 [=========================== 391/391 ============================>]  Step: 60ms | Tot: 35s125ms | Loss: 0.240 | Acc: 91.828% (45914/50000)                           
 [=========================== 100/100 ============================>]  Step: 22ms | Tot: 2s228ms | Loss: 0.449 | Acc: 85.380% (8538/10000)                             

Epoch: 78
 [=========================== 391/391 ============================>]  Step: 59ms | Tot: 34s637ms | Loss: 0.243 | Acc: 91.680% (45840/50000)                           
 [=========================== 100/100 ============================>]  Step: 22ms | Tot: 2s222ms | Loss: 0.530 | Acc: 83.210% (8321/10000)                             

Epoch: 79
 [=========================== 391/391 ============================>]  Step: 60ms | Tot: 34s597ms | Loss: 0.240 | Acc: 91.784% (45892/50000)                           
 [=========================== 100/100 ============================>]  Step: 22ms | Tot: 2s219ms | Loss: 0.370 | Acc: 87.490% (8749/10000)                             

Epoch: 80
 [=========================== 391/391 ============================>]  Step: 60ms | Tot: 34s692ms | Loss: 0.233 | Acc: 92.120% (46060/50000)                           
 [=========================== 100/100 ============================>]  Step: 22ms | Tot: 2s234ms | Loss: 0.375 | Acc: 87.720% (8772/10000)                             

Epoch: 81
 [=========================== 391/391 ============================>]  Step: 61ms | Tot: 34s854ms | Loss: 0.235 | Acc: 91.954% (45977/50000)                           
 [=========================== 100/100 ============================>]  Step: 22ms | Tot: 2s253ms | Loss: 0.436 | Acc: 86.120% (8612/10000)                             

Epoch: 82
 [=========================== 391/391 ============================>]  Step: 62ms | Tot: 35s250ms | Loss: 0.228 | Acc: 92.190% (46095/50000)                           
 [=========================== 100/100 ============================>]  Step: 23ms | Tot: 2s278ms | Loss: 0.462 | Acc: 85.160% (8516/10000)                             

Epoch: 83
 [=========================== 391/391 ============================>]  Step: 63ms | Tot: 35s711ms | Loss: 0.229 | Acc: 92.132% (46066/50000)                           
 [=========================== 100/100 ============================>]  Step: 23ms | Tot: 2s325ms | Loss: 0.396 | Acc: 87.020% (8702/10000)                             

Epoch: 84
 [=========================== 391/391 ============================>]  Step: 61ms | Tot: 36s354ms | Loss: 0.226 | Acc: 92.384% (46192/50000)                           
 [=========================== 100/100 ============================>]  Step: 22ms | Tot: 2s297ms | Loss: 0.395 | Acc: 87.150% (8715/10000)                             

Epoch: 85
 [=========================== 391/391 ============================>]  Step: 59ms | Tot: 35s89ms | Loss: 0.231 | Acc: 92.060% (46030/50000)                            
 [=========================== 100/100 ============================>]  Step: 22ms | Tot: 2s231ms | Loss: 0.411 | Acc: 86.900% (8690/10000)                             

Epoch: 86
 [=========================== 391/391 ============================>]  Step: 60ms | Tot: 34s625ms | Loss: 0.224 | Acc: 92.364% (46182/50000)                           
 [=========================== 100/100 ============================>]  Step: 22ms | Tot: 2s217ms | Loss: 0.330 | Acc: 89.310% (8931/10000)                             
Saving..

Epoch: 87
 [=========================== 391/391 ============================>]  Step: 60ms | Tot: 34s579ms | Loss: 0.221 | Acc: 92.424% (46212/50000)                           
 [=========================== 100/100 ============================>]  Step: 22ms | Tot: 2s222ms | Loss: 0.380 | Acc: 88.010% (8801/10000)                             

Epoch: 88
 [=========================== 391/391 ============================>]  Step: 60ms | Tot: 34s675ms | Loss: 0.215 | Acc: 92.562% (46281/50000)                           
 [=========================== 100/100 ============================>]  Step: 22ms | Tot: 2s227ms | Loss: 0.378 | Acc: 87.570% (8757/10000)                             

Epoch: 89
 [=========================== 391/391 ============================>]  Step: 61ms | Tot: 34s803ms | Loss: 0.216 | Acc: 92.542% (46271/50000)                           
 [=========================== 100/100 ============================>]  Step: 21ms | Tot: 2s249ms | Loss: 0.392 | Acc: 87.320% (8732/10000)                             

Epoch: 90
 [=========================== 391/391 ============================>]  Step: 62ms | Tot: 35s154ms | Loss: 0.212 | Acc: 92.796% (46398/50000)                           
 [=========================== 100/100 ============================>]  Step: 22ms | Tot: 2s271ms | Loss: 0.316 | Acc: 89.580% (8958/10000)                             
Saving..

Epoch: 91
 [=========================== 391/391 ============================>]  Step: 61ms | Tot: 35s598ms | Loss: 0.209 | Acc: 92.854% (46427/50000)                           
 [=========================== 100/100 ============================>]  Step: 23ms | Tot: 2s318ms | Loss: 0.513 | Acc: 83.690% (8369/10000)                             

Epoch: 92
 [=========================== 391/391 ============================>]  Step: 62ms | Tot: 36s191ms | Loss: 0.209 | Acc: 92.732% (46366/50000)                           
 [=========================== 100/100 ============================>]  Step: 22ms | Tot: 2s289ms | Loss: 0.388 | Acc: 87.380% (8738/10000)                             

Epoch: 93
 [=========================== 391/391 ============================>]  Step: 60ms | Tot: 35s8ms | Loss: 0.210 | Acc: 92.694% (46347/50000)                             
 [=========================== 100/100 ============================>]  Step: 22ms | Tot: 2s226ms | Loss: 0.369 | Acc: 88.260% (8826/10000)                             

Epoch: 94
 [=========================== 391/391 ============================>]  Step: 60ms | Tot: 34s614ms | Loss: 0.203 | Acc: 92.998% (46499/50000)                           
 [=========================== 100/100 ============================>]  Step: 22ms | Tot: 2s218ms | Loss: 0.453 | Acc: 85.890% (8589/10000)                             

Epoch: 95
 [=========================== 391/391 ============================>]  Step: 61ms | Tot: 34s558ms | Loss: 0.208 | Acc: 92.908% (46454/50000)                           
 [=========================== 100/100 ============================>]  Step: 22ms | Tot: 2s223ms | Loss: 0.319 | Acc: 89.600% (8960/10000)                             
Saving..

Epoch: 96
 [=========================== 391/391 ============================>]  Step: 60ms | Tot: 34s653ms | Loss: 0.194 | Acc: 93.302% (46651/50000)                           
 [=========================== 100/100 ============================>]  Step: 23ms | Tot: 2s234ms | Loss: 0.373 | Acc: 87.740% (8774/10000)                             

Epoch: 97
 [=========================== 391/391 ============================>]  Step: 62ms | Tot: 34s842ms | Loss: 0.192 | Acc: 93.476% (46738/50000)                           
 [=========================== 100/100 ============================>]  Step: 22ms | Tot: 2s249ms | Loss: 0.412 | Acc: 87.050% (8705/10000)                             

Epoch: 98
 [=========================== 391/391 ============================>]  Step: 61ms | Tot: 35s163ms | Loss: 0.192 | Acc: 93.408% (46704/50000)                           
 [=========================== 100/100 ============================>]  Step: 22ms | Tot: 2s274ms | Loss: 0.352 | Acc: 88.700% (8870/10000)                             

Epoch: 99
 [=========================== 391/391 ============================>]  Step: 63ms | Tot: 35s657ms | Loss: 0.192 | Acc: 93.526% (46763/50000)                           
 [=========================== 100/100 ============================>]  Step: 23ms | Tot: 2s324ms | Loss: 0.372 | Acc: 88.520% (8852/10000)                             

Epoch: 100
 [=========================== 391/391 ============================>]  Step: 63ms | Tot: 36s201ms | Loss: 0.187 | Acc: 93.690% (46845/50000)                           
 [=========================== 100/100 ============================>]  Step: 23ms | Tot: 2s280ms | Loss: 0.461 | Acc: 85.860% (8586/10000)                             

Epoch: 101
 [=========================== 391/391 ============================>]  Step: 59ms | Tot: 34s988ms | Loss: 0.184 | Acc: 93.786% (46893/50000)                           
 [=========================== 100/100 ============================>]  Step: 21ms | Tot: 2s225ms | Loss: 0.335 | Acc: 89.330% (8933/10000)                             

Epoch: 102
 [=========================== 391/391 ============================>]  Step: 61ms | Tot: 34s609ms | Loss: 0.183 | Acc: 93.712% (46856/50000)                           
 [=========================== 100/100 ============================>]  Step: 22ms | Tot: 2s217ms | Loss: 0.356 | Acc: 88.960% (8896/10000)                             

Epoch: 103
 [=========================== 391/391 ============================>]  Step: 60ms | Tot: 34s598ms | Loss: 0.186 | Acc: 93.660% (46830/50000)                           
 [=========================== 100/100 ============================>]  Step: 22ms | Tot: 2s220ms | Loss: 0.363 | Acc: 88.560% (8856/10000)                             

Epoch: 104
 [=========================== 391/391 ============================>]  Step: 60ms | Tot: 34s688ms | Loss: 0.176 | Acc: 93.974% (46987/50000)                           
 [=========================== 100/100 ============================>]  Step: 22ms | Tot: 2s229ms | Loss: 0.363 | Acc: 88.530% (8853/10000)                             

Epoch: 105
 [=========================== 391/391 ============================>]  Step: 62ms | Tot: 34s892ms | Loss: 0.175 | Acc: 93.986% (46993/50000)                           
 [=========================== 100/100 ============================>]  Step: 21ms | Tot: 2s250ms | Loss: 0.439 | Acc: 86.350% (8635/10000)                             

Epoch: 106
 [=========================== 391/391 ============================>]  Step: 63ms | Tot: 35s260ms | Loss: 0.170 | Acc: 94.190% (47095/50000)                           
 [=========================== 100/100 ============================>]  Step: 22ms | Tot: 2s283ms | Loss: 0.414 | Acc: 87.320% (8732/10000)                             

Epoch: 107
 [=========================== 391/391 ============================>]  Step: 64ms | Tot: 35s781ms | Loss: 0.171 | Acc: 94.118% (47059/50000)                           
 [=========================== 100/100 ============================>]  Step: 23ms | Tot: 2s326ms | Loss: 0.294 | Acc: 90.570% (9057/10000)                             
Saving..

Epoch: 108
 [=========================== 391/391 ============================>]  Step: 62ms | Tot: 36s294ms | Loss: 0.166 | Acc: 94.440% (47220/50000)                           
 [=========================== 100/100 ============================>]  Step: 22ms | Tot: 2s274ms | Loss: 0.330 | Acc: 89.620% (8962/10000)                             

Epoch: 109
 [=========================== 391/391 ============================>]  Step: 60ms | Tot: 34s969ms | Loss: 0.166 | Acc: 94.192% (47096/50000)                           
 [=========================== 100/100 ============================>]  Step: 22ms | Tot: 2s227ms | Loss: 0.364 | Acc: 88.770% (8877/10000)                             

Epoch: 110
 [=========================== 391/391 ============================>]  Step: 59ms | Tot: 34s617ms | Loss: 0.160 | Acc: 94.532% (47266/50000)                           
 [=========================== 100/100 ============================>]  Step: 22ms | Tot: 2s228ms | Loss: 0.304 | Acc: 90.080% (9008/10000)                             

Epoch: 111
 [=========================== 391/391 ============================>]  Step: 60ms | Tot: 34s612ms | Loss: 0.163 | Acc: 94.382% (47191/50000)                           
 [=========================== 100/100 ============================>]  Step: 21ms | Tot: 2s222ms | Loss: 0.297 | Acc: 90.250% (9025/10000)                             

Epoch: 112
 [=========================== 391/391 ============================>]  Step: 60ms | Tot: 34s707ms | Loss: 0.153 | Acc: 94.756% (47378/50000)                           
 [=========================== 100/100 ============================>]  Step: 22ms | Tot: 2s238ms | Loss: 0.307 | Acc: 90.060% (9006/10000)                             

Epoch: 113
 [=========================== 391/391 ============================>]  Step: 60ms | Tot: 34s907ms | Loss: 0.147 | Acc: 95.082% (47541/50000)                           
 [=========================== 100/100 ============================>]  Step: 22ms | Tot: 2s255ms | Loss: 0.334 | Acc: 89.670% (8967/10000)                             

Epoch: 114
 [=========================== 391/391 ============================>]  Step: 62ms | Tot: 35s286ms | Loss: 0.147 | Acc: 94.996% (47498/50000)                           
 [=========================== 100/100 ============================>]  Step: 23ms | Tot: 2s288ms | Loss: 0.376 | Acc: 88.600% (8860/10000)                             

Epoch: 115
 [=========================== 391/391 ============================>]  Step: 63ms | Tot: 35s840ms | Loss: 0.149 | Acc: 94.942% (47471/50000)                           
 [=========================== 100/100 ============================>]  Step: 23ms | Tot: 2s334ms | Loss: 0.305 | Acc: 90.300% (9030/10000)                             

Epoch: 116
 [=========================== 391/391 ============================>]  Step: 62ms | Tot: 36s254ms | Loss: 0.141 | Acc: 95.272% (47636/50000)                           
 [=========================== 100/100 ============================>]  Step: 22ms | Tot: 2s270ms | Loss: 0.389 | Acc: 88.340% (8834/10000)                             

Epoch: 117
 [=========================== 391/391 ============================>]  Step: 59ms | Tot: 34s965ms | Loss: 0.140 | Acc: 95.210% (47605/50000)                           
 [=========================== 100/100 ============================>]  Step: 22ms | Tot: 2s221ms | Loss: 0.290 | Acc: 90.800% (9080/10000)                             
Saving..

Epoch: 118
 [=========================== 391/391 ============================>]  Step: 59ms | Tot: 34s608ms | Loss: 0.135 | Acc: 95.376% (47688/50000)                           
 [=========================== 100/100 ============================>]  Step: 22ms | Tot: 2s214ms | Loss: 0.287 | Acc: 90.900% (9090/10000)                             
Saving..

Epoch: 119
 [=========================== 391/391 ============================>]  Step: 62ms | Tot: 34s583ms | Loss: 0.137 | Acc: 95.264% (47632/50000)                           
 [=========================== 100/100 ============================>]  Step: 22ms | Tot: 2s222ms | Loss: 0.473 | Acc: 85.990% (8599/10000)                             

Epoch: 120
 [=========================== 391/391 ============================>]  Step: 61ms | Tot: 34s721ms | Loss: 0.132 | Acc: 95.434% (47717/50000)                           
 [=========================== 100/100 ============================>]  Step: 22ms | Tot: 2s239ms | Loss: 0.329 | Acc: 90.140% (9014/10000)                             

Epoch: 121
 [=========================== 391/391 ============================>]  Step: 61ms | Tot: 34s937ms | Loss: 0.127 | Acc: 95.678% (47839/50000)                           
 [=========================== 100/100 ============================>]  Step: 22ms | Tot: 2s251ms | Loss: 0.276 | Acc: 91.670% (9167/10000)                             
Saving..

Epoch: 122
 [=========================== 391/391 ============================>]  Step: 61ms | Tot: 35s316ms | Loss: 0.126 | Acc: 95.642% (47821/50000)                           
 [=========================== 100/100 ============================>]  Step: 23ms | Tot: 2s287ms | Loss: 0.298 | Acc: 90.750% (9075/10000)                             

Epoch: 123
 [=========================== 391/391 ============================>]  Step: 64ms | Tot: 35s902ms | Loss: 0.119 | Acc: 95.896% (47948/50000)                           
 [=========================== 100/100 ============================>]  Step: 23ms | Tot: 2s342ms | Loss: 0.376 | Acc: 88.950% (8895/10000)                             

Epoch: 124
 [=========================== 391/391 ============================>]  Step: 62ms | Tot: 36s216ms | Loss: 0.118 | Acc: 95.970% (47985/50000)                           
 [=========================== 100/100 ============================>]  Step: 22ms | Tot: 2s267ms | Loss: 0.316 | Acc: 90.580% (9058/10000)                             

Epoch: 125
 [=========================== 391/391 ============================>]  Step: 60ms | Tot: 34s913ms | Loss: 0.116 | Acc: 95.998% (47999/50000)                           
 [=========================== 100/100 ============================>]  Step: 23ms | Tot: 2s226ms | Loss: 0.395 | Acc: 88.600% (8860/10000)                             

Epoch: 126
 [=========================== 391/391 ============================>]  Step: 60ms | Tot: 34s617ms | Loss: 0.116 | Acc: 96.088% (48044/50000)                           
 [=========================== 100/100 ============================>]  Step: 21ms | Tot: 2s221ms | Loss: 0.358 | Acc: 89.680% (8968/10000)                             

Epoch: 127
 [=========================== 391/391 ============================>]  Step: 60ms | Tot: 34s646ms | Loss: 0.111 | Acc: 96.202% (48101/50000)                           
 [=========================== 100/100 ============================>]  Step: 22ms | Tot: 2s225ms | Loss: 0.383 | Acc: 88.580% (8858/10000)                             

Epoch: 128
 [=========================== 391/391 ============================>]  Step: 59ms | Tot: 34s750ms | Loss: 0.113 | Acc: 96.204% (48102/50000)                           
 [=========================== 100/100 ============================>]  Step: 22ms | Tot: 2s237ms | Loss: 0.337 | Acc: 89.610% (8961/10000)                             

Epoch: 129
 [=========================== 391/391 ============================>]  Step: 62ms | Tot: 34s976ms | Loss: 0.105 | Acc: 96.442% (48221/50000)                           
 [=========================== 100/100 ============================>]  Step: 22ms | Tot: 2s259ms | Loss: 0.293 | Acc: 91.290% (9129/10000)                             

Epoch: 130
 [=========================== 391/391 ============================>]  Step: 62ms | Tot: 35s387ms | Loss: 0.101 | Acc: 96.554% (48277/50000)                           
 [=========================== 100/100 ============================>]  Step: 23ms | Tot: 2s298ms | Loss: 0.280 | Acc: 91.160% (9116/10000)                             

Epoch: 131
 [=========================== 391/391 ============================>]  Step: 63ms | Tot: 35s987ms | Loss: 0.096 | Acc: 96.816% (48408/50000)                           
 [=========================== 100/100 ============================>]  Step: 23ms | Tot: 2s350ms | Loss: 0.300 | Acc: 91.090% (9109/10000)                             

Epoch: 132
 [=========================== 391/391 ============================>]  Step: 65ms | Tot: 36s895ms | Loss: 0.096 | Acc: 96.810% (48405/50000)                           
 [=========================== 100/100 ============================>]  Step: 23ms | Tot: 2s402ms | Loss: 0.288 | Acc: 90.910% (9091/10000)                             

Epoch: 133
 [=========================== 391/391 ============================>]  Step: 64ms | Tot: 37s504ms | Loss: 0.095 | Acc: 96.790% (48395/50000)                           
 [=========================== 100/100 ============================>]  Step: 24ms | Tot: 2s447ms | Loss: 0.282 | Acc: 91.690% (9169/10000)                             
Saving..

Epoch: 134
 [=========================== 391/391 ============================>]  Step: 65ms | Tot: 37s818ms | Loss: 0.089 | Acc: 97.026% (48513/50000)                           
 [=========================== 100/100 ============================>]  Step: 24ms | Tot: 2s428ms | Loss: 0.291 | Acc: 91.220% (9122/10000)                             

Epoch: 135
 [=========================== 391/391 ============================>]  Step: 65ms | Tot: 37s472ms | Loss: 0.089 | Acc: 96.966% (48483/50000)                           
 [=========================== 100/100 ============================>]  Step: 23ms | Tot: 2s411ms | Loss: 0.316 | Acc: 90.760% (9076/10000)                             

Epoch: 136
 [=========================== 391/391 ============================>]  Step: 65ms | Tot: 37s367ms | Loss: 0.085 | Acc: 97.132% (48566/50000)                           
 [=========================== 100/100 ============================>]  Step: 24ms | Tot: 2s410ms | Loss: 0.298 | Acc: 91.250% (9125/10000)                             

Epoch: 137
 [=========================== 391/391 ============================>]  Step: 64ms | Tot: 37s335ms | Loss: 0.084 | Acc: 97.154% (48577/50000)                           
 [=========================== 100/100 ============================>]  Step: 23ms | Tot: 2s401ms | Loss: 0.320 | Acc: 90.430% (9043/10000)                             

Epoch: 138
 [=========================== 391/391 ============================>]  Step: 65ms | Tot: 37s275ms | Loss: 0.077 | Acc: 97.392% (48696/50000)                           
 [=========================== 100/100 ============================>]  Step: 23ms | Tot: 2s401ms | Loss: 0.272 | Acc: 91.770% (9177/10000)                             
Saving..

Epoch: 139
 [=========================== 391/391 ============================>]  Step: 66ms | Tot: 37s447ms | Loss: 0.074 | Acc: 97.596% (48798/50000)                           
 [=========================== 100/100 ============================>]  Step: 24ms | Tot: 2s442ms | Loss: 0.263 | Acc: 92.110% (9211/10000)                             
Saving..

Epoch: 140
 [=========================== 391/391 ============================>]  Step: 66ms | Tot: 37s988ms | Loss: 0.071 | Acc: 97.654% (48827/50000)                           
 [=========================== 100/100 ============================>]  Step: 24ms | Tot: 2s449ms | Loss: 0.279 | Acc: 91.740% (9174/10000)                             

Epoch: 141
 [=========================== 391/391 ============================>]  Step: 67ms | Tot: 37s860ms | Loss: 0.066 | Acc: 97.798% (48899/50000)                           
 [=========================== 100/100 ============================>]  Step: 24ms | Tot: 2s441ms | Loss: 0.286 | Acc: 91.340% (9134/10000)                             

Epoch: 142
 [=========================== 391/391 ============================>]  Step: 66ms | Tot: 37s799ms | Loss: 0.069 | Acc: 97.700% (48850/50000)                           
 [=========================== 100/100 ============================>]  Step: 24ms | Tot: 2s438ms | Loss: 0.258 | Acc: 92.570% (9257/10000)                             
Saving..

Epoch: 143
 [=========================== 391/391 ============================>]  Step: 66ms | Tot: 37s848ms | Loss: 0.066 | Acc: 97.820% (48910/50000)                           
 [=========================== 100/100 ============================>]  Step: 25ms | Tot: 2s445ms | Loss: 0.297 | Acc: 91.600% (9160/10000)                             

Epoch: 144
 [=========================== 391/391 ============================>]  Step: 67ms | Tot: 37s912ms | Loss: 0.061 | Acc: 98.026% (49013/50000)                           
 [=========================== 100/100 ============================>]  Step: 24ms | Tot: 2s444ms | Loss: 0.278 | Acc: 92.070% (9207/10000)                             

Epoch: 145
 [=========================== 391/391 ============================>]  Step: 66ms | Tot: 37s938ms | Loss: 0.056 | Acc: 98.148% (49074/50000)                           
 [=========================== 100/100 ============================>]  Step: 24ms | Tot: 2s444ms | Loss: 0.289 | Acc: 91.790% (9179/10000)                             

Epoch: 146
 [=========================== 391/391 ============================>]  Step: 66ms | Tot: 37s900ms | Loss: 0.055 | Acc: 98.156% (49078/50000)                           
 [=========================== 100/100 ============================>]  Step: 24ms | Tot: 2s451ms | Loss: 0.289 | Acc: 92.000% (9200/10000)                             

Epoch: 147
 [=========================== 391/391 ============================>]  Step: 62ms | Tot: 36s613ms | Loss: 0.053 | Acc: 98.198% (49099/50000)                           
 [=========================== 100/100 ============================>]  Step: 23ms | Tot: 2s271ms | Loss: 0.292 | Acc: 91.970% (9197/10000)                             

Epoch: 148
 [=========================== 391/391 ============================>]  Step: 61ms | Tot: 34s962ms | Loss: 0.050 | Acc: 98.322% (49161/50000)                           
 [=========================== 100/100 ============================>]  Step: 21ms | Tot: 2s234ms | Loss: 0.268 | Acc: 92.300% (9230/10000)                             

Epoch: 149
 [=========================== 391/391 ============================>]  Step: 59ms | Tot: 34s704ms | Loss: 0.044 | Acc: 98.586% (49293/50000)                           
 [=========================== 100/100 ============================>]  Step: 21ms | Tot: 2s226ms | Loss: 0.244 | Acc: 93.330% (9333/10000)                             
Saving..

Epoch: 150
 [=========================== 391/391 ============================>]  Step: 61ms | Tot: 34s712ms | Loss: 0.045 | Acc: 98.550% (49275/50000)                           
 [=========================== 100/100 ============================>]  Step: 22ms | Tot: 2s233ms | Loss: 0.274 | Acc: 92.320% (9232/10000)                             

Epoch: 151
 [=========================== 391/391 ============================>]  Step: 60ms | Tot: 34s829ms | Loss: 0.039 | Acc: 98.766% (49383/50000)                           
 [=========================== 100/100 ============================>]  Step: 22ms | Tot: 2s248ms | Loss: 0.254 | Acc: 93.070% (9307/10000)                             

Epoch: 152
 [=========================== 391/391 ============================>]  Step: 62ms | Tot: 35s89ms | Loss: 0.034 | Acc: 98.970% (49485/50000)                            
 [=========================== 100/100 ============================>]  Step: 22ms | Tot: 2s271ms | Loss: 0.269 | Acc: 93.050% (9305/10000)                             

Epoch: 153
 [=========================== 391/391 ============================>]  Step: 62ms | Tot: 35s540ms | Loss: 0.036 | Acc: 98.812% (49406/50000)                           
 [=========================== 100/100 ============================>]  Step: 23ms | Tot: 2s304ms | Loss: 0.323 | Acc: 91.270% (9127/10000)                             

Epoch: 154
 [=========================== 391/391 ============================>]  Step: 64ms | Tot: 36s180ms | Loss: 0.037 | Acc: 98.814% (49407/50000)                           
 [=========================== 100/100 ============================>]  Step: 22ms | Tot: 2s366ms | Loss: 0.254 | Acc: 93.180% (9318/10000)                             

Epoch: 155
 [=========================== 391/391 ============================>]  Step: 62ms | Tot: 35s810ms | Loss: 0.032 | Acc: 98.984% (49492/50000)                           
 [=========================== 100/100 ============================>]  Step: 22ms | Tot: 2s250ms | Loss: 0.249 | Acc: 93.290% (9329/10000)                             

Epoch: 156
 [=========================== 391/391 ============================>]  Step: 60ms | Tot: 34s750ms | Loss: 0.029 | Acc: 99.110% (49555/50000)                           
 [=========================== 100/100 ============================>]  Step: 22ms | Tot: 2s217ms | Loss: 0.270 | Acc: 92.870% (9287/10000)                             

Epoch: 157
 [=========================== 391/391 ============================>]  Step: 59ms | Tot: 34s601ms | Loss: 0.026 | Acc: 99.168% (49584/50000)                           
 [=========================== 100/100 ============================>]  Step: 21ms | Tot: 2s222ms | Loss: 0.260 | Acc: 93.050% (9305/10000)                             

Epoch: 158
 [=========================== 391/391 ============================>]  Step: 60ms | Tot: 34s633ms | Loss: 0.027 | Acc: 99.148% (49574/50000)                           
 [=========================== 100/100 ============================>]  Step: 22ms | Tot: 2s227ms | Loss: 0.231 | Acc: 93.670% (9367/10000)                             
Saving..

Epoch: 159
 [=========================== 391/391 ============================>]  Step: 60ms | Tot: 34s781ms | Loss: 0.021 | Acc: 99.366% (49683/50000)                           
 [=========================== 100/100 ============================>]  Step: 22ms | Tot: 2s246ms | Loss: 0.242 | Acc: 93.430% (9343/10000)                             

Epoch: 160
 [=========================== 391/391 ============================>]  Step: 62ms | Tot: 35s83ms | Loss: 0.020 | Acc: 99.368% (49684/50000)                            
 [=========================== 100/100 ============================>]  Step: 23ms | Tot: 2s271ms | Loss: 0.231 | Acc: 93.620% (9362/10000)                             

Epoch: 161
 [=========================== 391/391 ============================>]  Step: 63ms | Tot: 35s499ms | Loss: 0.017 | Acc: 99.476% (49738/50000)                           
 [=========================== 100/100 ============================>]  Step: 23ms | Tot: 2s303ms | Loss: 0.229 | Acc: 94.180% (9418/10000)                             
Saving..

Epoch: 162
 [=========================== 391/391 ============================>]  Step: 64ms | Tot: 36s208ms | Loss: 0.018 | Acc: 99.460% (49730/50000)                           
 [=========================== 100/100 ============================>]  Step: 23ms | Tot: 2s367ms | Loss: 0.227 | Acc: 93.910% (9391/10000)                             

Epoch: 163
 [=========================== 391/391 ============================>]  Step: 60ms | Tot: 35s639ms | Loss: 0.017 | Acc: 99.498% (49749/50000)                           
 [=========================== 100/100 ============================>]  Step: 22ms | Tot: 2s244ms | Loss: 0.222 | Acc: 94.160% (9416/10000)                             

Epoch: 164
 [=========================== 391/391 ============================>]  Step: 60ms | Tot: 34s754ms | Loss: 0.009 | Acc: 99.788% (49894/50000)                           
 [=========================== 100/100 ============================>]  Step: 21ms | Tot: 2s217ms | Loss: 0.225 | Acc: 94.430% (9443/10000)                             
Saving..

Epoch: 165
 [=========================== 391/391 ============================>]  Step: 60ms | Tot: 34s591ms | Loss: 0.009 | Acc: 99.764% (49882/50000)                           
 [=========================== 100/100 ============================>]  Step: 21ms | Tot: 2s222ms | Loss: 0.223 | Acc: 94.360% (9436/10000)                             

Epoch: 166
 [=========================== 391/391 ============================>]  Step: 61ms | Tot: 34s671ms | Loss: 0.008 | Acc: 99.792% (49896/50000)                           
 [=========================== 100/100 ============================>]  Step: 21ms | Tot: 2s226ms | Loss: 0.220 | Acc: 94.250% (9425/10000)                             

Epoch: 167
 [=========================== 391/391 ============================>]  Step: 61ms | Tot: 34s793ms | Loss: 0.008 | Acc: 99.794% (49897/50000)                           
 [=========================== 100/100 ============================>]  Step: 22ms | Tot: 2s246ms | Loss: 0.215 | Acc: 94.440% (9444/10000)                             
Saving..

Epoch: 168
 [=========================== 391/391 ============================>]  Step: 62ms | Tot: 35s96ms | Loss: 0.007 | Acc: 99.830% (49915/50000)                            
 [=========================== 100/100 ============================>]  Step: 22ms | Tot: 2s269ms | Loss: 0.203 | Acc: 94.770% (9477/10000)                             
Saving..

Epoch: 169
 [=========================== 391/391 ============================>]  Step: 62ms | Tot: 35s538ms | Loss: 0.005 | Acc: 99.916% (49958/50000)                           
 [=========================== 100/100 ============================>]  Step: 23ms | Tot: 2s303ms | Loss: 0.197 | Acc: 94.760% (9476/10000)                             

Epoch: 170
 [=========================== 391/391 ============================>]  Step: 63ms | Tot: 36s232ms | Loss: 0.004 | Acc: 99.942% (49971/50000)                           
 [=========================== 100/100 ============================>]  Step: 23ms | Tot: 2s370ms | Loss: 0.186 | Acc: 95.000% (9500/10000)                             
Saving..

Epoch: 171
 [=========================== 391/391 ============================>]  Step: 60ms | Tot: 35s515ms | Loss: 0.003 | Acc: 99.958% (49979/50000)                           
 [=========================== 100/100 ============================>]  Step: 22ms | Tot: 2s239ms | Loss: 0.185 | Acc: 95.150% (9515/10000)                             
Saving..

Epoch: 172
^Z=========================== 193/391 .............................]  Step: 88ms | Tot: 17s124ms | Loss: 0.003 | Acc: 99.972% (24697/24704)                           
[1]+  Stopped                 python3 main.py
(pytorch_latest_p37) ubuntu@ip-172-31-25-219:~/pytorch-cifar$ vim main.py 
(pytorch_latest_p37) ubuntu@ip-172-31-25-219:~/pytorch-cifar$ fg
python3 main.py
 [=========================== 391/391 ============================>]  Step: 59ms | Tot: 1m3s | Loss: 0.003 | Acc: 99.962% (49981/50000)                               
 [=========================== 100/100 ============================>]  Step: 22ms | Tot: 2s204ms | Loss: 0.187 | Acc: 95.050% (9505/10000)                             

Epoch: 173
 [=========================== 391/391 ============================>]  Step: 60ms | Tot: 34s461ms | Loss: 0.003 | Acc: 99.966% (49983/50000)                           
 [=========================== 100/100 ============================>]  Step: 21ms | Tot: 2s219ms | Loss: 0.190 | Acc: 95.200% (9520/10000)                             
Saving..

Epoch: 174
 [=========================== 391/391 ============================>]  Step: 59ms | Tot: 34s674ms | Loss: 0.002 | Acc: 99.990% (49995/50000)                           
 [=========================== 100/100 ============================>]  Step: 22ms | Tot: 2s233ms | Loss: 0.185 | Acc: 95.160% (9516/10000)                             

Epoch: 175
 [=========================== 391/391 ============================>]  Step: 60ms | Tot: 34s963ms | Loss: 0.003 | Acc: 99.956% (49978/50000)                           
 [=========================== 100/100 ============================>]  Step: 22ms | Tot: 2s261ms | Loss: 0.183 | Acc: 95.140% (9514/10000)                             

Epoch: 176
 [=========================== 391/391 ============================>]  Step: 62ms | Tot: 35s381ms | Loss: 0.002 | Acc: 99.974% (49987/50000)                           
 [=========================== 100/100 ============================>]  Step: 23ms | Tot: 2s293ms | Loss: 0.184 | Acc: 95.080% (9508/10000)                             

Epoch: 177
 [=========================== 391/391 ============================>]  Step: 64ms | Tot: 36s24ms | Loss: 0.002 | Acc: 99.988% (49994/50000)                            
 [=========================== 100/100 ============================>]  Step: 23ms | Tot: 2s344ms | Loss: 0.183 | Acc: 95.230% (9523/10000)                             
Saving..

Epoch: 178
 [=========================== 391/391 ============================>]  Step: 62ms | Tot: 35s816ms | Loss: 0.002 | Acc: 99.986% (49993/50000)                           
 [=========================== 100/100 ============================>]  Step: 22ms | Tot: 2s248ms | Loss: 0.181 | Acc: 95.230% (9523/10000)                             

Epoch: 179
 [=========================== 391/391 ============================>]  Step: 62ms | Tot: 34s769ms | Loss: 0.002 | Acc: 99.986% (49993/50000)                           
 [=========================== 100/100 ============================>]  Step: 22ms | Tot: 2s222ms | Loss: 0.179 | Acc: 95.320% (9532/10000)                             
Saving..

Epoch: 180
 [=========================== 391/391 ============================>]  Step: 60ms | Tot: 34s591ms | Loss: 0.002 | Acc: 99.992% (49996/50000)                           
 [=========================== 100/100 ============================>]  Step: 22ms | Tot: 2s223ms | Loss: 0.180 | Acc: 95.280% (9528/10000)                             

Epoch: 181
 [=========================== 391/391 ============================>]  Step: 59ms | Tot: 34s638ms | Loss: 0.002 | Acc: 99.994% (49997/50000)                           
 [=========================== 100/100 ============================>]  Step: 22ms | Tot: 2s226ms | Loss: 0.179 | Acc: 95.250% (9525/10000)                             

Epoch: 182
 [=========================== 391/391 ============================>]  Step: 61ms | Tot: 34s733ms | Loss: 0.002 | Acc: 99.992% (49996/50000)                           
 [=========================== 100/100 ============================>]  Step: 22ms | Tot: 2s244ms | Loss: 0.181 | Acc: 95.310% (9531/10000)                             

Epoch: 183
 [=========================== 391/391 ============================>]  Step: 62ms | Tot: 35s26ms | Loss: 0.002 | Acc: 99.988% (49994/50000)                            
 [=========================== 100/100 ============================>]  Step: 22ms | Tot: 2s266ms | Loss: 0.178 | Acc: 95.470% (9547/10000)                             
Saving..

Epoch: 184
 [=========================== 391/391 ============================>]  Step: 61ms | Tot: 35s386ms | Loss: 0.002 | Acc: 99.996% (49998/50000)                           
 [=========================== 100/100 ============================>]  Step: 22ms | Tot: 2s299ms | Loss: 0.176 | Acc: 95.360% (9536/10000)                             

Epoch: 185
 [=========================== 391/391 ============================>]  Step: 62ms | Tot: 35s961ms | Loss: 0.002 | Acc: 99.990% (49995/50000)                           
 [=========================== 100/100 ============================>]  Step: 23ms | Tot: 2s347ms | Loss: 0.176 | Acc: 95.410% (9541/10000)                             

Epoch: 186
 [=========================== 391/391 ============================>]  Step: 62ms | Tot: 35s717ms | Loss: 0.002 | Acc: 99.994% (49997/50000)                           
 [=========================== 100/100 ============================>]  Step: 22ms | Tot: 2s247ms | Loss: 0.177 | Acc: 95.290% (9529/10000)                             

Epoch: 187
 [=========================== 391/391 ============================>]  Step: 59ms | Tot: 34s718ms | Loss: 0.002 | Acc: 100.000% (50000/50000)                          
 [=========================== 100/100 ============================>]  Step: 22ms | Tot: 2s221ms | Loss: 0.177 | Acc: 95.350% (9535/10000)                             

Epoch: 188
 [=========================== 391/391 ============================>]  Step: 59ms | Tot: 34s570ms | Loss: 0.002 | Acc: 99.990% (49995/50000)                           
 [=========================== 100/100 ============================>]  Step: 21ms | Tot: 2s216ms | Loss: 0.177 | Acc: 95.430% (9543/10000)                             

Epoch: 189
 [=========================== 391/391 ============================>]  Step: 61ms | Tot: 34s633ms | Loss: 0.002 | Acc: 99.996% (49998/50000)                           
 [=========================== 100/100 ============================>]  Step: 21ms | Tot: 2s226ms | Loss: 0.175 | Acc: 95.300% (9530/10000)                             

Epoch: 190
 [=========================== 391/391 ============================>]  Step: 60ms | Tot: 34s747ms | Loss: 0.002 | Acc: 99.998% (49999/50000)                           
 [=========================== 100/100 ============================>]  Step: 22ms | Tot: 2s242ms | Loss: 0.175 | Acc: 95.370% (9537/10000)                             

Epoch: 191
 [=========================== 391/391 ============================>]  Step: 61ms | Tot: 35s7ms | Loss: 0.002 | Acc: 99.994% (49997/50000)                             
 [=========================== 100/100 ============================>]  Step: 22ms | Tot: 2s260ms | Loss: 0.173 | Acc: 95.360% (9536/10000)                             

Epoch: 192
 [=========================== 391/391 ============================>]  Step: 62ms | Tot: 35s419ms | Loss: 0.002 | Acc: 99.998% (49999/50000)                           
 [=========================== 100/100 ============================>]  Step: 23ms | Tot: 2s298ms | Loss: 0.175 | Acc: 95.370% (9537/10000)                             

Epoch: 193
 [=========================== 391/391 ============================>]  Step: 62ms | Tot: 36s51ms | Loss: 0.002 | Acc: 99.992% (49996/50000)                            
 [=========================== 100/100 ============================>]  Step: 23ms | Tot: 2s356ms | Loss: 0.175 | Acc: 95.270% (9527/10000)                             

Epoch: 194
 [=========================== 391/391 ============================>]  Step: 61ms | Tot: 35s598ms | Loss: 0.002 | Acc: 99.998% (49999/50000)                           
 [=========================== 100/100 ============================>]  Step: 22ms | Tot: 2s249ms | Loss: 0.174 | Acc: 95.400% (9540/10000)                             

Epoch: 195
 [=========================== 391/391 ============================>]  Step: 60ms | Tot: 34s713ms | Loss: 0.002 | Acc: 99.998% (49999/50000)                           
 [=========================== 100/100 ============================>]  Step: 21ms | Tot: 2s224ms | Loss: 0.173 | Acc: 95.350% (9535/10000)                             

Epoch: 196
 [=========================== 391/391 ============================>]  Step: 59ms | Tot: 34s580ms | Loss: 0.002 | Acc: 99.998% (49999/50000)                           
 [=========================== 100/100 ============================>]  Step: 22ms | Tot: 2s221ms | Loss: 0.174 | Acc: 95.360% (9536/10000)                             

Epoch: 197
 [=========================== 391/391 ============================>]  Step: 60ms | Tot: 34s630ms | Loss: 0.002 | Acc: 99.996% (49998/50000)                           
 [=========================== 100/100 ============================>]  Step: 22ms | Tot: 2s229ms | Loss: 0.175 | Acc: 95.320% (9532/10000)                             

Epoch: 198
 [=========================== 391/391 ============================>]  Step: 60ms | Tot: 34s779ms | Loss: 0.002 | Acc: 100.000% (50000/50000)                          
 [=========================== 100/100 ============================>]  Step: 22ms | Tot: 2s242ms | Loss: 0.174 | Acc: 95.370% (9537/10000)                             

Epoch: 199
 [=========================== 391/391 ============================>]  Step: 61ms | Tot: 35s72ms | Loss: 0.002 | Acc: 99.996% (49998/50000)                            
 [=========================== 100/100 ============================>]  Step: 22ms | Tot: 2s264ms | Loss: 0.174 | Acc: 95.440% (9544/10000)     
