Epoch: 0
 [=========================== 391/391 ============================>]  Step: 2s650ms | Tot: 2m52s | Loss: 1.448 | Acc: 47.110% (23555/50000)                           
 [=========================== 100/100 ============================>]  Step: 103ms | Tot: 10s294ms | Loss: 1.793 | Acc: 47.360% (4736/10000)                           
Saving..

Epoch: 1
 [=========================== 391/391 ============================>]  Step: 288ms | Tot: 3m1s | Loss: 0.914 | Acc: 67.544% (33772/50000)                              
 [=========================== 100/100 ============================>]  Step: 105ms | Tot: 10s525ms | Loss: 1.082 | Acc: 62.760% (6276/10000)                           
Saving..

Epoch: 2
 [=========================== 391/391 ============================>]  Step: 289ms | Tot: 3m1s | Loss: 0.714 | Acc: 75.286% (37643/50000)                              
 [=========================== 100/100 ============================>]  Step: 105ms | Tot: 10s527ms | Loss: 1.090 | Acc: 65.240% (6524/10000)                           
Saving..

Epoch: 3
 [=========================== 391/391 ============================>]  Step: 289ms | Tot: 3m1s | Loss: 0.606 | Acc: 78.950% (39475/50000)                              
 [=========================== 100/100 ============================>]  Step: 106ms | Tot: 10s537ms | Loss: 0.703 | Acc: 75.720% (7572/10000)                           
Saving..

Epoch: 4
 [=========================== 391/391 ============================>]  Step: 287ms | Tot: 3m1s | Loss: 0.547 | Acc: 81.098% (40549/50000)                              
 [=========================== 100/100 ============================>]  Step: 105ms | Tot: 10s519ms | Loss: 0.702 | Acc: 75.830% (7583/10000)                           
Saving..

Epoch: 5
 [=========================== 391/391 ============================>]  Step: 286ms | Tot: 3m1s | Loss: 0.513 | Acc: 82.460% (41230/50000)                              
 [=========================== 100/100 ============================>]  Step: 106ms | Tot: 10s536ms | Loss: 0.939 | Acc: 70.310% (7031/10000)                           

Epoch: 6
 [=========================== 391/391 ============================>]  Step: 288ms | Tot: 3m1s | Loss: 0.471 | Acc: 83.856% (41928/50000)                              
 [=========================== 100/100 ============================>]  Step: 107ms | Tot: 10s534ms | Loss: 0.780 | Acc: 74.670% (7467/10000)                           

Epoch: 7
 [=========================== 391/391 ============================>]  Step: 289ms | Tot: 3m1s | Loss: 0.451 | Acc: 84.468% (42234/50000)                              
 [=========================== 100/100 ============================>]  Step: 105ms | Tot: 10s519ms | Loss: 0.827 | Acc: 73.250% (7325/10000)                           

Epoch: 8
 [=========================== 391/391 ============================>]  Step: 289ms | Tot: 3m1s | Loss: 0.437 | Acc: 84.996% (42498/50000)                              
 [=========================== 100/100 ============================>]  Step: 106ms | Tot: 10s527ms | Loss: 0.511 | Acc: 83.130% (8313/10000)                           
Saving..

Epoch: 9
 [=========================== 391/391 ============================>]  Step: 289ms | Tot: 3m1s | Loss: 0.416 | Acc: 85.664% (42832/50000)                              
 [=========================== 100/100 ============================>]  Step: 105ms | Tot: 10s511ms | Loss: 0.737 | Acc: 76.320% (7632/10000)                           

Epoch: 10
 [=========================== 391/391 ============================>]  Step: 287ms | Tot: 3m1s | Loss: 0.405 | Acc: 86.214% (43107/50000)                              
 [=========================== 100/100 ============================>]  Step: 105ms | Tot: 10s524ms | Loss: 1.119 | Acc: 64.620% (6462/10000)                           

Epoch: 11
 [=========================== 391/391 ============================>]  Step: 291ms | Tot: 3m1s | Loss: 0.401 | Acc: 86.244% (43122/50000)                              
 [=========================== 100/100 ============================>]  Step: 106ms | Tot: 10s523ms | Loss: 0.865 | Acc: 73.300% (7330/10000)                           

Epoch: 12
 [=========================== 391/391 ============================>]  Step: 289ms | Tot: 3m1s | Loss: 0.391 | Acc: 86.492% (43246/50000)                              
 [=========================== 100/100 ============================>]  Step: 105ms | Tot: 10s522ms | Loss: 0.971 | Acc: 70.500% (7050/10000)                           

Epoch: 13
 [=========================== 391/391 ============================>]  Step: 290ms | Tot: 3m1s | Loss: 0.386 | Acc: 86.772% (43386/50000)                              
 [=========================== 100/100 ============================>]  Step: 106ms | Tot: 10s509ms | Loss: 0.520 | Acc: 82.760% (8276/10000)                           

Epoch: 14
 [=========================== 391/391 ============================>]  Step: 288ms | Tot: 3m1s | Loss: 0.369 | Acc: 87.240% (43620/50000)                              
 [=========================== 100/100 ============================>]  Step: 106ms | Tot: 10s512ms | Loss: 1.019 | Acc: 69.570% (6957/10000)                           

Epoch: 15
 [=========================== 391/391 ============================>]  Step: 289ms | Tot: 3m1s | Loss: 0.372 | Acc: 87.354% (43677/50000)                              
 [=========================== 100/100 ============================>]  Step: 106ms | Tot: 10s529ms | Loss: 0.671 | Acc: 79.120% (7912/10000)                           

Epoch: 16
 [=========================== 391/391 ============================>]  Step: 287ms | Tot: 3m1s | Loss: 0.359 | Acc: 87.652% (43826/50000)                              
 [=========================== 100/100 ============================>]  Step: 105ms | Tot: 10s522ms | Loss: 1.646 | Acc: 57.710% (5771/10000)                           

Epoch: 17
 [=========================== 391/391 ============================>]  Step: 290ms | Tot: 3m1s | Loss: 0.357 | Acc: 87.634% (43817/50000)                              
 [=========================== 100/100 ============================>]  Step: 105ms | Tot: 10s531ms | Loss: 0.727 | Acc: 77.650% (7765/10000)                           

Epoch: 18
 [=========================== 391/391 ============================>]  Step: 289ms | Tot: 3m1s | Loss: 0.347 | Acc: 88.082% (44041/50000)                              
 [=========================== 100/100 ============================>]  Step: 105ms | Tot: 10s509ms | Loss: 0.509 | Acc: 82.910% (8291/10000)                           

Epoch: 19
 [=========================== 391/391 ============================>]  Step: 290ms | Tot: 3m1s | Loss: 0.343 | Acc: 88.292% (44146/50000)                              
 [=========================== 100/100 ============================>]  Step: 106ms | Tot: 10s532ms | Loss: 0.958 | Acc: 71.700% (7170/10000)                           

Epoch: 20
 [=========================== 391/391 ============================>]  Step: 290ms | Tot: 3m1s | Loss: 0.338 | Acc: 88.338% (44169/50000)                              
 [=========================== 100/100 ============================>]  Step: 106ms | Tot: 10s518ms | Loss: 0.763 | Acc: 76.730% (7673/10000)                           

Epoch: 21
 [=========================== 391/391 ============================>]  Step: 289ms | Tot: 3m1s | Loss: 0.334 | Acc: 88.624% (44312/50000)                              
 [=========================== 100/100 ============================>]  Step: 106ms | Tot: 10s524ms | Loss: 0.597 | Acc: 80.710% (8071/10000)                           

Epoch: 22
 [=========================== 391/391 ============================>]  Step: 288ms | Tot: 3m1s | Loss: 0.328 | Acc: 88.800% (44400/50000)                              
 [=========================== 100/100 ============================>]  Step: 105ms | Tot: 10s528ms | Loss: 1.092 | Acc: 67.830% (6783/10000)                           

Epoch: 23
 [=========================== 391/391 ============================>]  Step: 288ms | Tot: 3m1s | Loss: 0.325 | Acc: 88.722% (44361/50000)                              
 [=========================== 100/100 ============================>]  Step: 104ms | Tot: 10s512ms | Loss: 0.607 | Acc: 81.320% (8132/10000)                           

Epoch: 24
 [=========================== 391/391 ============================>]  Step: 288ms | Tot: 3m1s | Loss: 0.324 | Acc: 88.944% (44472/50000)                              
 [=========================== 100/100 ============================>]  Step: 105ms | Tot: 10s513ms | Loss: 0.502 | Acc: 83.850% (8385/10000)                           
Saving..

Epoch: 25
 [=========================== 391/391 ============================>]  Step: 289ms | Tot: 3m1s | Loss: 0.319 | Acc: 89.048% (44524/50000)                              
 [=========================== 100/100 ============================>]  Step: 105ms | Tot: 10s516ms | Loss: 0.806 | Acc: 75.570% (7557/10000)                           

Epoch: 26
 [=========================== 391/391 ============================>]  Step: 288ms | Tot: 3m1s | Loss: 0.317 | Acc: 89.080% (44540/50000)                              
 [=========================== 100/100 ============================>]  Step: 106ms | Tot: 10s515ms | Loss: 0.652 | Acc: 78.920% (7892/10000)                           

Epoch: 27
 [=========================== 391/391 ============================>]  Step: 289ms | Tot: 3m1s | Loss: 0.318 | Acc: 89.058% (44529/50000)                              
 [=========================== 100/100 ============================>]  Step: 106ms | Tot: 10s525ms | Loss: 0.680 | Acc: 77.690% (7769/10000)                           

Epoch: 28
 [=========================== 391/391 ============================>]  Step: 289ms | Tot: 3m1s | Loss: 0.309 | Acc: 89.384% (44692/50000)                              
 [=========================== 100/100 ============================>]  Step: 105ms | Tot: 10s522ms | Loss: 0.483 | Acc: 84.170% (8417/10000)                           
Saving..

Epoch: 29
 [=========================== 391/391 ============================>]  Step: 290ms | Tot: 3m1s | Loss: 0.309 | Acc: 89.282% (44641/50000)                              
 [=========================== 100/100 ============================>]  Step: 106ms | Tot: 10s519ms | Loss: 0.456 | Acc: 84.980% (8498/10000)                           
Saving..

Epoch: 30
 [=========================== 391/391 ============================>]  Step: 289ms | Tot: 3m1s | Loss: 0.302 | Acc: 89.496% (44748/50000)                              
 [=========================== 100/100 ============================>]  Step: 105ms | Tot: 10s506ms | Loss: 0.545 | Acc: 82.690% (8269/10000)                           

Epoch: 31
 [=========================== 391/391 ============================>]  Step: 289ms | Tot: 3m1s | Loss: 0.305 | Acc: 89.360% (44680/50000)                              
 [=========================== 100/100 ============================>]  Step: 105ms | Tot: 10s509ms | Loss: 0.468 | Acc: 84.520% (8452/10000)                           

Epoch: 32
 [=========================== 391/391 ============================>]  Step: 289ms | Tot: 3m1s | Loss: 0.295 | Acc: 89.750% (44875/50000)                              
 [=========================== 100/100 ============================>]  Step: 104ms | Tot: 10s512ms | Loss: 0.727 | Acc: 77.460% (7746/10000)                           

Epoch: 33
 [=========================== 391/391 ============================>]  Step: 290ms | Tot: 3m1s | Loss: 0.300 | Acc: 89.536% (44768/50000)                              
 [=========================== 100/100 ============================>]  Step: 104ms | Tot: 10s522ms | Loss: 0.450 | Acc: 85.310% (8531/10000)                           
Saving..

Epoch: 34
 [=========================== 391/391 ============================>]  Step: 290ms | Tot: 3m1s | Loss: 0.296 | Acc: 89.890% (44945/50000)                              
 [=========================== 100/100 ============================>]  Step: 105ms | Tot: 10s512ms | Loss: 0.755 | Acc: 77.820% (7782/10000)                           

Epoch: 35
 [=========================== 391/391 ============================>]  Step: 290ms | Tot: 3m1s | Loss: 0.290 | Acc: 90.008% (45004/50000)                              
 [=========================== 100/100 ============================>]  Step: 105ms | Tot: 10s511ms | Loss: 0.568 | Acc: 81.850% (8185/10000)                           

Epoch: 36
 [=========================== 391/391 ============================>]  Step: 288ms | Tot: 3m1s | Loss: 0.288 | Acc: 90.210% (45105/50000)                              
 [=========================== 100/100 ============================>]  Step: 105ms | Tot: 10s514ms | Loss: 0.494 | Acc: 83.680% (8368/10000)                           

Epoch: 37
 [=========================== 391/391 ============================>]  Step: 289ms | Tot: 3m1s | Loss: 0.284 | Acc: 90.214% (45107/50000)                              
 [=========================== 100/100 ============================>]  Step: 106ms | Tot: 10s515ms | Loss: 0.665 | Acc: 79.760% (7976/10000)                           

Epoch: 38
 [=========================== 391/391 ============================>]  Step: 290ms | Tot: 3m1s | Loss: 0.286 | Acc: 90.238% (45119/50000)                              
 [=========================== 100/100 ============================>]  Step: 106ms | Tot: 10s510ms | Loss: 0.588 | Acc: 81.850% (8185/10000)                           

Epoch: 39
 [=========================== 391/391 ============================>]  Step: 287ms | Tot: 3m795ms | Loss: 0.283 | Acc: 90.272% (45136/50000)                           
 [=========================== 100/100 ============================>]  Step: 106ms | Tot: 10s486ms | Loss: 0.519 | Acc: 82.930% (8293/10000)                           

Epoch: 40
 [=========================== 391/391 ============================>]  Step: 287ms | Tot: 3m660ms | Loss: 0.282 | Acc: 90.236% (45118/50000)                           
 [=========================== 100/100 ============================>]  Step: 103ms | Tot: 10s470ms | Loss: 0.553 | Acc: 82.080% (8208/10000)                           

Epoch: 41
 [=========================== 391/391 ============================>]  Step: 287ms | Tot: 3m434ms | Loss: 0.277 | Acc: 90.534% (45267/50000)                           
 [=========================== 100/100 ============================>]  Step: 104ms | Tot: 10s471ms | Loss: 0.579 | Acc: 81.000% (8100/10000)                           

Epoch: 42
 [=========================== 391/391 ============================>]  Step: 287ms | Tot: 3m381ms | Loss: 0.278 | Acc: 90.384% (45192/50000)                           
 [=========================== 100/100 ============================>]  Step: 104ms | Tot: 10s468ms | Loss: 0.913 | Acc: 73.830% (7383/10000)                           

Epoch: 43
 [=========================== 391/391 ============================>]  Step: 288ms | Tot: 3m1s | Loss: 0.279 | Acc: 90.462% (45231/50000)                              
 [=========================== 100/100 ============================>]  Step: 106ms | Tot: 10s520ms | Loss: 0.888 | Acc: 73.190% (7319/10000)                           

Epoch: 44
 [=========================== 391/391 ============================>]  Step: 288ms | Tot: 3m1s | Loss: 0.276 | Acc: 90.384% (45192/50000)                              
 [=========================== 100/100 ============================>]  Step: 106ms | Tot: 10s469ms | Loss: 0.757 | Acc: 78.680% (7868/10000)                           

Epoch: 45
 [=========================== 391/391 ============================>]  Step: 287ms | Tot: 3m501ms | Loss: 0.273 | Acc: 90.630% (45315/50000)                           
 [=========================== 100/100 ============================>]  Step: 107ms | Tot: 10s474ms | Loss: 0.575 | Acc: 80.750% (8075/10000)                           

Epoch: 46
 [=========================== 391/391 ============================>]  Step: 286ms | Tot: 3m897ms | Loss: 0.267 | Acc: 90.762% (45381/50000)                           
 [=========================== 100/100 ============================>]  Step: 106ms | Tot: 10s480ms | Loss: 0.689 | Acc: 78.430% (7843/10000)                           

Epoch: 47
 [=========================== 391/391 ============================>]  Step: 287ms | Tot: 3m437ms | Loss: 0.266 | Acc: 90.848% (45424/50000)                           
 [=========================== 100/100 ============================>]  Step: 104ms | Tot: 10s473ms | Loss: 0.771 | Acc: 76.450% (7645/10000)                           

Epoch: 48
 [=========================== 391/391 ============================>]  Step: 288ms | Tot: 3m355ms | Loss: 0.264 | Acc: 90.952% (45476/50000)                           
 [=========================== 100/100 ============================>]  Step: 106ms | Tot: 10s479ms | Loss: 0.557 | Acc: 82.450% (8245/10000)                           

Epoch: 49
 [=========================== 391/391 ============================>]  Step: 290ms | Tot: 3m513ms | Loss: 0.272 | Acc: 90.490% (45245/50000)                           
 [=========================== 100/100 ============================>]  Step: 106ms | Tot: 10s483ms | Loss: 0.579 | Acc: 81.180% (8118/10000)                           

Epoch: 50
 [=========================== 391/391 ============================>]  Step: 288ms | Tot: 3m488ms | Loss: 0.264 | Acc: 90.908% (45454/50000)                           
 [=========================== 100/100 ============================>]  Step: 105ms | Tot: 10s499ms | Loss: 0.440 | Acc: 85.380% (8538/10000)                           
Saving..

Epoch: 51
 [=========================== 391/391 ============================>]  Step: 288ms | Tot: 3m600ms | Loss: 0.260 | Acc: 91.050% (45525/50000)                           
 [=========================== 100/100 ============================>]  Step: 105ms | Tot: 10s483ms | Loss: 0.468 | Acc: 84.880% (8488/10000)                           

Epoch: 52
 [=========================== 391/391 ============================>]  Step: 287ms | Tot: 3m469ms | Loss: 0.256 | Acc: 91.196% (45598/50000)                           
 [=========================== 100/100 ============================>]  Step: 105ms | Tot: 10s478ms | Loss: 0.533 | Acc: 82.940% (8294/10000)                           

Epoch: 53
 [=========================== 391/391 ============================>]  Step: 288ms | Tot: 3m638ms | Loss: 0.258 | Acc: 91.164% (45582/50000)                           
 [=========================== 100/100 ============================>]  Step: 103ms | Tot: 10s483ms | Loss: 0.487 | Acc: 83.680% (8368/10000)                           

Epoch: 54
 [=========================== 391/391 ============================>]  Step: 289ms | Tot: 3m1s | Loss: 0.256 | Acc: 91.086% (45543/50000)                              
 [=========================== 100/100 ============================>]  Step: 104ms | Tot: 10s481ms | Loss: 0.564 | Acc: 81.330% (8133/10000)                           

Epoch: 55
 [=========================== 391/391 ============================>]  Step: 286ms | Tot: 3m982ms | Loss: 0.254 | Acc: 91.128% (45564/50000)                           
 [=========================== 100/100 ============================>]  Step: 105ms | Tot: 10s508ms | Loss: 0.448 | Acc: 84.960% (8496/10000)                           

Epoch: 56
 [=========================== 391/391 ============================>]  Step: 287ms | Tot: 3m976ms | Loss: 0.250 | Acc: 91.410% (45705/50000)                           
 [=========================== 100/100 ============================>]  Step: 107ms | Tot: 10s494ms | Loss: 0.537 | Acc: 81.830% (8183/10000)                           

Epoch: 57
 [=========================== 391/391 ============================>]  Step: 289ms | Tot: 3m1s | Loss: 0.252 | Acc: 91.314% (45657/50000)                              
 [=========================== 100/100 ============================>]  Step: 105ms | Tot: 10s508ms | Loss: 0.473 | Acc: 84.120% (8412/10000)                           

Epoch: 58
 [=========================== 391/391 ============================>]  Step: 288ms | Tot: 3m1s | Loss: 0.247 | Acc: 91.558% (45779/50000)                              
 [=========================== 100/100 ============================>]  Step: 105ms | Tot: 10s500ms | Loss: 0.393 | Acc: 87.140% (8714/10000)                           
Saving..

Epoch: 59
 [=========================== 391/391 ============================>]  Step: 289ms | Tot: 3m1s | Loss: 0.250 | Acc: 91.380% (45690/50000)                              
 [=========================== 100/100 ============================>]  Step: 106ms | Tot: 10s502ms | Loss: 0.405 | Acc: 86.510% (8651/10000)                           

Epoch: 60
 [=========================== 391/391 ============================>]  Step: 287ms | Tot: 3m981ms | Loss: 0.244 | Acc: 91.584% (45792/50000)                           
 [=========================== 100/100 ============================>]  Step: 106ms | Tot: 10s506ms | Loss: 0.620 | Acc: 81.270% (8127/10000)                           

Epoch: 61
 [=========================== 391/391 ============================>]  Step: 288ms | Tot: 3m522ms | Loss: 0.240 | Acc: 91.700% (45850/50000)                           
 [=========================== 100/100 ============================>]  Step: 105ms | Tot: 10s476ms | Loss: 0.489 | Acc: 83.910% (8391/10000)                           

Epoch: 62
 [=========================== 391/391 ============================>]  Step: 287ms | Tot: 3m998ms | Loss: 0.238 | Acc: 91.880% (45940/50000)                           
 [=========================== 100/100 ============================>]  Step: 106ms | Tot: 10s501ms | Loss: 0.433 | Acc: 85.750% (8575/10000)                           

Epoch: 63
 [=========================== 391/391 ============================>]  Step: 290ms | Tot: 3m1s | Loss: 0.237 | Acc: 91.742% (45871/50000)                              
 [=========================== 100/100 ============================>]  Step: 104ms | Tot: 10s506ms | Loss: 0.650 | Acc: 80.720% (8072/10000)                           

Epoch: 64
 [=========================== 391/391 ============================>]  Step: 288ms | Tot: 3m746ms | Loss: 0.235 | Acc: 91.946% (45973/50000)                           
 [=========================== 100/100 ============================>]  Step: 104ms | Tot: 10s470ms | Loss: 0.450 | Acc: 85.350% (8535/10000)                           

Epoch: 65
 [=========================== 391/391 ============================>]  Step: 287ms | Tot: 3m387ms | Loss: 0.231 | Acc: 92.024% (46012/50000)                           
 [=========================== 100/100 ============================>]  Step: 103ms | Tot: 10s471ms | Loss: 0.474 | Acc: 84.760% (8476/10000)                           

Epoch: 66
 [=========================== 391/391 ============================>]  Step: 287ms | Tot: 3m888ms | Loss: 0.231 | Acc: 92.008% (46004/50000)                           
 [=========================== 100/100 ============================>]  Step: 104ms | Tot: 10s509ms | Loss: 1.223 | Acc: 68.930% (6893/10000)                           

Epoch: 67
 [=========================== 391/391 ============================>]  Step: 289ms | Tot: 3m1s | Loss: 0.232 | Acc: 92.108% (46054/50000)                              
 [=========================== 100/100 ============================>]  Step: 104ms | Tot: 10s513ms | Loss: 0.464 | Acc: 85.060% (8506/10000)                           

Epoch: 68
 [=========================== 391/391 ============================>]  Step: 290ms | Tot: 3m1s | Loss: 0.229 | Acc: 92.054% (46027/50000)                              
 [=========================== 100/100 ============================>]  Step: 105ms | Tot: 10s502ms | Loss: 0.601 | Acc: 81.630% (8163/10000)                           

Epoch: 69
 [=========================== 391/391 ============================>]  Step: 289ms | Tot: 3m1s | Loss: 0.225 | Acc: 92.246% (46123/50000)                              
 [=========================== 100/100 ============================>]  Step: 105ms | Tot: 10s509ms | Loss: 0.603 | Acc: 81.940% (8194/10000)                           

Epoch: 70
 [=========================== 391/391 ============================>]  Step: 289ms | Tot: 3m1s | Loss: 0.223 | Acc: 92.280% (46140/50000)                              
 [=========================== 100/100 ============================>]  Step: 105ms | Tot: 10s496ms | Loss: 0.424 | Acc: 86.350% (8635/10000)                           

Epoch: 71
 [=========================== 391/391 ============================>]  Step: 288ms | Tot: 3m1s | Loss: 0.218 | Acc: 92.456% (46228/50000)                              
 [=========================== 100/100 ============================>]  Step: 104ms | Tot: 10s500ms | Loss: 0.423 | Acc: 86.790% (8679/10000)                           

Epoch: 72
 [=========================== 391/391 ============================>]  Step: 288ms | Tot: 3m1s | Loss: 0.220 | Acc: 92.318% (46159/50000)                              
 [=========================== 100/100 ============================>]  Step: 104ms | Tot: 10s503ms | Loss: 0.452 | Acc: 85.970% (8597/10000)                           

Epoch: 73
 [=========================== 391/391 ============================>]  Step: 285ms | Tot: 3m1s | Loss: 0.217 | Acc: 92.512% (46256/50000)                              
 [=========================== 100/100 ============================>]  Step: 105ms | Tot: 10s496ms | Loss: 0.464 | Acc: 85.620% (8562/10000)                           

Epoch: 74
 [=========================== 391/391 ============================>]  Step: 287ms | Tot: 3m1s | Loss: 0.215 | Acc: 92.592% (46296/50000)                              
 [=========================== 100/100 ============================>]  Step: 105ms | Tot: 10s497ms | Loss: 0.436 | Acc: 86.060% (8606/10000)                           

Epoch: 75
 [=========================== 391/391 ============================>]  Step: 288ms | Tot: 3m517ms | Loss: 0.212 | Acc: 92.844% (46422/50000)                           
 [=========================== 100/100 ============================>]  Step: 103ms | Tot: 10s484ms | Loss: 0.370 | Acc: 87.920% (8792/10000)                           
Saving..

Epoch: 76
 [=========================== 391/391 ============================>]  Step: 290ms | Tot: 3m628ms | Loss: 0.210 | Acc: 92.788% (46394/50000)                           
 [=========================== 100/100 ============================>]  Step: 104ms | Tot: 10s494ms | Loss: 0.448 | Acc: 85.550% (8555/10000)                           

Epoch: 77
 [=========================== 391/391 ============================>]  Step: 288ms | Tot: 3m1s | Loss: 0.208 | Acc: 92.828% (46414/50000)                              
 [=========================== 100/100 ============================>]  Step: 105ms | Tot: 10s504ms | Loss: 0.616 | Acc: 81.400% (8140/10000)                           

Epoch: 78
 [=========================== 391/391 ============================>]  Step: 287ms | Tot: 3m914ms | Loss: 0.210 | Acc: 92.752% (46376/50000)                           
 [=========================== 100/100 ============================>]  Step: 106ms | Tot: 10s476ms | Loss: 0.512 | Acc: 84.070% (8407/10000)                           

Epoch: 79
 [=========================== 391/391 ============================>]  Step: 285ms | Tot: 3m370ms | Loss: 0.206 | Acc: 92.798% (46399/50000)                           
 [=========================== 100/100 ============================>]  Step: 104ms | Tot: 10s472ms | Loss: 0.401 | Acc: 87.090% (8709/10000)                           

Epoch: 80
 [=========================== 391/391 ============================>]  Step: 287ms | Tot: 3m626ms | Loss: 0.202 | Acc: 93.166% (46583/50000)                           
 [=========================== 100/100 ============================>]  Step: 107ms | Tot: 10s476ms | Loss: 0.400 | Acc: 86.980% (8698/10000)                           

Epoch: 81
 [=========================== 391/391 ============================>]  Step: 289ms | Tot: 3m755ms | Loss: 0.203 | Acc: 93.138% (46569/50000)                           
 [=========================== 100/100 ============================>]  Step: 105ms | Tot: 10s493ms | Loss: 0.422 | Acc: 86.410% (8641/10000)                           

Epoch: 82
 [=========================== 391/391 ============================>]  Step: 289ms | Tot: 3m439ms | Loss: 0.194 | Acc: 93.286% (46643/50000)                           
 [=========================== 100/100 ============================>]  Step: 106ms | Tot: 10s460ms | Loss: 0.515 | Acc: 84.090% (8409/10000)                           

Epoch: 83
 [=========================== 391/391 ============================>]  Step: 289ms | Tot: 3m768ms | Loss: 0.194 | Acc: 93.272% (46636/50000)                           
 [=========================== 100/100 ============================>]  Step: 106ms | Tot: 10s516ms | Loss: 0.362 | Acc: 88.060% (8806/10000)                           
Saving..

Epoch: 84
 [=========================== 391/391 ============================>]  Step: 289ms | Tot: 3m1s | Loss: 0.193 | Acc: 93.360% (46680/50000)                              
 [=========================== 100/100 ============================>]  Step: 105ms | Tot: 10s514ms | Loss: 0.352 | Acc: 88.560% (8856/10000)                           
Saving..

Epoch: 85
 [=========================== 391/391 ============================>]  Step: 287ms | Tot: 3m1s | Loss: 0.194 | Acc: 93.266% (46633/50000)                              
 [=========================== 100/100 ============================>]  Step: 104ms | Tot: 10s515ms | Loss: 0.508 | Acc: 84.100% (8410/10000)                           

Epoch: 86
 [=========================== 391/391 ============================>]  Step: 291ms | Tot: 3m1s | Loss: 0.188 | Acc: 93.572% (46786/50000)                              
 [=========================== 100/100 ============================>]  Step: 105ms | Tot: 10s505ms | Loss: 0.484 | Acc: 85.080% (8508/10000)                           

Epoch: 87
 [=========================== 391/391 ============================>]  Step: 290ms | Tot: 3m1s | Loss: 0.182 | Acc: 93.688% (46844/50000)                              
 [=========================== 100/100 ============================>]  Step: 105ms | Tot: 10s519ms | Loss: 0.611 | Acc: 82.630% (8263/10000)                           

Epoch: 88
 [=========================== 391/391 ============================>]  Step: 290ms | Tot: 3m1s | Loss: 0.183 | Acc: 93.808% (46904/50000)                              
 [=========================== 100/100 ============================>]  Step: 106ms | Tot: 10s516ms | Loss: 0.405 | Acc: 86.740% (8674/10000)                           

Epoch: 89
 [=========================== 391/391 ============================>]  Step: 288ms | Tot: 3m1s | Loss: 0.182 | Acc: 93.730% (46865/50000)                              
 [=========================== 100/100 ============================>]  Step: 106ms | Tot: 10s517ms | Loss: 0.426 | Acc: 86.790% (8679/10000)                           

Epoch: 90
 [=========================== 391/391 ============================>]  Step: 289ms | Tot: 3m1s | Loss: 0.180 | Acc: 93.794% (46897/50000)                              
 [=========================== 100/100 ============================>]  Step: 105ms | Tot: 10s504ms | Loss: 0.393 | Acc: 87.780% (8778/10000)                           

Epoch: 91
 [=========================== 391/391 ============================>]  Step: 291ms | Tot: 3m1s | Loss: 0.175 | Acc: 93.902% (46951/50000)                              
 [=========================== 100/100 ============================>]  Step: 104ms | Tot: 10s513ms | Loss: 0.476 | Acc: 85.370% (8537/10000)                           

Epoch: 92
 [=========================== 391/391 ============================>]  Step: 288ms | Tot: 3m1s | Loss: 0.172 | Acc: 94.180% (47090/50000)                              
 [=========================== 100/100 ============================>]  Step: 106ms | Tot: 10s502ms | Loss: 0.428 | Acc: 86.340% (8634/10000)                           

Epoch: 93
 [=========================== 391/391 ============================>]  Step: 287ms | Tot: 3m1s | Loss: 0.169 | Acc: 94.162% (47081/50000)                              
 [=========================== 100/100 ============================>]  Step: 104ms | Tot: 10s482ms | Loss: 0.451 | Acc: 86.170% (8617/10000)                           

Epoch: 94
 [=========================== 391/391 ============================>]  Step: 289ms | Tot: 3m1s | Loss: 0.174 | Acc: 93.968% (46984/50000)                              
 [=========================== 100/100 ============================>]  Step: 106ms | Tot: 10s498ms | Loss: 0.375 | Acc: 88.340% (8834/10000)                           

Epoch: 95
 [=========================== 391/391 ============================>]  Step: 289ms | Tot: 3m1s | Loss: 0.167 | Acc: 94.292% (47146/50000)                              
 [=========================== 100/100 ============================>]  Step: 106ms | Tot: 10s510ms | Loss: 0.492 | Acc: 85.490% (8549/10000)                           

Epoch: 96
 [=========================== 391/391 ============================>]  Step: 288ms | Tot: 3m1s | Loss: 0.158 | Acc: 94.588% (47294/50000)                              
 [=========================== 100/100 ============================>]  Step: 105ms | Tot: 10s497ms | Loss: 0.480 | Acc: 85.390% (8539/10000)                           

Epoch: 97
 [=========================== 391/391 ============================>]  Step: 288ms | Tot: 3m1s | Loss: 0.156 | Acc: 94.690% (47345/50000)                              
 [=========================== 100/100 ============================>]  Step: 106ms | Tot: 10s510ms | Loss: 0.375 | Acc: 87.840% (8784/10000)                           

Epoch: 98
 [=========================== 391/391 ============================>]  Step: 286ms | Tot: 3m1s | Loss: 0.160 | Acc: 94.464% (47232/50000)                              
 [=========================== 100/100 ============================>]  Step: 105ms | Tot: 10s499ms | Loss: 0.378 | Acc: 88.520% (8852/10000)                           

Epoch: 99
 [=========================== 391/391 ============================>]  Step: 287ms | Tot: 3m1s | Loss: 0.160 | Acc: 94.478% (47239/50000)                              
 [=========================== 100/100 ============================>]  Step: 106ms | Tot: 10s507ms | Loss: 0.460 | Acc: 85.390% (8539/10000)                           

Epoch: 100
 [=========================== 391/391 ============================>]  Step: 288ms | Tot: 3m968ms | Loss: 0.153 | Acc: 94.760% (47380/50000)                           
 [=========================== 100/100 ============================>]  Step: 106ms | Tot: 10s486ms | Loss: 0.421 | Acc: 86.870% (8687/10000)                           

Epoch: 101
 [=========================== 391/391 ============================>]  Step: 289ms | Tot: 3m696ms | Loss: 0.147 | Acc: 94.940% (47470/50000)                           
 [=========================== 100/100 ============================>]  Step: 106ms | Tot: 10s506ms | Loss: 0.473 | Acc: 85.570% (8557/10000)                           

Epoch: 102
 [=========================== 391/391 ============================>]  Step: 287ms | Tot: 3m1s | Loss: 0.151 | Acc: 94.752% (47376/50000)                              
 [=========================== 100/100 ============================>]  Step: 104ms | Tot: 10s497ms | Loss: 0.665 | Acc: 81.280% (8128/10000)                           

Epoch: 103
 [=========================== 391/391 ============================>]  Step: 289ms | Tot: 3m1s | Loss: 0.151 | Acc: 94.662% (47331/50000)                              
 [=========================== 100/100 ============================>]  Step: 104ms | Tot: 10s515ms | Loss: 0.372 | Acc: 88.280% (8828/10000)                           

Epoch: 104
 [=========================== 391/391 ============================>]  Step: 289ms | Tot: 3m1s | Loss: 0.141 | Acc: 95.018% (47509/50000)                              
 [=========================== 100/100 ============================>]  Step: 104ms | Tot: 10s494ms | Loss: 0.361 | Acc: 89.290% (8929/10000)                           
Saving..

Epoch: 105
 [=========================== 391/391 ============================>]  Step: 288ms | Tot: 3m1s | Loss: 0.137 | Acc: 95.272% (47636/50000)                              
 [=========================== 100/100 ============================>]  Step: 106ms | Tot: 10s501ms | Loss: 0.368 | Acc: 88.640% (8864/10000)                           

Epoch: 106
 [=========================== 391/391 ============================>]  Step: 288ms | Tot: 3m1s | Loss: 0.143 | Acc: 95.072% (47536/50000)                              
 [=========================== 100/100 ============================>]  Step: 105ms | Tot: 10s509ms | Loss: 0.373 | Acc: 88.100% (8810/10000)                           

Epoch: 107
 [=========================== 391/391 ============================>]  Step: 288ms | Tot: 3m1s | Loss: 0.139 | Acc: 95.242% (47621/50000)                              
 [=========================== 100/100 ============================>]  Step: 105ms | Tot: 10s513ms | Loss: 0.398 | Acc: 87.660% (8766/10000)                           

Epoch: 108
 [=========================== 391/391 ============================>]  Step: 288ms | Tot: 3m1s | Loss: 0.128 | Acc: 95.586% (47793/50000)                              
 [=========================== 100/100 ============================>]  Step: 104ms | Tot: 10s506ms | Loss: 0.349 | Acc: 89.370% (8937/10000)                           
Saving..

Epoch: 109
 [=========================== 391/391 ============================>]  Step: 290ms | Tot: 3m1s | Loss: 0.129 | Acc: 95.572% (47786/50000)                              
 [=========================== 100/100 ============================>]  Step: 104ms | Tot: 10s501ms | Loss: 0.500 | Acc: 85.130% (8513/10000)                           

Epoch: 110
 [=========================== 391/391 ============================>]  Step: 288ms | Tot: 3m1s | Loss: 0.122 | Acc: 95.826% (47913/50000)                              
 [=========================== 100/100 ============================>]  Step: 105ms | Tot: 10s503ms | Loss: 0.349 | Acc: 89.440% (8944/10000)                           
Saving..

Epoch: 111
 [=========================== 391/391 ============================>]  Step: 287ms | Tot: 3m747ms | Loss: 0.125 | Acc: 95.742% (47871/50000)                           
 [=========================== 100/100 ============================>]  Step: 106ms | Tot: 10s486ms | Loss: 0.395 | Acc: 88.270% (8827/10000)                           

Epoch: 112
 [=========================== 391/391 ============================>]  Step: 288ms | Tot: 3m900ms | Loss: 0.118 | Acc: 96.056% (48028/50000)                           
 [=========================== 100/100 ============================>]  Step: 107ms | Tot: 10s488ms | Loss: 0.385 | Acc: 88.230% (8823/10000)                           

Epoch: 113
 [=========================== 391/391 ============================>]  Step: 289ms | Tot: 3m978ms | Loss: 0.122 | Acc: 95.840% (47920/50000)                           
 [=========================== 100/100 ============================>]  Step: 106ms | Tot: 10s503ms | Loss: 0.402 | Acc: 87.660% (8766/10000)                           

Epoch: 114
 [=========================== 391/391 ============================>]  Step: 289ms | Tot: 3m1s | Loss: 0.114 | Acc: 96.148% (48074/50000)                              
 [=========================== 100/100 ============================>]  Step: 107ms | Tot: 10s507ms | Loss: 0.522 | Acc: 85.180% (8518/10000)                           

Epoch: 115
 [=========================== 391/391 ============================>]  Step: 289ms | Tot: 3m1s | Loss: 0.117 | Acc: 95.998% (47999/50000)                              
 [=========================== 100/100 ============================>]  Step: 105ms | Tot: 10s492ms | Loss: 0.442 | Acc: 86.880% (8688/10000)                           

Epoch: 116
 [=========================== 391/391 ============================>]  Step: 288ms | Tot: 3m1s | Loss: 0.105 | Acc: 96.384% (48192/50000)                              
 [=========================== 100/100 ============================>]  Step: 105ms | Tot: 10s511ms | Loss: 0.431 | Acc: 87.660% (8766/10000)                           

Epoch: 117
 [=========================== 391/391 ============================>]  Step: 288ms | Tot: 3m1s | Loss: 0.109 | Acc: 96.234% (48117/50000)                              
 [=========================== 100/100 ============================>]  Step: 105ms | Tot: 10s514ms | Loss: 0.364 | Acc: 88.700% (8870/10000)                           

Epoch: 118
 [=========================== 391/391 ============================>]  Step: 289ms | Tot: 3m1s | Loss: 0.110 | Acc: 96.316% (48158/50000)                              
 [=========================== 100/100 ============================>]  Step: 106ms | Tot: 10s499ms | Loss: 0.360 | Acc: 88.880% (8888/10000)                           

Epoch: 119
 [=========================== 391/391 ============================>]  Step: 287ms | Tot: 3m1s | Loss: 0.103 | Acc: 96.480% (48240/50000)                              
 [=========================== 100/100 ============================>]  Step: 104ms | Tot: 10s512ms | Loss: 0.300 | Acc: 90.420% (9042/10000)                           
Saving..

Epoch: 120
 [=========================== 391/391 ============================>]  Step: 289ms | Tot: 3m1s | Loss: 0.105 | Acc: 96.412% (48206/50000)                              
 [=========================== 100/100 ============================>]  Step: 106ms | Tot: 10s512ms | Loss: 0.319 | Acc: 90.240% (9024/10000)                           

Epoch: 121
 [=========================== 391/391 ============================>]  Step: 289ms | Tot: 3m1s | Loss: 0.093 | Acc: 96.888% (48444/50000)                              
 [=========================== 100/100 ============================>]  Step: 104ms | Tot: 10s508ms | Loss: 0.376 | Acc: 88.860% (8886/10000)                           

Epoch: 122
 [=========================== 391/391 ============================>]  Step: 286ms | Tot: 3m1s | Loss: 0.099 | Acc: 96.722% (48361/50000)                              
 [=========================== 100/100 ============================>]  Step: 106ms | Tot: 10s500ms | Loss: 0.324 | Acc: 89.750% (8975/10000)                           

Epoch: 123
 [=========================== 391/391 ============================>]  Step: 288ms | Tot: 3m729ms | Loss: 0.087 | Acc: 97.142% (48571/50000)                           
 [=========================== 100/100 ============================>]  Step: 106ms | Tot: 10s467ms | Loss: 0.376 | Acc: 89.140% (8914/10000)                           

Epoch: 124
 [=========================== 391/391 ============================>]  Step: 287ms | Tot: 3m532ms | Loss: 0.085 | Acc: 97.168% (48584/50000)                           
 [=========================== 100/100 ============================>]  Step: 103ms | Tot: 10s475ms | Loss: 0.545 | Acc: 86.200% (8620/10000)                           

Epoch: 125
 [=========================== 391/391 ============================>]  Step: 289ms | Tot: 3m264ms | Loss: 0.095 | Acc: 96.778% (48389/50000)                           
 [=========================== 100/100 ============================>]  Step: 107ms | Tot: 10s479ms | Loss: 0.388 | Acc: 88.340% (8834/10000)                           

Epoch: 126
 [=========================== 391/391 ============================>]  Step: 287ms | Tot: 3m361ms | Loss: 0.079 | Acc: 97.368% (48684/50000)                           
 [=========================== 100/100 ============================>]  Step: 103ms | Tot: 10s468ms | Loss: 0.380 | Acc: 88.800% (8880/10000)                           

Epoch: 127
 [=========================== 391/391 ============================>]  Step: 289ms | Tot: 3m318ms | Loss: 0.083 | Acc: 97.226% (48613/50000)                           
 [=========================== 100/100 ============================>]  Step: 104ms | Tot: 10s488ms | Loss: 0.422 | Acc: 87.720% (8772/10000)                           

Epoch: 128
 [=========================== 391/391 ============================>]  Step: 289ms | Tot: 3m802ms | Loss: 0.077 | Acc: 97.380% (48690/50000)                           
 [=========================== 100/100 ============================>]  Step: 104ms | Tot: 10s493ms | Loss: 0.343 | Acc: 90.100% (9010/10000)                           

Epoch: 129
 [=========================== 391/391 ============================>]  Step: 287ms | Tot: 3m630ms | Loss: 0.076 | Acc: 97.424% (48712/50000)                           
 [=========================== 100/100 ============================>]  Step: 106ms | Tot: 10s475ms | Loss: 0.397 | Acc: 88.660% (8866/10000)                           

Epoch: 130
 [=========================== 391/391 ============================>]  Step: 288ms | Tot: 3m163ms | Loss: 0.070 | Acc: 97.812% (48906/50000)                           
 [=========================== 100/100 ============================>]  Step: 104ms | Tot: 10s464ms | Loss: 0.435 | Acc: 87.520% (8752/10000)                           

Epoch: 131
 [=========================== 391/391 ============================>]  Step: 289ms | Tot: 3m631ms | Loss: 0.065 | Acc: 97.916% (48958/50000)                           
 [=========================== 100/100 ============================>]  Step: 104ms | Tot: 10s513ms | Loss: 0.275 | Acc: 91.620% (9162/10000)                           
Saving..

Epoch: 132
 [=========================== 391/391 ============================>]  Step: 289ms | Tot: 3m1s | Loss: 0.065 | Acc: 97.852% (48926/50000)                              
 [=========================== 100/100 ============================>]  Step: 106ms | Tot: 10s516ms | Loss: 0.356 | Acc: 89.410% (8941/10000)                           

Epoch: 133
 [=========================== 391/391 ============================>]  Step: 288ms | Tot: 3m1s | Loss: 0.061 | Acc: 97.998% (48999/50000)                              
 [=========================== 100/100 ============================>]  Step: 105ms | Tot: 10s502ms | Loss: 0.478 | Acc: 87.060% (8706/10000)                           

Epoch: 134
 [=========================== 391/391 ============================>]  Step: 288ms | Tot: 3m739ms | Loss: 0.066 | Acc: 97.864% (48932/50000)                           
 [=========================== 100/100 ============================>]  Step: 104ms | Tot: 10s489ms | Loss: 0.350 | Acc: 89.500% (8950/10000)                           

Epoch: 135
 [=========================== 391/391 ============================>]  Step: 289ms | Tot: 3m1s | Loss: 0.061 | Acc: 98.030% (49015/50000)                              
 [=========================== 100/100 ============================>]  Step: 106ms | Tot: 10s502ms | Loss: 0.299 | Acc: 91.430% (9143/10000)                           

Epoch: 136
 [=========================== 391/391 ============================>]  Step: 286ms | Tot: 3m768ms | Loss: 0.056 | Acc: 98.214% (49107/50000)                           
 [=========================== 100/100 ============================>]  Step: 104ms | Tot: 10s485ms | Loss: 0.260 | Acc: 92.510% (9251/10000)                           
Saving..

Epoch: 137
 [=========================== 391/391 ============================>]  Step: 286ms | Tot: 3m667ms | Loss: 0.048 | Acc: 98.494% (49247/50000)                           
 [=========================== 100/100 ============================>]  Step: 105ms | Tot: 10s489ms | Loss: 0.384 | Acc: 89.320% (8932/10000)                           

Epoch: 138
 [=========================== 391/391 ============================>]  Step: 288ms | Tot: 3m626ms | Loss: 0.048 | Acc: 98.472% (49236/50000)                           
 [=========================== 100/100 ============================>]  Step: 103ms | Tot: 10s510ms | Loss: 0.289 | Acc: 91.290% (9129/10000)                           

Epoch: 139
 [=========================== 391/391 ============================>]  Step: 290ms | Tot: 3m470ms | Loss: 0.049 | Acc: 98.450% (49225/50000)                           
 [=========================== 100/100 ============================>]  Step: 105ms | Tot: 10s512ms | Loss: 0.315 | Acc: 91.320% (9132/10000)                           

Epoch: 140
 [=========================== 391/391 ============================>]  Step: 287ms | Tot: 3m849ms | Loss: 0.049 | Acc: 98.488% (49244/50000)                           
 [=========================== 100/100 ============================>]  Step: 106ms | Tot: 10s492ms | Loss: 0.277 | Acc: 91.520% (9152/10000)                           

Epoch: 141
 [=========================== 391/391 ============================>]  Step: 287ms | Tot: 3m838ms | Loss: 0.042 | Acc: 98.714% (49357/50000)                           
 [=========================== 100/100 ============================>]  Step: 106ms | Tot: 10s489ms | Loss: 0.329 | Acc: 90.790% (9079/10000)                           

Epoch: 142
 [=========================== 391/391 ============================>]  Step: 289ms | Tot: 3m1s | Loss: 0.040 | Acc: 98.788% (49394/50000)                              
 [=========================== 100/100 ============================>]  Step: 106ms | Tot: 10s493ms | Loss: 0.294 | Acc: 91.700% (9170/10000)                           

Epoch: 143
 [=========================== 391/391 ============================>]  Step: 290ms | Tot: 3m1s | Loss: 0.037 | Acc: 98.894% (49447/50000)                              
 [=========================== 100/100 ============================>]  Step: 106ms | Tot: 10s500ms | Loss: 0.330 | Acc: 90.500% (9050/10000)                           

Epoch: 144
 [=========================== 391/391 ============================>]  Step: 288ms | Tot: 3m1s | Loss: 0.034 | Acc: 98.978% (49489/50000)                              
 [=========================== 100/100 ============================>]  Step: 105ms | Tot: 10s499ms | Loss: 0.263 | Acc: 92.680% (9268/10000)                           
Saving..

Epoch: 145
 [=========================== 391/391 ============================>]  Step: 288ms | Tot: 3m1s | Loss: 0.034 | Acc: 98.990% (49495/50000)                              
 [=========================== 100/100 ============================>]  Step: 105ms | Tot: 10s516ms | Loss: 0.301 | Acc: 91.380% (9138/10000)                           

Epoch: 146
 [=========================== 391/391 ============================>]  Step: 288ms | Tot: 3m1s | Loss: 0.030 | Acc: 99.150% (49575/50000)                              
 [=========================== 100/100 ============================>]  Step: 104ms | Tot: 10s500ms | Loss: 0.283 | Acc: 92.310% (9231/10000)                           

Epoch: 147
 [=========================== 391/391 ============================>]  Step: 288ms | Tot: 3m1s | Loss: 0.027 | Acc: 99.258% (49629/50000)                              
 [=========================== 100/100 ============================>]  Step: 104ms | Tot: 10s501ms | Loss: 0.326 | Acc: 91.320% (9132/10000)                           

Epoch: 148
 [=========================== 391/391 ============================>]  Step: 287ms | Tot: 3m1s | Loss: 0.026 | Acc: 99.294% (49647/50000)                              
 [=========================== 100/100 ============================>]  Step: 105ms | Tot: 10s516ms | Loss: 0.328 | Acc: 91.090% (9109/10000)                           

Epoch: 149
 [=========================== 391/391 ============================>]  Step: 290ms | Tot: 3m1s | Loss: 0.023 | Acc: 99.388% (49694/50000)                              
 [=========================== 100/100 ============================>]  Step: 106ms | Tot: 10s510ms | Loss: 0.245 | Acc: 93.180% (9318/10000)                           
Saving..

Epoch: 150
 [=========================== 391/391 ============================>]  Step: 289ms | Tot: 3m1s | Loss: 0.018 | Acc: 99.544% (49772/50000)                              
 [=========================== 100/100 ============================>]  Step: 104ms | Tot: 10s513ms | Loss: 0.270 | Acc: 92.720% (9272/10000)                           

Epoch: 151
 [=========================== 391/391 ============================>]  Step: 291ms | Tot: 3m1s | Loss: 0.018 | Acc: 99.554% (49777/50000)                              
 [=========================== 100/100 ============================>]  Step: 106ms | Tot: 10s544ms | Loss: 0.215 | Acc: 93.900% (9390/10000)                           
Saving..

Epoch: 152
 [=========================== 391/391 ============================>]  Step: 288ms | Tot: 3m1s | Loss: 0.014 | Acc: 99.680% (49840/50000)                              
 [=========================== 100/100 ============================>]  Step: 105ms | Tot: 10s492ms | Loss: 0.230 | Acc: 93.440% (9344/10000)                           

Epoch: 153
 [=========================== 391/391 ============================>]  Step: 288ms | Tot: 3m1s | Loss: 0.011 | Acc: 99.780% (49890/50000)                              
 [=========================== 100/100 ============================>]  Step: 105ms | Tot: 10s509ms | Loss: 0.235 | Acc: 93.400% (9340/10000)                           

Epoch: 154
 [=========================== 391/391 ============================>]  Step: 288ms | Tot: 3m1s | Loss: 0.012 | Acc: 99.788% (49894/50000)                              
 [=========================== 100/100 ============================>]  Step: 106ms | Tot: 10s489ms | Loss: 0.226 | Acc: 93.640% (9364/10000)                           

Epoch: 155
 [=========================== 391/391 ============================>]  Step: 287ms | Tot: 3m1s | Loss: 0.007 | Acc: 99.896% (49948/50000)                              
 [=========================== 100/100 ============================>]  Step: 104ms | Tot: 10s504ms | Loss: 0.201 | Acc: 94.430% (9443/10000)                           
Saving..

Epoch: 156
 [=========================== 391/391 ============================>]  Step: 288ms | Tot: 3m1s | Loss: 0.005 | Acc: 99.942% (49971/50000)                              
 [=========================== 100/100 ============================>]  Step: 105ms | Tot: 10s486ms | Loss: 0.194 | Acc: 94.630% (9463/10000)                           
Saving..

Epoch: 157
 [=========================== 391/391 ============================>]  Step: 289ms | Tot: 3m1s | Loss: 0.005 | Acc: 99.960% (49980/50000)                              
 [=========================== 100/100 ============================>]  Step: 105ms | Tot: 10s498ms | Loss: 0.187 | Acc: 94.800% (9480/10000)                           
Saving..

Epoch: 158
 [=========================== 391/391 ============================>]  Step: 288ms | Tot: 3m638ms | Loss: 0.004 | Acc: 99.970% (49985/50000)                           
 [=========================== 100/100 ============================>]  Step: 105ms | Tot: 10s495ms | Loss: 0.197 | Acc: 94.550% (9455/10000)                           

Epoch: 159
 [=========================== 391/391 ============================>]  Step: 289ms | Tot: 3m1s | Loss: 0.003 | Acc: 99.990% (49995/50000)                              
 [=========================== 100/100 ============================>]  Step: 105ms | Tot: 10s516ms | Loss: 0.178 | Acc: 94.870% (9487/10000)                           
Saving..

Epoch: 160
 [=========================== 391/391 ============================>]  Step: 290ms | Tot: 3m1s | Loss: 0.004 | Acc: 99.970% (49985/50000)                              
 [=========================== 100/100 ============================>]  Step: 105ms | Tot: 10s502ms | Loss: 0.182 | Acc: 94.710% (9471/10000)                           

Epoch: 161
 [=========================== 391/391 ============================>]  Step: 289ms | Tot: 3m1s | Loss: 0.003 | Acc: 99.978% (49989/50000)                              
 [=========================== 100/100 ============================>]  Step: 104ms | Tot: 10s506ms | Loss: 0.178 | Acc: 94.910% (9491/10000)                           
Saving..

Epoch: 162
 [=========================== 391/391 ============================>]  Step: 290ms | Tot: 3m1s | Loss: 0.003 | Acc: 99.980% (49990/50000)                              
 [=========================== 100/100 ============================>]  Step: 104ms | Tot: 10s491ms | Loss: 0.172 | Acc: 95.050% (9505/10000)                           
Saving..

Epoch: 163
 [=========================== 391/391 ============================>]  Step: 289ms | Tot: 3m1s | Loss: 0.003 | Acc: 99.984% (49992/50000)                              
 [=========================== 100/100 ============================>]  Step: 104ms | Tot: 10s509ms | Loss: 0.175 | Acc: 95.080% (9508/10000)                           
Saving..

Epoch: 164
 [=========================== 391/391 ============================>]  Step: 288ms | Tot: 3m1s | Loss: 0.003 | Acc: 99.992% (49996/50000)                              
 [=========================== 100/100 ============================>]  Step: 105ms | Tot: 10s490ms | Loss: 0.176 | Acc: 95.250% (9525/10000)                           
Saving..

Epoch: 165
 [=========================== 391/391 ============================>]  Step: 289ms | Tot: 3m1s | Loss: 0.003 | Acc: 99.998% (49999/50000)                              
 [=========================== 100/100 ============================>]  Step: 104ms | Tot: 10s511ms | Loss: 0.173 | Acc: 95.080% (9508/10000)                           

Epoch: 166
 [=========================== 391/391 ============================>]  Step: 287ms | Tot: 3m1s | Loss: 0.002 | Acc: 99.998% (49999/50000)                              
 [=========================== 100/100 ============================>]  Step: 104ms | Tot: 10s510ms | Loss: 0.165 | Acc: 95.130% (9513/10000)                           

Epoch: 167
 [=========================== 391/391 ============================>]  Step: 287ms | Tot: 3m1s | Loss: 0.002 | Acc: 99.994% (49997/50000)                              
 [=========================== 100/100 ============================>]  Step: 104ms | Tot: 10s488ms | Loss: 0.167 | Acc: 95.150% (9515/10000)                           

Epoch: 168
 [=========================== 391/391 ============================>]  Step: 288ms | Tot: 3m1s | Loss: 0.002 | Acc: 99.996% (49998/50000)                              
 [=========================== 100/100 ============================>]  Step: 105ms | Tot: 10s510ms | Loss: 0.164 | Acc: 95.260% (9526/10000)                           
Saving..

Epoch: 169
 [=========================== 391/391 ============================>]  Step: 289ms | Tot: 3m1s | Loss: 0.002 | Acc: 99.998% (49999/50000)                              
 [=========================== 100/100 ============================>]  Step: 107ms | Tot: 10s517ms | Loss: 0.164 | Acc: 95.250% (9525/10000)                           

Epoch: 170
 [=========================== 391/391 ============================>]  Step: 288ms | Tot: 3m1s | Loss: 0.002 | Acc: 99.998% (49999/50000)                              
 [=========================== 100/100 ============================>]  Step: 105ms | Tot: 10s510ms | Loss: 0.160 | Acc: 95.190% (9519/10000)                           

Epoch: 171
 [=========================== 391/391 ============================>]  Step: 287ms | Tot: 3m1s | Loss: 0.002 | Acc: 99.996% (49998/50000)                              
 [=========================== 100/100 ============================>]  Step: 105ms | Tot: 10s501ms | Loss: 0.163 | Acc: 95.330% (9533/10000)                           
Saving..

Epoch: 172
 [=========================== 391/391 ============================>]  Step: 288ms | Tot: 3m1s | Loss: 0.002 | Acc: 99.998% (49999/50000)                              
 [=========================== 100/100 ============================>]  Step: 106ms | Tot: 10s507ms | Loss: 0.164 | Acc: 95.250% (9525/10000)                           

Epoch: 173
 [=========================== 391/391 ============================>]  Step: 285ms | Tot: 3m1s | Loss: 0.002 | Acc: 99.996% (49998/50000)                              
 [=========================== 100/100 ============================>]  Step: 104ms | Tot: 10s509ms | Loss: 0.163 | Acc: 95.180% (9518/10000)                           

Epoch: 174
 [=========================== 391/391 ============================>]  Step: 286ms | Tot: 3m1s | Loss: 0.002 | Acc: 99.998% (49999/50000)                              
 [=========================== 100/100 ============================>]  Step: 106ms | Tot: 10s517ms | Loss: 0.164 | Acc: 95.210% (9521/10000)                           

Epoch: 175
 [=========================== 391/391 ============================>]  Step: 289ms | Tot: 3m1s | Loss: 0.002 | Acc: 99.996% (49998/50000)                              
 [=========================== 100/100 ============================>]  Step: 107ms | Tot: 10s516ms | Loss: 0.165 | Acc: 95.140% (9514/10000)                           

Epoch: 176
 [=========================== 391/391 ============================>]  Step: 289ms | Tot: 3m1s | Loss: 0.002 | Acc: 99.998% (49999/50000)                              
 [=========================== 100/100 ============================>]  Step: 104ms | Tot: 10s512ms | Loss: 0.162 | Acc: 95.310% (9531/10000)                           

Epoch: 177
 [=========================== 391/391 ============================>]  Step: 289ms | Tot: 3m1s | Loss: 0.002 | Acc: 100.000% (50000/50000)                             
 [=========================== 100/100 ============================>]  Step: 106ms | Tot: 10s503ms | Loss: 0.160 | Acc: 95.230% (9523/10000)                           

Epoch: 178
 [=========================== 391/391 ============================>]  Step: 290ms | Tot: 3m1s | Loss: 0.002 | Acc: 100.000% (50000/50000)                             
 [=========================== 100/100 ============================>]  Step: 106ms | Tot: 10s505ms | Loss: 0.162 | Acc: 95.160% (9516/10000)                           

Epoch: 179
 [=========================== 391/391 ============================>]  Step: 288ms | Tot: 3m1s | Loss: 0.002 | Acc: 99.996% (49998/50000)                              
 [=========================== 100/100 ============================>]  Step: 105ms | Tot: 10s515ms | Loss: 0.161 | Acc: 95.220% (9522/10000)                           

Epoch: 180
 [=========================== 391/391 ============================>]  Step: 288ms | Tot: 3m1s | Loss: 0.002 | Acc: 100.000% (50000/50000)                             
 [=========================== 100/100 ============================>]  Step: 105ms | Tot: 10s497ms | Loss: 0.164 | Acc: 95.360% (9536/10000)                           
Saving..

Epoch: 181
 [=========================== 391/391 ============================>]  Step: 288ms | Tot: 3m1s | Loss: 0.002 | Acc: 100.000% (50000/50000)                             
 [=========================== 100/100 ============================>]  Step: 105ms | Tot: 10s501ms | Loss: 0.162 | Acc: 95.260% (9526/10000)                           

Epoch: 182
 [=========================== 391/391 ============================>]  Step: 287ms | Tot: 3m1s | Loss: 0.002 | Acc: 100.000% (50000/50000)                             
 [=========================== 100/100 ============================>]  Step: 106ms | Tot: 10s488ms | Loss: 0.161 | Acc: 95.340% (9534/10000)                           

Epoch: 183
 [=========================== 391/391 ============================>]  Step: 288ms | Tot: 3m1s | Loss: 0.002 | Acc: 100.000% (50000/50000)                             
 [=========================== 100/100 ============================>]  Step: 105ms | Tot: 10s499ms | Loss: 0.160 | Acc: 95.200% (9520/10000)                           

Epoch: 184
 [=========================== 391/391 ============================>]  Step: 285ms | Tot: 3m1s | Loss: 0.002 | Acc: 100.000% (50000/50000)                             
 [=========================== 100/100 ============================>]  Step: 104ms | Tot: 10s493ms | Loss: 0.162 | Acc: 95.210% (9521/10000)                           

Epoch: 185
 [=========================== 391/391 ============================>]  Step: 288ms | Tot: 3m810ms | Loss: 0.002 | Acc: 100.000% (50000/50000)                          
 [=========================== 100/100 ============================>]  Step: 107ms | Tot: 10s497ms | Loss: 0.161 | Acc: 95.280% (9528/10000)                           

Epoch: 186
 [=========================== 391/391 ============================>]  Step: 286ms | Tot: 3m1s | Loss: 0.002 | Acc: 100.000% (50000/50000)                             
 [=========================== 100/100 ============================>]  Step: 104ms | Tot: 10s511ms | Loss: 0.161 | Acc: 95.240% (9524/10000)                           

Epoch: 187
 [=========================== 391/391 ============================>]  Step: 290ms | Tot: 3m1s | Loss: 0.002 | Acc: 99.998% (49999/50000)                              
 [=========================== 100/100 ============================>]  Step: 105ms | Tot: 10s490ms | Loss: 0.163 | Acc: 95.210% (9521/10000)                           

Epoch: 188
 [=========================== 391/391 ============================>]  Step: 288ms | Tot: 3m1s | Loss: 0.002 | Acc: 100.000% (50000/50000)                             
 [=========================== 100/100 ============================>]  Step: 106ms | Tot: 10s501ms | Loss: 0.164 | Acc: 95.210% (9521/10000)                           

Epoch: 189
 [=========================== 391/391 ============================>]  Step: 287ms | Tot: 3m1s | Loss: 0.002 | Acc: 100.000% (50000/50000)                             
 [=========================== 100/100 ============================>]  Step: 104ms | Tot: 10s498ms | Loss: 0.161 | Acc: 95.250% (9525/10000)                           

Epoch: 190
 [=========================== 391/391 ============================>]  Step: 289ms | Tot: 3m1s | Loss: 0.002 | Acc: 100.000% (50000/50000)                             
 [=========================== 100/100 ============================>]  Step: 105ms | Tot: 10s519ms | Loss: 0.160 | Acc: 95.460% (9546/10000)                           
Saving..

Epoch: 191
 [=========================== 391/391 ============================>]  Step: 288ms | Tot: 3m1s | Loss: 0.002 | Acc: 100.000% (50000/50000)                             
 [=========================== 100/100 ============================>]  Step: 106ms | Tot: 10s505ms | Loss: 0.161 | Acc: 95.240% (9524/10000)                           

Epoch: 192
 [=========================== 391/391 ============================>]  Step: 288ms | Tot: 3m1s | Loss: 0.002 | Acc: 99.998% (49999/50000)                              
 [=========================== 100/100 ============================>]  Step: 106ms | Tot: 10s500ms | Loss: 0.161 | Acc: 95.250% (9525/10000)                           

Epoch: 193
 [=========================== 391/391 ============================>]  Step: 289ms | Tot: 3m1s | Loss: 0.002 | Acc: 100.000% (50000/50000)                             
 [=========================== 100/100 ============================>]  Step: 104ms | Tot: 10s508ms | Loss: 0.162 | Acc: 95.310% (9531/10000)                           

Epoch: 194
 [=========================== 391/391 ============================>]  Step: 287ms | Tot: 3m923ms | Loss: 0.002 | Acc: 100.000% (50000/50000)                          
 [=========================== 100/100 ============================>]  Step: 105ms | Tot: 10s498ms | Loss: 0.162 | Acc: 95.230% (9523/10000)                           

Epoch: 195
 [=========================== 391/391 ============================>]  Step: 289ms | Tot: 3m1s | Loss: 0.002 | Acc: 99.998% (49999/50000)                              
 [=========================== 100/100 ============================>]  Step: 104ms | Tot: 10s501ms | Loss: 0.160 | Acc: 95.270% (9527/10000)                           

Epoch: 196
 [=========================== 391/391 ============================>]  Step: 288ms | Tot: 3m1s | Loss: 0.002 | Acc: 99.998% (49999/50000)                              
 [=========================== 100/100 ============================>]  Step: 105ms | Tot: 10s498ms | Loss: 0.161 | Acc: 95.320% (9532/10000)                           

Epoch: 197
client_loop: send disconnect: Broken pipe..........................]  Step: 466ms | Tot: 1m30s | Loss: 0.002 | Acc: 100.000% (24960/24960) 
