Epoch: 0
 [=========================== 391/391 ============================>]  Step: 589ms | Tot: 35s641ms | Loss: 1.985 | Acc: 28.730% (14365/50000)
 [=========================== 100/100 ============================>]  Step: 22ms | Tot: 2s265ms | Loss: 1.570 | Acc: 41.730% (4173/10000)
Saving..

Epoch: 1
 [=========================== 391/391 ============================>]  Step: 62ms | Tot: 35s466ms | Loss: 1.523 | Acc: 43.958% (21979/50000)
 [=========================== 100/100 ============================>]  Step: 22ms | Tot: 2s287ms | Loss: 1.352 | Acc: 49.520% (4952/10000)
Saving..

Epoch: 2
 [=========================== 391/391 ============================>]  Step: 63ms | Tot: 36s | Loss: 1.282 | Acc: 53.332% (26666/50000)
 [=========================== 100/100 ============================>]  Step: 24ms | Tot: 2s332ms | Loss: 1.244 | Acc: 54.610% (5461/10000)
Saving..

Epoch: 3
 [=========================== 391/391 ============================>]  Step: 61ms | Tot: 35s808ms | Loss: 1.062 | Acc: 61.724% (30862/50000)
 [=========================== 100/100 ============================>]  Step: 22ms | Tot: 2s255ms | Loss: 0.972 | Acc: 66.020% (6602/10000)
Saving..

Epoch: 4
 [=========================== 391/391 ============================>]  Step: 60ms | Tot: 35s140ms | Loss: 0.909 | Acc: 67.636% (33818/50000)
 [=========================== 100/100 ============================>]  Step: 21ms | Tot: 2s240ms | Loss: 1.005 | Acc: 65.690% (6569/10000)

Epoch: 5
 [=========================== 391/391 ============================>]  Step: 60ms | Tot: 34s990ms | Loss: 0.789 | Acc: 72.334% (36167/50000)
 [=========================== 100/100 ============================>]  Step: 22ms | Tot: 2s238ms | Loss: 0.709 | Acc: 75.590% (7559/10000)
Saving..

Epoch: 6
 [=========================== 391/391 ============================>]  Step: 60ms | Tot: 35s30ms | Loss: 0.712 | Acc: 75.088% (37544/50000)
 [=========================== 100/100 ============================>]  Step: 21ms | Tot: 2s238ms | Loss: 0.775 | Acc: 73.880% (7388/10000)

Epoch: 7
 [=========================== 391/391 ============================>]  Step: 60ms | Tot: 35s134ms | Loss: 0.665 | Acc: 76.882% (38441/50000)
 [=========================== 100/100 ============================>]  Step: 22ms | Tot: 2s257ms | Loss: 0.743 | Acc: 74.140% (7414/10000)

Epoch: 8
 [=========================== 391/391 ============================>]  Step: 61ms | Tot: 35s328ms | Loss: 0.635 | Acc: 77.972% (38986/50000)
 [=========================== 100/100 ============================>]  Step: 22ms | Tot: 2s266ms | Loss: 0.744 | Acc: 75.440% (7544/10000)

Epoch: 9
 [=========================== 391/391 ============================>]  Step: 63ms | Tot: 35s611ms | Loss: 0.604 | Acc: 79.072% (39536/50000)
 [=========================== 100/100 ============================>]  Step: 23ms | Tot: 2s299ms | Loss: 0.926 | Acc: 71.640% (7164/10000)

Epoch: 10
 [=========================== 391/391 ============================>]  Step: 63ms | Tot: 36s163ms | Loss: 0.589 | Acc: 79.714% (39857/50000)
 [=========================== 100/100 ============================>]  Step: 23ms | Tot: 2s343ms | Loss: 1.119 | Acc: 69.060% (6906/10000)

Epoch: 11
 [=========================== 391/391 ============================>]  Step: 62ms | Tot: 35s811ms | Loss: 0.564 | Acc: 80.448% (40224/50000)
 [=========================== 100/100 ============================>]  Step: 22ms | Tot: 2s257ms | Loss: 0.587 | Acc: 80.010% (8001/10000)
Saving..

Epoch: 12
 [=========================== 391/391 ============================>]  Step: 61ms | Tot: 35s192ms | Loss: 0.551 | Acc: 80.942% (40471/50000)
 [=========================== 100/100 ============================>]  Step: 22ms | Tot: 2s239ms | Loss: 0.569 | Acc: 81.210% (8121/10000)
Saving..

Epoch: 13
 [=========================== 391/391 ============================>]  Step: 60ms | Tot: 35s42ms | Loss: 0.543 | Acc: 81.418% (40709/50000)
 [=========================== 100/100 ============================>]  Step: 22ms | Tot: 2s230ms | Loss: 0.656 | Acc: 78.730% (7873/10000)

Epoch: 14
 [=========================== 391/391 ============================>]  Step: 61ms | Tot: 35s110ms | Loss: 0.522 | Acc: 82.010% (41005/50000)
 [=========================== 100/100 ============================>]  Step: 22ms | Tot: 2s261ms | Loss: 0.617 | Acc: 78.640% (7864/10000)

Epoch: 15
 [=========================== 391/391 ============================>]  Step: 61ms | Tot: 35s271ms | Loss: 0.517 | Acc: 82.076% (41038/50000)
 [=========================== 100/100 ============================>]  Step: 23ms | Tot: 2s269ms | Loss: 0.555 | Acc: 81.650% (8165/10000)
Saving..

Epoch: 16
 [=========================== 391/391 ============================>]  Step: 60ms | Tot: 35s438ms | Loss: 0.506 | Acc: 82.736% (41368/50000)
 [=========================== 100/100 ============================>]  Step: 22ms | Tot: 2s288ms | Loss: 0.614 | Acc: 79.460% (7946/10000)

Epoch: 17
 [=========================== 391/391 ============================>]  Step: 64ms | Tot: 35s754ms | Loss: 0.503 | Acc: 82.610% (41305/50000)
 [=========================== 100/100 ============================>]  Step: 24ms | Tot: 2s308ms | Loss: 0.564 | Acc: 81.620% (8162/10000)

Epoch: 18
 [=========================== 391/391 ============================>]  Step: 63ms | Tot: 36s270ms | Loss: 0.491 | Acc: 83.110% (41555/50000)
 [=========================== 100/100 ============================>]  Step: 23ms | Tot: 2s334ms | Loss: 0.572 | Acc: 80.670% (8067/10000)

Epoch: 19
 [=========================== 391/391 ============================>]  Step: 60ms | Tot: 35s553ms | Loss: 0.484 | Acc: 83.276% (41638/50000)
 [=========================== 100/100 ============================>]  Step: 22ms | Tot: 2s251ms | Loss: 0.610 | Acc: 80.150% (8015/10000)

Epoch: 20
 [=========================== 391/391 ============================>]  Step: 60ms | Tot: 35s27ms | Loss: 0.481 | Acc: 83.458% (41729/50000)
 [=========================== 100/100 ============================>]  Step: 21ms | Tot: 2s230ms | Loss: 0.547 | Acc: 81.530% (8153/10000)

Epoch: 21
 [=========================== 391/391 ============================>]  Step: 60ms | Tot: 34s942ms | Loss: 0.467 | Acc: 83.974% (41987/50000)
 [=========================== 100/100 ============================>]  Step: 23ms | Tot: 2s234ms | Loss: 0.558 | Acc: 81.030% (8103/10000)

Epoch: 22
 [=========================== 391/391 ============================>]  Step: 60ms | Tot: 34s996ms | Loss: 0.475 | Acc: 83.730% (41865/50000)
 [=========================== 100/100 ============================>]  Step: 22ms | Tot: 2s240ms | Loss: 0.571 | Acc: 81.000% (8100/10000)

Epoch: 23
 [=========================== 391/391 ============================>]  Step: 60ms | Tot: 35s120ms | Loss: 0.472 | Acc: 83.858% (41929/50000)
 [=========================== 100/100 ============================>]  Step: 22ms | Tot: 2s252ms | Loss: 0.851 | Acc: 72.500% (7250/10000)

Epoch: 24
 [=========================== 391/391 ============================>]  Step: 62ms | Tot: 35s349ms | Loss: 0.457 | Acc: 84.156% (42078/50000)
 [=========================== 100/100 ============================>]  Step: 22ms | Tot: 2s267ms | Loss: 0.538 | Acc: 81.900% (8190/10000)
Saving..

Epoch: 25
 [=========================== 391/391 ============================>]  Step: 63ms | Tot: 35s678ms | Loss: 0.459 | Acc: 84.242% (42121/50000)
 [=========================== 100/100 ============================>]  Step: 22ms | Tot: 2s304ms | Loss: 0.605 | Acc: 80.540% (8054/10000)

Epoch: 26
 [=========================== 391/391 ============================>]  Step: 63ms | Tot: 36s229ms | Loss: 0.453 | Acc: 84.464% (42232/50000)
 [=========================== 100/100 ============================>]  Step: 23ms | Tot: 2s311ms | Loss: 0.562 | Acc: 80.290% (8029/10000)

Epoch: 27
 [=========================== 391/391 ============================>]  Step: 60ms | Tot: 35s420ms | Loss: 0.455 | Acc: 84.274% (42137/50000)
 [=========================== 100/100 ============================>]  Step: 22ms | Tot: 2s241ms | Loss: 0.743 | Acc: 78.500% (7850/10000)

Epoch: 28
 [=========================== 391/391 ============================>]  Step: 60ms | Tot: 34s970ms | Loss: 0.447 | Acc: 84.730% (42365/50000)
 [=========================== 100/100 ============================>]  Step: 22ms | Tot: 2s226ms | Loss: 0.475 | Acc: 84.080% (8408/10000)
Saving..

Epoch: 29
 [=========================== 391/391 ============================>]  Step: 61ms | Tot: 34s873ms | Loss: 0.443 | Acc: 84.688% (42344/50000)
 [=========================== 100/100 ============================>]  Step: 21ms | Tot: 2s225ms | Loss: 0.474 | Acc: 84.480% (8448/10000)
Saving..

Epoch: 30
 [=========================== 391/391 ============================>]  Step: 60ms | Tot: 34s824ms | Loss: 0.441 | Acc: 84.882% (42441/50000)
 [=========================== 100/100 ============================>]  Step: 22ms | Tot: 2s224ms | Loss: 0.661 | Acc: 79.160% (7916/10000)

Epoch: 31
 [=========================== 391/391 ============================>]  Step: 60ms | Tot: 34s816ms | Loss: 0.437 | Acc: 85.016% (42508/50000)
 [=========================== 100/100 ============================>]  Step: 21ms | Tot: 2s222ms | Loss: 0.608 | Acc: 81.210% (8121/10000)

Epoch: 32
 [=========================== 391/391 ============================>]  Step: 60ms | Tot: 34s901ms | Loss: 0.442 | Acc: 84.890% (42445/50000)
 [=========================== 100/100 ============================>]  Step: 22ms | Tot: 2s241ms | Loss: 0.497 | Acc: 83.040% (8304/10000)

Epoch: 33
 [=========================== 391/391 ============================>]  Step: 60ms | Tot: 34s978ms | Loss: 0.435 | Acc: 85.010% (42505/50000)
 [=========================== 100/100 ============================>]  Step: 22ms | Tot: 2s245ms | Loss: 0.477 | Acc: 84.350% (8435/10000)

Epoch: 34
 [=========================== 391/391 ============================>]  Step: 59ms | Tot: 34s951ms | Loss: 0.428 | Acc: 85.216% (42608/50000)
 [=========================== 100/100 ============================>]  Step: 23ms | Tot: 2s245ms | Loss: 0.420 | Acc: 86.090% (8609/10000)
Saving..

Epoch: 35
 [=========================== 391/391 ============================>]  Step: 61ms | Tot: 34s922ms | Loss: 0.423 | Acc: 85.462% (42731/50000)
 [=========================== 100/100 ============================>]  Step: 22ms | Tot: 2s245ms | Loss: 0.527 | Acc: 82.880% (8288/10000)

Epoch: 36
 [=========================== 391/391 ============================>]  Step: 60ms | Tot: 34s949ms | Loss: 0.422 | Acc: 85.516% (42758/50000)
 [=========================== 100/100 ============================>]  Step: 22ms | Tot: 2s243ms | Loss: 0.485 | Acc: 84.180% (8418/10000)

Epoch: 37
 [=========================== 391/391 ============================>]  Step: 60ms | Tot: 35s | Loss: 0.422 | Acc: 85.482% (42741/50000)
 [=========================== 100/100 ============================>]  Step: 22ms | Tot: 2s249ms | Loss: 0.442 | Acc: 84.910% (8491/10000)

Epoch: 38
 [=========================== 391/391 ============================>]  Step: 62ms | Tot: 35s57ms | Loss: 0.420 | Acc: 85.626% (42813/50000)
 [=========================== 100/100 ============================>]  Step: 22ms | Tot: 2s254ms | Loss: 0.580 | Acc: 81.400% (8140/10000)

Epoch: 39
 [=========================== 391/391 ============================>]  Step: 62ms | Tot: 35s208ms | Loss: 0.420 | Acc: 85.514% (42757/50000)
 [=========================== 100/100 ============================>]  Step: 23ms | Tot: 2s264ms | Loss: 0.495 | Acc: 83.750% (8375/10000)

Epoch: 40
 [=========================== 391/391 ============================>]  Step: 61ms | Tot: 35s372ms | Loss: 0.415 | Acc: 85.854% (42927/50000)
 [=========================== 100/100 ============================>]  Step: 22ms | Tot: 2s276ms | Loss: 0.426 | Acc: 86.070% (8607/10000)

Epoch: 41
 [=========================== 391/391 ============================>]  Step: 62ms | Tot: 35s638ms | Loss: 0.409 | Acc: 86.044% (43022/50000)
 [=========================== 100/100 ============================>]  Step: 23ms | Tot: 2s307ms | Loss: 0.509 | Acc: 83.440% (8344/10000)

Epoch: 42
 [=========================== 391/391 ============================>]  Step: 63ms | Tot: 36s43ms | Loss: 0.415 | Acc: 85.698% (42849/50000)
 [=========================== 100/100 ============================>]  Step: 22ms | Tot: 2s300ms | Loss: 0.574 | Acc: 81.260% (8126/10000)

Epoch: 43
 [=========================== 391/391 ============================>]  Step: 60ms | Tot: 35s385ms | Loss: 0.406 | Acc: 86.138% (43069/50000)
 [=========================== 100/100 ============================>]  Step: 22ms | Tot: 2s256ms | Loss: 0.481 | Acc: 83.600% (8360/10000)

Epoch: 44
 [=========================== 391/391 ============================>]  Step: 60ms | Tot: 35s80ms | Loss: 0.409 | Acc: 85.944% (42972/50000)
 [=========================== 100/100 ============================>]  Step: 22ms | Tot: 2s247ms | Loss: 0.502 | Acc: 83.550% (8355/10000)

Epoch: 45
 [=========================== 391/391 ============================>]  Step: 62ms | Tot: 35s31ms | Loss: 0.406 | Acc: 86.028% (43014/50000)
 [=========================== 100/100 ============================>]  Step: 22ms | Tot: 2s247ms | Loss: 0.451 | Acc: 84.530% (8453/10000)

Epoch: 46
 [=========================== 391/391 ============================>]  Step: 61ms | Tot: 35s125ms | Loss: 0.400 | Acc: 86.292% (43146/50000)
 [=========================== 100/100 ============================>]  Step: 22ms | Tot: 2s265ms | Loss: 0.415 | Acc: 85.790% (8579/10000)

Epoch: 47
 [=========================== 391/391 ============================>]  Step: 62ms | Tot: 35s278ms | Loss: 0.399 | Acc: 86.376% (43188/50000)
 [=========================== 100/100 ============================>]  Step: 23ms | Tot: 2s277ms | Loss: 0.387 | Acc: 86.890% (8689/10000)
Saving..

Epoch: 48
 [=========================== 391/391 ============================>]  Step: 61ms | Tot: 35s463ms | Loss: 0.391 | Acc: 86.546% (43273/50000)
 [=========================== 100/100 ============================>]  Step: 23ms | Tot: 2s298ms | Loss: 0.604 | Acc: 81.280% (8128/10000)

Epoch: 49
 [=========================== 391/391 ============================>]  Step: 63ms | Tot: 35s764ms | Loss: 0.395 | Acc: 86.562% (43281/50000)
 [=========================== 100/100 ============================>]  Step: 23ms | Tot: 2s323ms | Loss: 0.467 | Acc: 84.780% (8478/10000)

Epoch: 50
 [=========================== 391/391 ============================>]  Step: 62ms | Tot: 36s102ms | Loss: 0.393 | Acc: 86.556% (43278/50000)
 [=========================== 100/100 ============================>]  Step: 22ms | Tot: 2s294ms | Loss: 0.489 | Acc: 83.870% (8387/10000)

Epoch: 51
 [=========================== 391/391 ============================>]  Step: 61ms | Tot: 35s317ms | Loss: 0.388 | Acc: 86.666% (43333/50000)
 [=========================== 100/100 ============================>]  Step: 22ms | Tot: 2s261ms | Loss: 0.478 | Acc: 84.980% (8498/10000)

Epoch: 52
 [=========================== 391/391 ============================>]  Step: 60ms | Tot: 35s101ms | Loss: 0.390 | Acc: 86.578% (43289/50000)
 [=========================== 100/100 ============================>]  Step: 22ms | Tot: 2s256ms | Loss: 0.552 | Acc: 82.710% (8271/10000)

Epoch: 53
 [=========================== 391/391 ============================>]  Step: 60ms | Tot: 35s72ms | Loss: 0.385 | Acc: 86.904% (43452/50000)
 [=========================== 100/100 ============================>]  Step: 22ms | Tot: 2s247ms | Loss: 0.431 | Acc: 85.410% (8541/10000)

Epoch: 54
 [=========================== 391/391 ============================>]  Step: 61ms | Tot: 35s109ms | Loss: 0.379 | Acc: 86.932% (43466/50000)
 [=========================== 100/100 ============================>]  Step: 22ms | Tot: 2s254ms | Loss: 0.572 | Acc: 82.790% (8279/10000)

Epoch: 55
 [=========================== 391/391 ============================>]  Step: 60ms | Tot: 35s255ms | Loss: 0.379 | Acc: 87.010% (43505/50000)
 [=========================== 100/100 ============================>]  Step: 22ms | Tot: 2s267ms | Loss: 0.412 | Acc: 86.280% (8628/10000)

Epoch: 56
 [=========================== 391/391 ============================>]  Step: 62ms | Tot: 35s464ms | Loss: 0.377 | Acc: 87.002% (43501/50000)
 [=========================== 100/100 ============================>]  Step: 22ms | Tot: 2s285ms | Loss: 0.509 | Acc: 83.330% (8333/10000)

Epoch: 57
 [=========================== 391/391 ============================>]  Step: 63ms | Tot: 35s820ms | Loss: 0.375 | Acc: 87.260% (43630/50000)
 [=========================== 100/100 ============================>]  Step: 23ms | Tot: 2s326ms | Loss: 0.518 | Acc: 83.140% (8314/10000)

Epoch: 58
 [=========================== 391/391 ============================>]  Step: 62ms | Tot: 36s67ms | Loss: 0.379 | Acc: 87.062% (43531/50000)
 [=========================== 100/100 ============================>]  Step: 22ms | Tot: 2s276ms | Loss: 0.538 | Acc: 82.590% (8259/10000)

Epoch: 59
 [=========================== 391/391 ============================>]  Step: 61ms | Tot: 35s278ms | Loss: 0.377 | Acc: 87.094% (43547/50000)
 [=========================== 100/100 ============================>]  Step: 22ms | Tot: 2s260ms | Loss: 0.462 | Acc: 84.600% (8460/10000)

Epoch: 60
 [=========================== 391/391 ============================>]  Step: 59ms | Tot: 35s37ms | Loss: 0.363 | Acc: 87.512% (43756/50000)
 [=========================== 100/100 ============================>]  Step: 22ms | Tot: 2s249ms | Loss: 0.611 | Acc: 80.920% (8092/10000)

Epoch: 61
 [=========================== 391/391 ============================>]  Step: 61ms | Tot: 35s42ms | Loss: 0.369 | Acc: 87.334% (43667/50000)
 [=========================== 100/100 ============================>]  Step: 22ms | Tot: 2s253ms | Loss: 0.569 | Acc: 82.210% (8221/10000)

Epoch: 62
 [=========================== 391/391 ============================>]  Step: 60ms | Tot: 35s117ms | Loss: 0.367 | Acc: 87.420% (43710/50000)
 [=========================== 100/100 ============================>]  Step: 22ms | Tot: 2s259ms | Loss: 0.394 | Acc: 86.540% (8654/10000)

Epoch: 63
 [=========================== 391/391 ============================>]  Step: 62ms | Tot: 35s283ms | Loss: 0.366 | Acc: 87.614% (43807/50000)
 [=========================== 100/100 ============================>]  Step: 22ms | Tot: 2s268ms | Loss: 0.713 | Acc: 79.470% (7947/10000)

Epoch: 64
 [=========================== 391/391 ============================>]  Step: 62ms | Tot: 35s483ms | Loss: 0.365 | Acc: 87.392% (43696/50000)
 [=========================== 100/100 ============================>]  Step: 23ms | Tot: 2s289ms | Loss: 0.412 | Acc: 86.130% (8613/10000)

Epoch: 65
 [=========================== 391/391 ============================>]  Step: 62ms | Tot: 35s864ms | Loss: 0.364 | Acc: 87.488% (43744/50000)
 [=========================== 100/100 ============================>]  Step: 23ms | Tot: 2s325ms | Loss: 0.398 | Acc: 86.960% (8696/10000)
Saving..

Epoch: 66
 [=========================== 391/391 ============================>]  Step: 61ms | Tot: 35s943ms | Loss: 0.355 | Acc: 87.772% (43886/50000)
 [=========================== 100/100 ============================>]  Step: 22ms | Tot: 2s271ms | Loss: 0.368 | Acc: 88.250% (8825/10000)
Saving..

Epoch: 67
 [=========================== 391/391 ============================>]  Step: 60ms | Tot: 35s229ms | Loss: 0.356 | Acc: 87.688% (43844/50000)
 [=========================== 100/100 ============================>]  Step: 22ms | Tot: 2s254ms | Loss: 0.553 | Acc: 81.680% (8168/10000)

Epoch: 68
 [=========================== 391/391 ============================>]  Step: 61ms | Tot: 35s21ms | Loss: 0.354 | Acc: 87.800% (43900/50000)
 [=========================== 100/100 ============================>]  Step: 22ms | Tot: 2s246ms | Loss: 0.537 | Acc: 83.000% (8300/10000)

Epoch: 69
 [=========================== 391/391 ============================>]  Step: 61ms | Tot: 35s64ms | Loss: 0.355 | Acc: 87.848% (43924/50000)
 [=========================== 100/100 ============================>]  Step: 22ms | Tot: 2s254ms | Loss: 0.873 | Acc: 74.110% (7411/10000)

Epoch: 70
 [=========================== 391/391 ============================>]  Step: 60ms | Tot: 35s142ms | Loss: 0.345 | Acc: 88.218% (44109/50000)
 [=========================== 100/100 ============================>]  Step: 22ms | Tot: 2s261ms | Loss: 0.445 | Acc: 85.630% (8563/10000)

Epoch: 71
 [=========================== 391/391 ============================>]  Step: 62ms | Tot: 35s321ms | Loss: 0.347 | Acc: 88.180% (44090/50000)
 [=========================== 100/100 ============================>]  Step: 22ms | Tot: 2s293ms | Loss: 0.447 | Acc: 85.470% (8547/10000)

Epoch: 72
 [=========================== 391/391 ============================>]  Step: 62ms | Tot: 35s570ms | Loss: 0.344 | Acc: 88.216% (44108/50000)
 [=========================== 100/100 ============================>]  Step: 23ms | Tot: 2s322ms | Loss: 0.370 | Acc: 87.750% (8775/10000)

Epoch: 73
 [=========================== 391/391 ============================>]  Step: 69ms | Tot: 37s788ms | Loss: 0.338 | Acc: 88.442% (44221/50000)
 [=========================== 100/100 ============================>]  Step: 24ms | Tot: 2s479ms | Loss: 0.469 | Acc: 84.830% (8483/10000)

Epoch: 74
 [=========================== 391/391 ============================>]  Step: 60ms | Tot: 36s730ms | Loss: 0.347 | Acc: 88.064% (44032/50000)
 [=========================== 100/100 ============================>]  Step: 22ms | Tot: 2s290ms | Loss: 0.433 | Acc: 85.760% (8576/10000)

Epoch: 75
 [=========================== 391/391 ============================>]  Step: 61ms | Tot: 35s266ms | Loss: 0.340 | Acc: 88.348% (44174/50000)
 [=========================== 100/100 ============================>]  Step: 22ms | Tot: 2s276ms | Loss: 0.437 | Acc: 85.330% (8533/10000)

Epoch: 76
 [=========================== 391/391 ============================>]  Step: 61ms | Tot: 35s137ms | Loss: 0.334 | Acc: 88.448% (44224/50000)
 [=========================== 100/100 ============================>]  Step: 23ms | Tot: 2s268ms | Loss: 0.383 | Acc: 87.020% (8702/10000)

Epoch: 77
 [=========================== 391/391 ============================>]  Step: 60ms | Tot: 35s182ms | Loss: 0.338 | Acc: 88.246% (44123/50000)
 [=========================== 100/100 ============================>]  Step: 22ms | Tot: 2s283ms | Loss: 0.347 | Acc: 88.580% (8858/10000)
Saving..

Epoch: 78
 [=========================== 391/391 ============================>]  Step: 61ms | Tot: 35s260ms | Loss: 0.327 | Acc: 88.760% (44380/50000)
 [=========================== 100/100 ============================>]  Step: 22ms | Tot: 2s297ms | Loss: 0.428 | Acc: 86.040% (8604/10000)

Epoch: 79
 [=========================== 391/391 ============================>]  Step: 61ms | Tot: 35s450ms | Loss: 0.328 | Acc: 88.600% (44300/50000)
 [=========================== 100/100 ============================>]  Step: 22ms | Tot: 2s310ms | Loss: 0.508 | Acc: 83.460% (8346/10000)

Epoch: 80
 [=========================== 391/391 ============================>]  Step: 63ms | Tot: 35s665ms | Loss: 0.333 | Acc: 88.594% (44297/50000)
 [=========================== 100/100 ============================>]  Step: 23ms | Tot: 2s330ms | Loss: 0.410 | Acc: 86.540% (8654/10000)

Epoch: 81
 [=========================== 391/391 ============================>]  Step: 63ms | Tot: 36s178ms | Loss: 0.325 | Acc: 88.856% (44428/50000)
 [=========================== 100/100 ============================>]  Step: 24ms | Tot: 2s372ms | Loss: 0.441 | Acc: 85.720% (8572/10000)

Epoch: 82
 [=========================== 391/391 ============================>]  Step: 61ms | Tot: 35s731ms | Loss: 0.324 | Acc: 88.928% (44464/50000)
 [=========================== 100/100 ============================>]  Step: 23ms | Tot: 2s295ms | Loss: 0.471 | Acc: 85.260% (8526/10000)

Epoch: 83
 [=========================== 391/391 ============================>]  Step: 60ms | Tot: 35s236ms | Loss: 0.321 | Acc: 88.974% (44487/50000)
 [=========================== 100/100 ============================>]  Step: 22ms | Tot: 2s284ms | Loss: 0.392 | Acc: 87.290% (8729/10000)

Epoch: 84
 [=========================== 391/391 ============================>]  Step: 61ms | Tot: 35s143ms | Loss: 0.319 | Acc: 88.998% (44499/50000)
 [=========================== 100/100 ============================>]  Step: 23ms | Tot: 2s275ms | Loss: 0.331 | Acc: 88.710% (8871/10000)
Saving..

Epoch: 85
 [=========================== 391/391 ============================>]  Step: 62ms | Tot: 35s177ms | Loss: 0.316 | Acc: 89.208% (44604/50000)
 [=========================== 100/100 ============================>]  Step: 22ms | Tot: 2s282ms | Loss: 0.353 | Acc: 87.770% (8777/10000)

Epoch: 86
 [=========================== 391/391 ============================>]  Step: 62ms | Tot: 35s302ms | Loss: 0.315 | Acc: 89.182% (44591/50000)
 [=========================== 100/100 ============================>]  Step: 23ms | Tot: 2s288ms | Loss: 0.373 | Acc: 87.380% (8738/10000)

Epoch: 87
 [=========================== 391/391 ============================>]  Step: 63ms | Tot: 35s487ms | Loss: 0.313 | Acc: 89.170% (44585/50000)
 [=========================== 100/100 ============================>]  Step: 23ms | Tot: 2s313ms | Loss: 0.314 | Acc: 89.820% (8982/10000)
Saving..

Epoch: 88
 [=========================== 391/391 ============================>]  Step: 62ms | Tot: 35s722ms | Loss: 0.302 | Acc: 89.544% (44772/50000)
 [=========================== 100/100 ============================>]  Step: 22ms | Tot: 2s328ms | Loss: 0.463 | Acc: 85.420% (8542/10000)

Epoch: 89
 [=========================== 391/391 ============================>]  Step: 63ms | Tot: 36s241ms | Loss: 0.305 | Acc: 89.590% (44795/50000)
 [=========================== 100/100 ============================>]  Step: 24ms | Tot: 2s360ms | Loss: 0.320 | Acc: 89.540% (8954/10000)

Epoch: 90
 [=========================== 391/391 ============================>]  Step: 62ms | Tot: 35s637ms | Loss: 0.298 | Acc: 89.850% (44925/50000)
 [=========================== 100/100 ============================>]  Step: 23ms | Tot: 2s290ms | Loss: 0.399 | Acc: 87.170% (8717/10000)

Epoch: 91
 [=========================== 391/391 ============================>]  Step: 62ms | Tot: 35s220ms | Loss: 0.299 | Acc: 89.770% (44885/50000)
 [=========================== 100/100 ============================>]  Step: 23ms | Tot: 2s272ms | Loss: 0.357 | Acc: 88.330% (8833/10000)

Epoch: 92
 [=========================== 391/391 ============================>]  Step: 60ms | Tot: 35s158ms | Loss: 0.298 | Acc: 89.738% (44869/50000)
 [=========================== 100/100 ============================>]  Step: 23ms | Tot: 2s281ms | Loss: 0.363 | Acc: 88.150% (8815/10000)

Epoch: 93
 [=========================== 391/391 ============================>]  Step: 61ms | Tot: 35s183ms | Loss: 0.301 | Acc: 89.606% (44803/50000)
 [=========================== 100/100 ============================>]  Step: 23ms | Tot: 2s266ms | Loss: 0.359 | Acc: 88.250% (8825/10000)

Epoch: 94
 [=========================== 391/391 ============================>]  Step: 61ms | Tot: 35s289ms | Loss: 0.290 | Acc: 89.998% (44999/50000)
 [=========================== 100/100 ============================>]  Step: 23ms | Tot: 2s292ms | Loss: 0.393 | Acc: 87.350% (8735/10000)

Epoch: 95
 [=========================== 391/391 ============================>]  Step: 62ms | Tot: 35s529ms | Loss: 0.289 | Acc: 90.078% (45039/50000)
 [=========================== 100/100 ============================>]  Step: 22ms | Tot: 2s313ms | Loss: 0.284 | Acc: 90.280% (9028/10000)
Saving..

Epoch: 96
 [=========================== 391/391 ============================>]  Step: 62ms | Tot: 35s761ms | Loss: 0.283 | Acc: 90.284% (45142/50000)
 [=========================== 100/100 ============================>]  Step: 23ms | Tot: 2s344ms | Loss: 0.400 | Acc: 87.110% (8711/10000)

Epoch: 97
 [=========================== 391/391 ============================>]  Step: 63ms | Tot: 36s244ms | Loss: 0.288 | Acc: 90.298% (45149/50000)
 [=========================== 100/100 ============================>]  Step: 23ms | Tot: 2s328ms | Loss: 0.332 | Acc: 88.860% (8886/10000)

Epoch: 98
 [=========================== 391/391 ============================>]  Step: 61ms | Tot: 35s490ms | Loss: 0.282 | Acc: 90.340% (45170/50000)
 [=========================== 100/100 ============================>]  Step: 22ms | Tot: 2s289ms | Loss: 0.429 | Acc: 86.500% (8650/10000)

Epoch: 99
 [=========================== 391/391 ============================>]  Step: 60ms | Tot: 35s181ms | Loss: 0.275 | Acc: 90.460% (45230/50000)
 [=========================== 100/100 ============================>]  Step: 23ms | Tot: 2s279ms | Loss: 0.448 | Acc: 85.570% (8557/10000)

Epoch: 100
 [=========================== 391/391 ============================>]  Step: 62ms | Tot: 35s163ms | Loss: 0.278 | Acc: 90.424% (45212/50000)
 [=========================== 100/100 ============================>]  Step: 22ms | Tot: 2s276ms | Loss: 0.324 | Acc: 89.190% (8919/10000)

Epoch: 101
 [=========================== 391/391 ============================>]  Step: 62ms | Tot: 35s212ms | Loss: 0.267 | Acc: 90.778% (45389/50000)
 [=========================== 100/100 ============================>]  Step: 22ms | Tot: 2s286ms | Loss: 0.369 | Acc: 88.180% (8818/10000)

Epoch: 102
 [=========================== 391/391 ============================>]  Step: 62ms | Tot: 35s343ms | Loss: 0.269 | Acc: 90.746% (45373/50000)
 [=========================== 100/100 ============================>]  Step: 22ms | Tot: 2s280ms | Loss: 0.308 | Acc: 89.630% (8963/10000)

Epoch: 103
 [=========================== 391/391 ============================>]  Step: 62ms | Tot: 35s456ms | Loss: 0.271 | Acc: 90.650% (45325/50000)
 [=========================== 100/100 ============================>]  Step: 23ms | Tot: 2s287ms | Loss: 0.290 | Acc: 90.490% (9049/10000)
Saving..

Epoch: 104
 [=========================== 391/391 ============================>]  Step: 62ms | Tot: 35s759ms | Loss: 0.262 | Acc: 90.888% (45444/50000)
 [=========================== 100/100 ============================>]  Step: 23ms | Tot: 2s325ms | Loss: 0.323 | Acc: 89.360% (8936/10000)

Epoch: 105
 [=========================== 391/391 ============================>]  Step: 62ms | Tot: 36s138ms | Loss: 0.256 | Acc: 91.240% (45620/50000)
 [=========================== 100/100 ============================>]  Step: 22ms | Tot: 2s295ms | Loss: 0.313 | Acc: 89.590% (8959/10000)

Epoch: 106
 [=========================== 391/391 ============================>]  Step: 61ms | Tot: 35s368ms | Loss: 0.259 | Acc: 91.058% (45529/50000)
 [=========================== 100/100 ============================>]  Step: 23ms | Tot: 2s262ms | Loss: 0.329 | Acc: 89.150% (8915/10000)

Epoch: 107
 [=========================== 391/391 ============================>]  Step: 61ms | Tot: 35s84ms | Loss: 0.252 | Acc: 91.448% (45724/50000)
 [=========================== 100/100 ============================>]  Step: 23ms | Tot: 2s252ms | Loss: 0.546 | Acc: 83.970% (8397/10000)

Epoch: 108
 [=========================== 391/391 ============================>]  Step: 60ms | Tot: 35s89ms | Loss: 0.253 | Acc: 91.340% (45670/50000)
 [=========================== 100/100 ============================>]  Step: 22ms | Tot: 2s255ms | Loss: 0.272 | Acc: 91.080% (9108/10000)
Saving..

Epoch: 109
 [=========================== 391/391 ============================>]  Step: 62ms | Tot: 35s180ms | Loss: 0.255 | Acc: 91.170% (45585/50000)
 [=========================== 100/100 ============================>]  Step: 22ms | Tot: 2s258ms | Loss: 0.315 | Acc: 89.730% (8973/10000)

Epoch: 110
 [=========================== 391/391 ============================>]  Step: 61ms | Tot: 35s272ms | Loss: 0.243 | Acc: 91.634% (45817/50000)
 [=========================== 100/100 ============================>]  Step: 22ms | Tot: 2s270ms | Loss: 0.374 | Acc: 88.060% (8806/10000)

Epoch: 111
 [=========================== 391/391 ============================>]  Step: 62ms | Tot: 35s516ms | Loss: 0.243 | Acc: 91.610% (45805/50000)
 [=========================== 100/100 ============================>]  Step: 22ms | Tot: 2s292ms | Loss: 0.301 | Acc: 90.580% (9058/10000)

Epoch: 112
 [=========================== 391/391 ============================>]  Step: 63ms | Tot: 35s888ms | Loss: 0.237 | Acc: 91.920% (45960/50000)
 [=========================== 100/100 ============================>]  Step: 23ms | Tot: 2s333ms | Loss: 0.337 | Acc: 89.200% (8920/10000)

Epoch: 113
 [=========================== 391/391 ============================>]  Step: 62ms | Tot: 36s155ms | Loss: 0.238 | Acc: 91.746% (45873/50000)
 [=========================== 100/100 ============================>]  Step: 23ms | Tot: 2s288ms | Loss: 0.343 | Acc: 88.810% (8881/10000)

Epoch: 114
 [=========================== 391/391 ============================>]  Step: 61ms | Tot: 35s324ms | Loss: 0.233 | Acc: 91.898% (45949/50000)
 [=========================== 100/100 ============================>]  Step: 22ms | Tot: 2s260ms | Loss: 0.326 | Acc: 89.590% (8959/10000)

Epoch: 115
 [=========================== 391/391 ============================>]  Step: 60ms | Tot: 35s82ms | Loss: 0.232 | Acc: 91.950% (45975/50000)
 [=========================== 100/100 ============================>]  Step: 23ms | Tot: 2s254ms | Loss: 0.287 | Acc: 90.270% (9027/10000)

Epoch: 116
 [=========================== 391/391 ============================>]  Step: 60ms | Tot: 35s84ms | Loss: 0.224 | Acc: 92.236% (46118/50000)
 [=========================== 100/100 ============================>]  Step: 23ms | Tot: 2s258ms | Loss: 0.328 | Acc: 88.940% (8894/10000)

Epoch: 117
 [=========================== 391/391 ============================>]  Step: 62ms | Tot: 35s160ms | Loss: 0.222 | Acc: 92.296% (46148/50000)
 [=========================== 100/100 ============================>]  Step: 23ms | Tot: 2s266ms | Loss: 0.359 | Acc: 88.630% (8863/10000)

Epoch: 118
 [=========================== 391/391 ============================>]  Step: 62ms | Tot: 35s316ms | Loss: 0.228 | Acc: 92.116% (46058/50000)
 [=========================== 100/100 ============================>]  Step: 22ms | Tot: 2s276ms | Loss: 0.284 | Acc: 90.430% (9043/10000)

Epoch: 119
 [=========================== 391/391 ============================>]  Step: 63ms | Tot: 35s535ms | Loss: 0.215 | Acc: 92.600% (46300/50000)
 [=========================== 100/100 ============================>]  Step: 23ms | Tot: 2s304ms | Loss: 0.264 | Acc: 91.000% (9100/10000)

Epoch: 120
 [=========================== 391/391 ============================>]  Step: 62ms | Tot: 35s943ms | Loss: 0.214 | Acc: 92.722% (46361/50000)
 [=========================== 100/100 ============================>]  Step: 23ms | Tot: 2s339ms | Loss: 0.282 | Acc: 90.940% (9094/10000)

Epoch: 121
 [=========================== 391/391 ============================>]  Step: 62ms | Tot: 36s139ms | Loss: 0.211 | Acc: 92.764% (46382/50000)
 [=========================== 100/100 ============================>]  Step: 23ms | Tot: 2s295ms | Loss: 0.267 | Acc: 91.050% (9105/10000)

Epoch: 122
 [=========================== 391/391 ============================>]  Step: 61ms | Tot: 35s346ms | Loss: 0.210 | Acc: 92.788% (46394/50000)
 [=========================== 100/100 ============================>]  Step: 23ms | Tot: 2s255ms | Loss: 0.273 | Acc: 90.830% (9083/10000)

Epoch: 123
 [=========================== 391/391 ============================>]  Step: 61ms | Tot: 35s83ms | Loss: 0.205 | Acc: 92.970% (46485/50000)
 [=========================== 100/100 ============================>]  Step: 23ms | Tot: 2s264ms | Loss: 0.254 | Acc: 91.650% (9165/10000)
Saving..

Epoch: 124
 [=========================== 391/391 ============================>]  Step: 60ms | Tot: 34s996ms | Loss: 0.201 | Acc: 93.000% (46500/50000)
 [=========================== 100/100 ============================>]  Step: 22ms | Tot: 2s260ms | Loss: 0.297 | Acc: 90.530% (9053/10000)

Epoch: 125
 [=========================== 391/391 ============================>]  Step: 61ms | Tot: 34s963ms | Loss: 0.195 | Acc: 93.290% (46645/50000)
 [=========================== 100/100 ============================>]  Step: 22ms | Tot: 2s240ms | Loss: 0.366 | Acc: 88.690% (8869/10000)

Epoch: 126
 [=========================== 391/391 ============================>]  Step: 61ms | Tot: 34s950ms | Loss: 0.197 | Acc: 93.200% (46600/50000)
 [=========================== 100/100 ============================>]  Step: 22ms | Tot: 2s245ms | Loss: 0.247 | Acc: 91.850% (9185/10000)
Saving..

Epoch: 127
 [=========================== 391/391 ============================>]  Step: 61ms | Tot: 34s955ms | Loss: 0.190 | Acc: 93.484% (46742/50000)
 [=========================== 100/100 ============================>]  Step: 22ms | Tot: 2s242ms | Loss: 0.254 | Acc: 91.730% (9173/10000)

Epoch: 128
 [=========================== 391/391 ============================>]  Step: 60ms | Tot: 34s905ms | Loss: 0.185 | Acc: 93.620% (46810/50000)
 [=========================== 100/100 ============================>]  Step: 22ms | Tot: 2s246ms | Loss: 0.315 | Acc: 90.280% (9028/10000)

Epoch: 129
 [=========================== 391/391 ============================>]  Step: 61ms | Tot: 34s921ms | Loss: 0.185 | Acc: 93.556% (46778/50000)
 [=========================== 100/100 ============================>]  Step: 22ms | Tot: 2s238ms | Loss: 0.279 | Acc: 91.100% (9110/10000)

Epoch: 130
 [=========================== 391/391 ============================>]  Step: 61ms | Tot: 34s897ms | Loss: 0.181 | Acc: 93.778% (46889/50000)
 [=========================== 100/100 ============================>]  Step: 21ms | Tot: 2s241ms | Loss: 0.267 | Acc: 91.490% (9149/10000)

Epoch: 131
 [=========================== 391/391 ============================>]  Step: 61ms | Tot: 34s917ms | Loss: 0.174 | Acc: 94.012% (47006/50000)
 [=========================== 100/100 ============================>]  Step: 22ms | Tot: 2s245ms | Loss: 0.296 | Acc: 90.910% (9091/10000)

Epoch: 132
 [=========================== 391/391 ============================>]  Step: 62ms | Tot: 34s980ms | Loss: 0.171 | Acc: 94.106% (47053/50000)
 [=========================== 100/100 ============================>]  Step: 22ms | Tot: 2s256ms | Loss: 0.267 | Acc: 91.580% (9158/10000)

Epoch: 133
 [=========================== 391/391 ============================>]  Step: 62ms | Tot: 35s155ms | Loss: 0.166 | Acc: 94.344% (47172/50000)
 [=========================== 100/100 ============================>]  Step: 22ms | Tot: 2s257ms | Loss: 0.386 | Acc: 88.460% (8846/10000)

Epoch: 134
 [=========================== 391/391 ============================>]  Step: 61ms | Tot: 35s250ms | Loss: 0.163 | Acc: 94.390% (47195/50000)
 [=========================== 100/100 ============================>]  Step: 22ms | Tot: 2s268ms | Loss: 0.294 | Acc: 90.910% (9091/10000)

Epoch: 135
 [=========================== 391/391 ============================>]  Step: 62ms | Tot: 35s489ms | Loss: 0.169 | Acc: 94.210% (47105/50000)
 [=========================== 100/100 ============================>]  Step: 23ms | Tot: 2s294ms | Loss: 0.302 | Acc: 90.600% (9060/10000)

Epoch: 136
 [=========================== 391/391 ============================>]  Step: 62ms | Tot: 35s920ms | Loss: 0.157 | Acc: 94.692% (47346/50000)
 [=========================== 100/100 ============================>]  Step: 23ms | Tot: 2s335ms | Loss: 0.325 | Acc: 90.070% (9007/10000)

Epoch: 137
 [=========================== 391/391 ============================>]  Step: 62ms | Tot: 35s914ms | Loss: 0.155 | Acc: 94.688% (47344/50000)
 [=========================== 100/100 ============================>]  Step: 23ms | Tot: 2s276ms | Loss: 0.232 | Acc: 92.790% (9279/10000)
Saving..

Epoch: 138
 [=========================== 391/391 ============================>]  Step: 62ms | Tot: 35s229ms | Loss: 0.152 | Acc: 94.642% (47321/50000)
 [=========================== 100/100 ============================>]  Step: 22ms | Tot: 2s258ms | Loss: 0.262 | Acc: 91.730% (9173/10000)

Epoch: 139
 [=========================== 391/391 ============================>]  Step: 60ms | Tot: 35s100ms | Loss: 0.147 | Acc: 94.922% (47461/50000)
 [=========================== 100/100 ============================>]  Step: 23ms | Tot: 2s258ms | Loss: 0.254 | Acc: 92.290% (9229/10000)

Epoch: 140
 [=========================== 391/391 ============================>]  Step: 62ms | Tot: 35s115ms | Loss: 0.145 | Acc: 95.028% (47514/50000)
 [=========================== 100/100 ============================>]  Step: 23ms | Tot: 2s267ms | Loss: 0.260 | Acc: 92.010% (9201/10000)

Epoch: 141
 [=========================== 391/391 ============================>]  Step: 62ms | Tot: 35s228ms | Loss: 0.138 | Acc: 95.330% (47665/50000)
 [=========================== 100/100 ============================>]  Step: 22ms | Tot: 2s271ms | Loss: 0.221 | Acc: 93.020% (9302/10000)
Saving..

Epoch: 142
 [=========================== 391/391 ============================>]  Step: 62ms | Tot: 35s360ms | Loss: 0.137 | Acc: 95.332% (47666/50000)
 [=========================== 100/100 ============================>]  Step: 23ms | Tot: 2s286ms | Loss: 0.230 | Acc: 92.770% (9277/10000)

Epoch: 143
 [=========================== 391/391 ============================>]  Step: 63ms | Tot: 35s632ms | Loss: 0.138 | Acc: 95.306% (47653/50000)
 [=========================== 100/100 ============================>]  Step: 23ms | Tot: 2s306ms | Loss: 0.228 | Acc: 92.730% (9273/10000)

Epoch: 144
 [=========================== 391/391 ============================>]  Step: 64ms | Tot: 36s107ms | Loss: 0.128 | Acc: 95.664% (47832/50000)
 [=========================== 100/100 ============================>]  Step: 23ms | Tot: 2s355ms | Loss: 0.249 | Acc: 92.210% (9221/10000)

Epoch: 145
 [=========================== 391/391 ============================>]  Step: 62ms | Tot: 35s790ms | Loss: 0.124 | Acc: 95.772% (47886/50000)
 [=========================== 100/100 ============================>]  Step: 22ms | Tot: 2s282ms | Loss: 0.233 | Acc: 92.810% (9281/10000)

Epoch: 146
 [=========================== 391/391 ============================>]  Step: 62ms | Tot: 35s209ms | Loss: 0.122 | Acc: 95.886% (47943/50000)
 [=========================== 100/100 ============================>]  Step: 22ms | Tot: 2s258ms | Loss: 0.235 | Acc: 92.650% (9265/10000)

Epoch: 147
 [=========================== 391/391 ============================>]  Step: 60ms | Tot: 35s74ms | Loss: 0.126 | Acc: 95.652% (47826/50000)
 [=========================== 100/100 ============================>]  Step: 22ms | Tot: 2s257ms | Loss: 0.260 | Acc: 92.060% (9206/10000)

Epoch: 148
 [=========================== 391/391 ============================>]  Step: 61ms | Tot: 35s145ms | Loss: 0.118 | Acc: 95.944% (47972/50000)
 [=========================== 100/100 ============================>]  Step: 22ms | Tot: 2s254ms | Loss: 0.242 | Acc: 92.690% (9269/10000)

Epoch: 149
 [=========================== 391/391 ============================>]  Step: 61ms | Tot: 35s229ms | Loss: 0.119 | Acc: 95.990% (47995/50000)
 [=========================== 100/100 ============================>]  Step: 22ms | Tot: 2s268ms | Loss: 0.220 | Acc: 93.510% (9351/10000)
Saving..

Epoch: 150
 [=========================== 391/391 ============================>]  Step: 62ms | Tot: 35s428ms | Loss: 0.112 | Acc: 96.204% (48102/50000)
 [=========================== 100/100 ============================>]  Step: 23ms | Tot: 2s289ms | Loss: 0.245 | Acc: 92.530% (9253/10000)

Epoch: 151
 [=========================== 391/391 ============================>]  Step: 61ms | Tot: 35s691ms | Loss: 0.103 | Acc: 96.566% (48283/50000)
 [=========================== 100/100 ============================>]  Step: 23ms | Tot: 2s316ms | Loss: 0.232 | Acc: 93.050% (9305/10000)

Epoch: 152
 [=========================== 391/391 ============================>]  Step: 63ms | Tot: 36s280ms | Loss: 0.106 | Acc: 96.434% (48217/50000)
 [=========================== 100/100 ============================>]  Step: 23ms | Tot: 2s358ms | Loss: 0.225 | Acc: 93.180% (9318/10000)

Epoch: 153
 [=========================== 391/391 ============================>]  Step: 61ms | Tot: 35s734ms | Loss: 0.101 | Acc: 96.604% (48302/50000)
 [=========================== 100/100 ============================>]  Step: 22ms | Tot: 2s273ms | Loss: 0.201 | Acc: 94.030% (9403/10000)
Saving..

Epoch: 154
 [=========================== 391/391 ============================>]  Step: 61ms | Tot: 35s175ms | Loss: 0.098 | Acc: 96.744% (48372/50000)
 [=========================== 100/100 ============================>]  Step: 22ms | Tot: 2s253ms | Loss: 0.196 | Acc: 94.030% (9403/10000)

Epoch: 155
 [=========================== 391/391 ============================>]  Step: 61ms | Tot: 35s65ms | Loss: 0.092 | Acc: 96.968% (48484/50000)
 [=========================== 100/100 ============================>]  Step: 22ms | Tot: 2s260ms | Loss: 0.207 | Acc: 93.700% (9370/10000)

Epoch: 156
 [=========================== 391/391 ============================>]  Step: 61ms | Tot: 35s184ms | Loss: 0.092 | Acc: 96.922% (48461/50000)
 [=========================== 100/100 ============================>]  Step: 23ms | Tot: 2s264ms | Loss: 0.206 | Acc: 93.820% (9382/10000)

Epoch: 157
 [=========================== 391/391 ============================>]  Step: 62ms | Tot: 35s228ms | Loss: 0.089 | Acc: 96.968% (48484/50000)
 [=========================== 100/100 ============================>]  Step: 22ms | Tot: 2s262ms | Loss: 0.230 | Acc: 93.390% (9339/10000)

Epoch: 158
 [=========================== 391/391 ============================>]  Step: 62ms | Tot: 35s447ms | Loss: 0.085 | Acc: 97.072% (48536/50000)
 [=========================== 100/100 ============================>]  Step: 22ms | Tot: 2s282ms | Loss: 0.206 | Acc: 93.870% (9387/10000)

Epoch: 159
 [=========================== 391/391 ============================>]  Step: 63ms | Tot: 35s731ms | Loss: 0.079 | Acc: 97.366% (48683/50000)
 [=========================== 100/100 ============================>]  Step: 23ms | Tot: 2s321ms | Loss: 0.209 | Acc: 93.960% (9396/10000)

Epoch: 160
 [=========================== 391/391 ============================>]  Step: 63ms | Tot: 36s285ms | Loss: 0.078 | Acc: 97.406% (48703/50000)
 [=========================== 100/100 ============================>]  Step: 23ms | Tot: 2s331ms | Loss: 0.198 | Acc: 93.910% (9391/10000)

Epoch: 161
 [=========================== 391/391 ============================>]  Step: 61ms | Tot: 35s542ms | Loss: 0.072 | Acc: 97.604% (48802/50000)
 [=========================== 100/100 ============================>]  Step: 22ms | Tot: 2s262ms | Loss: 0.194 | Acc: 94.300% (9430/10000)
Saving..

Epoch: 162
 [=========================== 391/391 ============================>]  Step: 61ms | Tot: 35s144ms | Loss: 0.068 | Acc: 97.752% (48876/50000)
 [=========================== 100/100 ============================>]  Step: 22ms | Tot: 2s243ms | Loss: 0.189 | Acc: 94.480% (9448/10000)
Saving..

Epoch: 163
 [=========================== 391/391 ============================>]  Step: 61ms | Tot: 35s52ms | Loss: 0.069 | Acc: 97.720% (48860/50000)
 [=========================== 100/100 ============================>]  Step: 22ms | Tot: 2s248ms | Loss: 0.194 | Acc: 94.290% (9429/10000)

Epoch: 164
 [=========================== 391/391 ============================>]  Step: 60ms | Tot: 35s136ms | Loss: 0.067 | Acc: 97.830% (48915/50000)
 [=========================== 100/100 ============================>]  Step: 23ms | Tot: 2s259ms | Loss: 0.206 | Acc: 94.360% (9436/10000)

Epoch: 165
 [=========================== 391/391 ============================>]  Step: 62ms | Tot: 35s246ms | Loss: 0.061 | Acc: 97.946% (48973/50000)
 [=========================== 100/100 ============================>]  Step: 23ms | Tot: 2s266ms | Loss: 0.198 | Acc: 94.360% (9436/10000)

Epoch: 166
 [=========================== 391/391 ============================>]  Step: 62ms | Tot: 35s467ms | Loss: 0.063 | Acc: 97.952% (48976/50000)
 [=========================== 100/100 ============================>]  Step: 22ms | Tot: 2s289ms | Loss: 0.183 | Acc: 95.080% (9508/10000)
Saving..

Epoch: 167
 [=========================== 391/391 ============================>]  Step: 63ms | Tot: 35s776ms | Loss: 0.058 | Acc: 98.074% (49037/50000)
 [=========================== 100/100 ============================>]  Step: 23ms | Tot: 2s327ms | Loss: 0.186 | Acc: 94.640% (9464/10000)

Epoch: 168
 [=========================== 391/391 ============================>]  Step: 62ms | Tot: 36s268ms | Loss: 0.054 | Acc: 98.248% (49124/50000)
 [=========================== 100/100 ============================>]  Step: 23ms | Tot: 2s313ms | Loss: 0.188 | Acc: 94.700% (9470/10000)

Epoch: 169
 [=========================== 391/391 ============================>]  Step: 62ms | Tot: 35s451ms | Loss: 0.053 | Acc: 98.258% (49129/50000)
 [=========================== 100/100 ============================>]  Step: 21ms | Tot: 2s258ms | Loss: 0.185 | Acc: 94.760% (9476/10000)

Epoch: 170
 [=========================== 391/391 ============================>]  Step: 60ms | Tot: 35s95ms | Loss: 0.048 | Acc: 98.416% (49208/50000)
 [=========================== 100/100 ============================>]  Step: 23ms | Tot: 2s249ms | Loss: 0.189 | Acc: 94.720% (9472/10000)

Epoch: 171
 [=========================== 391/391 ============================>]  Step: 62ms | Tot: 35s91ms | Loss: 0.048 | Acc: 98.458% (49229/50000)
 [=========================== 100/100 ============================>]  Step: 22ms | Tot: 2s252ms | Loss: 0.178 | Acc: 95.140% (9514/10000)
Saving..

Epoch: 172
 [=========================== 391/391 ============================>]  Step: 62ms | Tot: 35s163ms | Loss: 0.046 | Acc: 98.522% (49261/50000)
 [=========================== 100/100 ============================>]  Step: 23ms | Tot: 2s270ms | Loss: 0.176 | Acc: 95.190% (9519/10000)
Saving..

Epoch: 173
 [=========================== 391/391 ============================>]  Step: 62ms | Tot: 35s284ms | Loss: 0.044 | Acc: 98.536% (49268/50000)
 [=========================== 100/100 ============================>]  Step: 22ms | Tot: 2s270ms | Loss: 0.171 | Acc: 95.210% (9521/10000)
Saving..

Epoch: 174
 [=========================== 391/391 ============================>]  Step: 61ms | Tot: 35s477ms | Loss: 0.040 | Acc: 98.758% (49379/50000)
 [=========================== 100/100 ============================>]  Step: 22ms | Tot: 2s290ms | Loss: 0.163 | Acc: 95.330% (9533/10000)
Saving..

Epoch: 175
 [=========================== 391/391 ============================>]  Step: 63ms | Tot: 35s851ms | Loss: 0.042 | Acc: 98.602% (49301/50000)
 [=========================== 100/100 ============================>]  Step: 23ms | Tot: 2s333ms | Loss: 0.169 | Acc: 94.780% (9478/10000)

Epoch: 176
 [=========================== 391/391 ============================>]  Step: 62ms | Tot: 36s240ms | Loss: 0.038 | Acc: 98.776% (49388/50000)
 [=========================== 100/100 ============================>]  Step: 22ms | Tot: 2s297ms | Loss: 0.155 | Acc: 95.750% (9575/10000)
Saving..

Epoch: 177
 [=========================== 391/391 ============================>]  Step: 61ms | Tot: 35s429ms | Loss: 0.037 | Acc: 98.806% (49403/50000)
 [=========================== 100/100 ============================>]  Step: 23ms | Tot: 2s264ms | Loss: 0.159 | Acc: 95.440% (9544/10000)

Epoch: 178
 [=========================== 391/391 ============================>]  Step: 60ms | Tot: 35s153ms | Loss: 0.036 | Acc: 98.846% (49423/50000)
 [=========================== 100/100 ============================>]  Step: 22ms | Tot: 2s258ms | Loss: 0.163 | Acc: 95.270% (9527/10000)

Epoch: 179
 [=========================== 391/391 ============================>]  Step: 60ms | Tot: 35s103ms | Loss: 0.033 | Acc: 98.952% (49476/50000)
 [=========================== 100/100 ============================>]  Step: 22ms | Tot: 2s264ms | Loss: 0.154 | Acc: 95.660% (9566/10000)

Epoch: 180
 [=========================== 391/391 ============================>]  Step: 60ms | Tot: 35s233ms | Loss: 0.033 | Acc: 98.964% (49482/50000)
 [=========================== 100/100 ============================>]  Step: 22ms | Tot: 2s267ms | Loss: 0.153 | Acc: 95.530% (9553/10000)

Epoch: 181
 [=========================== 391/391 ============================>]  Step: 61ms | Tot: 35s326ms | Loss: 0.032 | Acc: 99.004% (49502/50000)
 [=========================== 100/100 ============================>]  Step: 23ms | Tot: 2s288ms | Loss: 0.155 | Acc: 95.570% (9557/10000)

Epoch: 182
 [=========================== 391/391 ============================>]  Step: 61ms | Tot: 35s555ms | Loss: 0.030 | Acc: 99.014% (49507/50000)
 [=========================== 100/100 ============================>]  Step: 22ms | Tot: 2s302ms | Loss: 0.155 | Acc: 95.670% (9567/10000)

Epoch: 183
 [=========================== 391/391 ============================>]  Step: 62ms | Tot: 36s19ms | Loss: 0.030 | Acc: 99.122% (49561/50000)
 [=========================== 100/100 ============================>]  Step: 23ms | Tot: 2s348ms | Loss: 0.152 | Acc: 95.710% (9571/10000)

Epoch: 184
 [=========================== 391/391 ============================>]  Step: 61ms | Tot: 36s187ms | Loss: 0.030 | Acc: 99.112% (49556/50000)
 [=========================== 100/100 ============================>]  Step: 22ms | Tot: 2s283ms | Loss: 0.152 | Acc: 95.800% (9580/10000)
Saving..

Epoch: 185
 [=========================== 391/391 ============================>]  Step: 60ms | Tot: 35s305ms | Loss: 0.026 | Acc: 99.168% (49584/50000)
 [=========================== 100/100 ============================>]  Step: 23ms | Tot: 2s260ms | Loss: 0.152 | Acc: 95.750% (9575/10000)

Epoch: 186
 [=========================== 391/391 ============================>]  Step: 61ms | Tot: 35s68ms | Loss: 0.027 | Acc: 99.134% (49567/50000)
 [=========================== 100/100 ============================>]  Step: 22ms | Tot: 2s255ms | Loss: 0.149 | Acc: 95.790% (9579/10000)

Epoch: 187
 [=========================== 391/391 ============================>]  Step: 60ms | Tot: 35s133ms | Loss: 0.027 | Acc: 99.106% (49553/50000)
 [=========================== 100/100 ============================>]  Step: 22ms | Tot: 2s251ms | Loss: 0.147 | Acc: 95.870% (9587/10000)
Saving..

Epoch: 188
 [=========================== 391/391 ============================>]  Step: 61ms | Tot: 35s186ms | Loss: 0.026 | Acc: 99.160% (49580/50000)
 [=========================== 100/100 ============================>]  Step: 22ms | Tot: 2s260ms | Loss: 0.148 | Acc: 95.700% (9570/10000)

Epoch: 189
 [=========================== 391/391 ============================>]  Step: 62ms | Tot: 35s323ms | Loss: 0.024 | Acc: 99.286% (49643/50000)
 [=========================== 100/100 ============================>]  Step: 22ms | Tot: 2s274ms | Loss: 0.145 | Acc: 95.860% (9586/10000)

Epoch: 190
 [=========================== 391/391 ============================>]  Step: 62ms | Tot: 35s556ms | Loss: 0.025 | Acc: 99.194% (49597/50000)
 [=========================== 100/100 ============================>]  Step: 23ms | Tot: 2s299ms | Loss: 0.143 | Acc: 95.850% (9585/10000)

Epoch: 191
 [=========================== 391/391 ============================>]  Step: 62ms | Tot: 35s988ms | Loss: 0.024 | Acc: 99.266% (49633/50000)
 [=========================== 100/100 ============================>]  Step: 23ms | Tot: 2s344ms | Loss: 0.142 | Acc: 95.990% (9599/10000)
Saving..

Epoch: 192
 [=========================== 391/391 ============================>]  Step: 61ms | Tot: 36s39ms | Loss: 0.024 | Acc: 99.260% (49630/50000)
 [=========================== 100/100 ============================>]  Step: 23ms | Tot: 2s275ms | Loss: 0.142 | Acc: 95.860% (9586/10000)

Epoch: 193
 [=========================== 391/391 ============================>]  Step: 61ms | Tot: 35s232ms | Loss: 0.023 | Acc: 99.300% (49650/50000)
 [=========================== 100/100 ============================>]  Step: 22ms | Tot: 2s247ms | Loss: 0.141 | Acc: 95.860% (9586/10000)

Epoch: 194
 [=========================== 391/391 ============================>]  Step: 61ms | Tot: 35s65ms | Loss: 0.023 | Acc: 99.284% (49642/50000)
 [=========================== 100/100 ============================>]  Step: 22ms | Tot: 2s256ms | Loss: 0.143 | Acc: 95.780% (9578/10000)

Epoch: 195
 [=========================== 391/391 ============================>]  Step: 62ms | Tot: 35s92ms | Loss: 0.023 | Acc: 99.294% (49647/50000)
 [=========================== 100/100 ============================>]  Step: 22ms | Tot: 2s257ms | Loss: 0.142 | Acc: 95.750% (9575/10000)

Epoch: 196
 [=========================== 391/391 ============================>]  Step: 60ms | Tot: 35s208ms | Loss: 0.025 | Acc: 99.196% (49598/50000)
 [=========================== 100/100 ============================>]  Step: 22ms | Tot: 2s264ms | Loss: 0.142 | Acc: 95.930% (9593/10000)

Epoch: 197
 [=========================== 391/391 ============================>]  Step: 61ms | Tot: 35s328ms | Loss: 0.023 | Acc: 99.252% (49626/50000)
 [=========================== 100/100 ============================>]  Step: 23ms | Tot: 2s279ms | Loss: 0.143 | Acc: 95.820% (9582/10000)

Epoch: 198
 [=========================== 391/391 ============================>]  Step: 62ms | Tot: 35s598ms | Loss: 0.023 | Acc: 99.250% (49625/50000)
 [=========================== 100/100 ============================>]  Step: 22ms | Tot: 2s300ms | Loss: 0.142 | Acc: 95.870% (9587/10000)

Epoch: 199
 [=========================== 391/391 ============================>]  Step: 62ms | Tot: 36s95ms | Loss: 0.022 | Acc: 99.282% (49641/50000)
 [=========================== 100/100 ============================>]  Step: 23ms | Tot: 2s349ms | Loss: 0.142 | Acc: 95.860% (9586/10000)