Epoch: 0
 [=========================== 391/391 ============================>]  Step: 577ms | Tot: 23s425ms | Loss: 2.529 | Acc: 10.006% (5003/50000)                           
 [=========================== 100/100 ============================>]  Step: 18ms | Tot: 1s798ms | Loss: 2.301 | Acc: 10.280% (1028/10000)                             
Saving..

Epoch: 1
 [=========================== 391/391 ============================>]  Step: 45ms | Tot: 23s144ms | Loss: 2.297 | Acc: 10.476% (5238/50000)                            
 [=========================== 100/100 ============================>]  Step: 18ms | Tot: 1s803ms | Loss: 2.295 | Acc: 11.010% (1101/10000)                             
Saving..

Epoch: 2
 [=========================== 391/391 ============================>]  Step: 46ms | Tot: 23s438ms | Loss: 2.287 | Acc: 10.828% (5414/50000)                            
 [=========================== 100/100 ============================>]  Step: 18ms | Tot: 1s815ms | Loss: 2.279 | Acc: 11.880% (1188/10000)                             
Saving..

Epoch: 3
 [=========================== 391/391 ============================>]  Step: 46ms | Tot: 23s735ms | Loss: 2.152 | Acc: 15.074% (7537/50000)                            
 [=========================== 100/100 ============================>]  Step: 18ms | Tot: 1s847ms | Loss: 1.952 | Acc: 21.960% (2196/10000)                             
Saving..

Epoch: 4
 [=========================== 391/391 ============================>]  Step: 46ms | Tot: 23s785ms | Loss: 1.868 | Acc: 24.346% (12173/50000)                           
 [=========================== 100/100 ============================>]  Step: 19ms | Tot: 1s874ms | Loss: 1.761 | Acc: 28.710% (2871/10000)                             
Saving..

Epoch: 5
 [=========================== 391/391 ============================>]  Step: 47ms | Tot: 24s55ms | Loss: 1.650 | Acc: 34.502% (17251/50000)                            
 [=========================== 100/100 ============================>]  Step: 19ms | Tot: 1s915ms | Loss: 1.561 | Acc: 40.500% (4050/10000)                             
Saving..

Epoch: 6
 [=========================== 391/391 ============================>]  Step: 46ms | Tot: 24s331ms | Loss: 1.361 | Acc: 49.294% (24647/50000)                           
 [=========================== 100/100 ============================>]  Step: 19ms | Tot: 1s876ms | Loss: 1.495 | Acc: 48.970% (4897/10000)                             
Saving..

Epoch: 7
 [=========================== 391/391 ============================>]  Step: 46ms | Tot: 23s775ms | Loss: 1.122 | Acc: 59.240% (29620/50000)                           
 [=========================== 100/100 ============================>]  Step: 19ms | Tot: 1s837ms | Loss: 1.264 | Acc: 58.490% (5849/10000)                             
Saving..

Epoch: 8
 [=========================== 391/391 ============================>]  Step: 45ms | Tot: 23s631ms | Loss: 0.969 | Acc: 65.858% (32929/50000)                           
 [=========================== 100/100 ============================>]  Step: 19ms | Tot: 1s818ms | Loss: 2.008 | Acc: 46.570% (4657/10000)                             

Epoch: 9
 [=========================== 391/391 ============================>]  Step: 45ms | Tot: 23s484ms | Loss: 0.877 | Acc: 70.232% (35116/50000)                           
 [=========================== 100/100 ============================>]  Step: 18ms | Tot: 1s815ms | Loss: 1.021 | Acc: 66.820% (6682/10000)                             
Saving..

Epoch: 10
 [=========================== 391/391 ============================>]  Step: 46ms | Tot: 23s513ms | Loss: 0.797 | Acc: 73.494% (36747/50000)                           
 [=========================== 100/100 ============================>]  Step: 19ms | Tot: 1s820ms | Loss: 1.126 | Acc: 65.850% (6585/10000)                             

Epoch: 11
 [=========================== 391/391 ============================>]  Step: 46ms | Tot: 23s641ms | Loss: 0.731 | Acc: 75.912% (37956/50000)                           
 [=========================== 100/100 ============================>]  Step: 19ms | Tot: 1s819ms | Loss: 1.076 | Acc: 66.580% (6658/10000)                             

Epoch: 12
 [=========================== 391/391 ============================>]  Step: 45ms | Tot: 23s689ms | Loss: 0.698 | Acc: 77.282% (38641/50000)                           
 [=========================== 100/100 ============================>]  Step: 18ms | Tot: 1s833ms | Loss: 1.065 | Acc: 66.600% (6660/10000)                             

Epoch: 13
 [=========================== 391/391 ============================>]  Step: 46ms | Tot: 23s725ms | Loss: 0.674 | Acc: 78.080% (39040/50000)                           
 [=========================== 100/100 ============================>]  Step: 19ms | Tot: 1s850ms | Loss: 1.331 | Acc: 63.230% (6323/10000)                             

Epoch: 14
 [=========================== 391/391 ============================>]  Step: 47ms | Tot: 23s719ms | Loss: 0.640 | Acc: 79.288% (39644/50000)                           
 [=========================== 100/100 ============================>]  Step: 19ms | Tot: 1s857ms | Loss: 0.848 | Acc: 73.490% (7349/10000)                             
Saving..

Epoch: 15
 [=========================== 391/391 ============================>]  Step: 47ms | Tot: 23s837ms | Loss: 0.612 | Acc: 80.230% (40115/50000)                           
 [=========================== 100/100 ============================>]  Step: 18ms | Tot: 1s885ms | Loss: 0.957 | Acc: 70.370% (7037/10000)                             

Epoch: 16
 [=========================== 391/391 ============================>]  Step: 47ms | Tot: 24s257ms | Loss: 0.595 | Acc: 80.838% (40419/50000)                           
 [=========================== 100/100 ============================>]  Step: 19ms | Tot: 1s922ms | Loss: 0.836 | Acc: 74.830% (7483/10000)                             
Saving..

Epoch: 17
 [=========================== 391/391 ============================>]  Step: 47ms | Tot: 24s555ms | Loss: 0.592 | Acc: 81.024% (40512/50000)                           
 [=========================== 100/100 ============================>]  Step: 19ms | Tot: 1s885ms | Loss: 0.760 | Acc: 76.180% (7618/10000)                             
Saving..

Epoch: 18
 [=========================== 391/391 ============================>]  Step: 46ms | Tot: 23s801ms | Loss: 0.576 | Acc: 81.514% (40757/50000)                           
 [=========================== 100/100 ============================>]  Step: 19ms | Tot: 1s831ms | Loss: 0.705 | Acc: 78.270% (7827/10000)                             
Saving..

Epoch: 19
 [=========================== 391/391 ============================>]  Step: 45ms | Tot: 23s663ms | Loss: 0.570 | Acc: 81.850% (40925/50000)                           
 [=========================== 100/100 ============================>]  Step: 19ms | Tot: 1s819ms | Loss: 0.727 | Acc: 77.080% (7708/10000)                             

Epoch: 20
 [=========================== 391/391 ============================>]  Step: 45ms | Tot: 23s507ms | Loss: 0.555 | Acc: 82.166% (41083/50000)                           
 [=========================== 100/100 ============================>]  Step: 19ms | Tot: 1s821ms | Loss: 0.865 | Acc: 75.320% (7532/10000)                             

Epoch: 21
 [=========================== 391/391 ============================>]  Step: 45ms | Tot: 23s527ms | Loss: 0.541 | Acc: 82.694% (41347/50000)                           
 [=========================== 100/100 ============================>]  Step: 19ms | Tot: 1s821ms | Loss: 0.849 | Acc: 73.730% (7373/10000)                             

Epoch: 22
 [=========================== 391/391 ============================>]  Step: 45ms | Tot: 23s624ms | Loss: 0.545 | Acc: 82.544% (41272/50000)                           
 [=========================== 100/100 ============================>]  Step: 19ms | Tot: 1s823ms | Loss: 0.693 | Acc: 78.300% (7830/10000)                             
Saving..

Epoch: 23
 [=========================== 391/391 ============================>]  Step: 45ms | Tot: 23s672ms | Loss: 0.530 | Acc: 82.862% (41431/50000)                           
 [=========================== 100/100 ============================>]  Step: 19ms | Tot: 1s820ms | Loss: 0.819 | Acc: 75.300% (7530/10000)                             

Epoch: 24
 [=========================== 391/391 ============================>]  Step: 46ms | Tot: 23s702ms | Loss: 0.530 | Acc: 82.890% (41445/50000)                           
 [=========================== 100/100 ============================>]  Step: 18ms | Tot: 1s846ms | Loss: 0.688 | Acc: 78.540% (7854/10000)                             
Saving..

Epoch: 25
 [=========================== 391/391 ============================>]  Step: 46ms | Tot: 23s789ms | Loss: 0.520 | Acc: 83.052% (41526/50000)                           
 [=========================== 100/100 ============================>]  Step: 19ms | Tot: 1s857ms | Loss: 0.831 | Acc: 76.280% (7628/10000)                             

Epoch: 26
 [=========================== 391/391 ============================>]  Step: 46ms | Tot: 23s782ms | Loss: 0.510 | Acc: 83.528% (41764/50000)                           
 [=========================== 100/100 ============================>]  Step: 18ms | Tot: 1s882ms | Loss: 0.603 | Acc: 80.380% (8038/10000)                             
Saving..

Epoch: 27
 [=========================== 391/391 ============================>]  Step: 47ms | Tot: 24s276ms | Loss: 0.499 | Acc: 83.960% (41980/50000)                           
 [=========================== 100/100 ============================>]  Step: 20ms | Tot: 1s920ms | Loss: 1.121 | Acc: 67.940% (6794/10000)                             

Epoch: 28
 [=========================== 391/391 ============================>]  Step: 46ms | Tot: 24s583ms | Loss: 0.507 | Acc: 83.714% (41857/50000)                           
 [=========================== 100/100 ============================>]  Step: 20ms | Tot: 1s911ms | Loss: 0.785 | Acc: 76.390% (7639/10000)                             

Epoch: 29
 [=========================== 391/391 ============================>]  Step: 46ms | Tot: 23s803ms | Loss: 0.506 | Acc: 83.670% (41835/50000)                           
 [=========================== 100/100 ============================>]  Step: 18ms | Tot: 1s847ms | Loss: 0.615 | Acc: 80.040% (8004/10000)                             

Epoch: 30
 [=========================== 391/391 ============================>]  Step: 46ms | Tot: 23s694ms | Loss: 0.501 | Acc: 84.018% (42009/50000)                           
 [=========================== 100/100 ============================>]  Step: 19ms | Tot: 1s821ms | Loss: 0.730 | Acc: 77.340% (7734/10000)                             

Epoch: 31
 [=========================== 391/391 ============================>]  Step: 45ms | Tot: 23s550ms | Loss: 0.487 | Acc: 84.410% (42205/50000)                           
 [=========================== 100/100 ============================>]  Step: 19ms | Tot: 1s817ms | Loss: 0.650 | Acc: 79.020% (7902/10000)                             

Epoch: 32
 [=========================== 391/391 ============================>]  Step: 45ms | Tot: 23s525ms | Loss: 0.488 | Acc: 84.312% (42156/50000)                           
 [=========================== 100/100 ============================>]  Step: 18ms | Tot: 1s821ms | Loss: 0.855 | Acc: 72.630% (7263/10000)                             

Epoch: 33
 [=========================== 391/391 ============================>]  Step: 45ms | Tot: 23s561ms | Loss: 0.481 | Acc: 84.612% (42306/50000)                           
 [=========================== 100/100 ============================>]  Step: 18ms | Tot: 1s819ms | Loss: 0.716 | Acc: 77.560% (7756/10000)                             

Epoch: 34
 [=========================== 391/391 ============================>]  Step: 46ms | Tot: 23s640ms | Loss: 0.469 | Acc: 85.084% (42542/50000)                           
 [=========================== 100/100 ============================>]  Step: 19ms | Tot: 1s824ms | Loss: 0.750 | Acc: 78.170% (7817/10000)                             

Epoch: 35
 [=========================== 391/391 ============================>]  Step: 45ms | Tot: 23s731ms | Loss: 0.476 | Acc: 84.696% (42348/50000)                           
 [=========================== 100/100 ============================>]  Step: 19ms | Tot: 1s876ms | Loss: 0.608 | Acc: 81.210% (8121/10000)                             
Saving..

Epoch: 36
 [=========================== 391/391 ============================>]  Step: 46ms | Tot: 23s770ms | Loss: 0.471 | Acc: 85.106% (42553/50000)                           
 [=========================== 100/100 ============================>]  Step: 18ms | Tot: 1s853ms | Loss: 0.596 | Acc: 80.820% (8082/10000)                             

Epoch: 37
 [=========================== 391/391 ============================>]  Step: 45ms | Tot: 23s731ms | Loss: 0.464 | Acc: 85.234% (42617/50000)                           
 [=========================== 100/100 ============================>]  Step: 19ms | Tot: 1s876ms | Loss: 0.660 | Acc: 79.580% (7958/10000)                             

Epoch: 38
 [=========================== 391/391 ============================>]  Step: 47ms | Tot: 24s7ms | Loss: 0.460 | Acc: 85.480% (42740/50000)                             
 [=========================== 100/100 ============================>]  Step: 20ms | Tot: 1s901ms | Loss: 0.855 | Acc: 75.750% (7575/10000)                             

Epoch: 39
 [=========================== 391/391 ============================>]  Step: 49ms | Tot: 24s439ms | Loss: 0.466 | Acc: 85.224% (42612/50000)                           
 [=========================== 100/100 ============================>]  Step: 20ms | Tot: 1s937ms | Loss: 0.603 | Acc: 81.040% (8104/10000)                             

Epoch: 40
 [=========================== 391/391 ============================>]  Step: 47ms | Tot: 24s128ms | Loss: 0.457 | Acc: 85.306% (42653/50000)                           
 [=========================== 100/100 ============================>]  Step: 19ms | Tot: 1s856ms | Loss: 0.562 | Acc: 82.780% (8278/10000)                             
Saving..

Epoch: 41
 [=========================== 391/391 ============================>]  Step: 45ms | Tot: 23s744ms | Loss: 0.448 | Acc: 85.662% (42831/50000)                           
 [=========================== 100/100 ============================>]  Step: 19ms | Tot: 1s821ms | Loss: 0.608 | Acc: 80.990% (8099/10000)                             

Epoch: 42
 [=========================== 391/391 ============================>]  Step: 45ms | Tot: 23s536ms | Loss: 0.451 | Acc: 85.638% (42819/50000)                           
 [=========================== 100/100 ============================>]  Step: 19ms | Tot: 1s823ms | Loss: 1.010 | Acc: 72.540% (7254/10000)                             

Epoch: 43
 [=========================== 391/391 ============================>]  Step: 45ms | Tot: 23s460ms | Loss: 0.448 | Acc: 85.588% (42794/50000)                           
 [=========================== 100/100 ============================>]  Step: 18ms | Tot: 1s813ms | Loss: 1.108 | Acc: 69.040% (6904/10000)                             

Epoch: 44
 [=========================== 391/391 ============================>]  Step: 46ms | Tot: 23s537ms | Loss: 0.442 | Acc: 85.920% (42960/50000)                           
 [=========================== 100/100 ============================>]  Step: 19ms | Tot: 1s822ms | Loss: 0.675 | Acc: 78.510% (7851/10000)                             

Epoch: 45
 [=========================== 391/391 ============================>]  Step: 46ms | Tot: 23s615ms | Loss: 0.439 | Acc: 85.994% (42997/50000)                           
 [=========================== 100/100 ============================>]  Step: 19ms | Tot: 1s832ms | Loss: 0.543 | Acc: 82.670% (8267/10000)                             

Epoch: 46
 [=========================== 391/391 ============================>]  Step: 45ms | Tot: 23s683ms | Loss: 0.436 | Acc: 86.170% (43085/50000)                           
 [=========================== 100/100 ============================>]  Step: 19ms | Tot: 1s837ms | Loss: 0.573 | Acc: 82.040% (8204/10000)                             

Epoch: 47
 [=========================== 391/391 ============================>]  Step: 46ms | Tot: 23s724ms | Loss: 0.438 | Acc: 86.162% (43081/50000)                           
 [=========================== 100/100 ============================>]  Step: 19ms | Tot: 1s851ms | Loss: 0.762 | Acc: 76.900% (7690/10000)                             

Epoch: 48
 [=========================== 391/391 ============================>]  Step: 46ms | Tot: 23s764ms | Loss: 0.435 | Acc: 86.046% (43023/50000)                           
 [=========================== 100/100 ============================>]  Step: 19ms | Tot: 1s875ms | Loss: 0.686 | Acc: 79.670% (7967/10000)                             

Epoch: 49
 [=========================== 391/391 ============================>]  Step: 46ms | Tot: 23s848ms | Loss: 0.435 | Acc: 86.102% (43051/50000)                           
 [=========================== 100/100 ============================>]  Step: 20ms | Tot: 1s890ms | Loss: 0.557 | Acc: 82.010% (8201/10000)                             

Epoch: 50
 [=========================== 391/391 ============================>]  Step: 46ms | Tot: 24s295ms | Loss: 0.428 | Acc: 86.208% (43104/50000)                           
 [=========================== 100/100 ============================>]  Step: 19ms | Tot: 1s918ms | Loss: 0.665 | Acc: 79.310% (7931/10000)                             

Epoch: 51
 [=========================== 391/391 ============================>]  Step: 46ms | Tot: 24s544ms | Loss: 0.430 | Acc: 86.266% (43133/50000)                           
 [=========================== 100/100 ============================>]  Step: 19ms | Tot: 1s895ms | Loss: 1.213 | Acc: 68.860% (6886/10000)                             

Epoch: 52
 [=========================== 391/391 ============================>]  Step: 46ms | Tot: 23s750ms | Loss: 0.417 | Acc: 86.724% (43362/50000)                           
 [=========================== 100/100 ============================>]  Step: 18ms | Tot: 1s841ms | Loss: 0.797 | Acc: 77.600% (7760/10000)                             

Epoch: 53
 [=========================== 391/391 ============================>]  Step: 46ms | Tot: 23s660ms | Loss: 0.419 | Acc: 86.608% (43304/50000)                           
 [=========================== 100/100 ============================>]  Step: 18ms | Tot: 1s818ms | Loss: 0.566 | Acc: 82.500% (8250/10000)                             

Epoch: 54
 [=========================== 391/391 ============================>]  Step: 46ms | Tot: 23s541ms | Loss: 0.417 | Acc: 86.714% (43357/50000)                           
 [=========================== 100/100 ============================>]  Step: 19ms | Tot: 1s821ms | Loss: 0.752 | Acc: 77.580% (7758/10000)                             

Epoch: 55
 [=========================== 391/391 ============================>]  Step: 45ms | Tot: 23s533ms | Loss: 0.421 | Acc: 86.592% (43296/50000)                           
 [=========================== 100/100 ============================>]  Step: 18ms | Tot: 1s847ms | Loss: 0.540 | Acc: 83.850% (8385/10000)                             
Saving..

Epoch: 56
 [=========================== 391/391 ============================>]  Step: 45ms | Tot: 23s573ms | Loss: 0.405 | Acc: 87.032% (43516/50000)                           
 [=========================== 100/100 ============================>]  Step: 19ms | Tot: 1s819ms | Loss: 0.770 | Acc: 78.730% (7873/10000)                             

Epoch: 57
 [=========================== 391/391 ============================>]  Step: 46ms | Tot: 23s651ms | Loss: 0.412 | Acc: 86.736% (43368/50000)                           
 [=========================== 100/100 ============================>]  Step: 19ms | Tot: 1s825ms | Loss: 0.606 | Acc: 81.120% (8112/10000)                             

Epoch: 58
 [=========================== 391/391 ============================>]  Step: 46ms | Tot: 23s707ms | Loss: 0.411 | Acc: 86.786% (43393/50000)                           
 [=========================== 100/100 ============================>]  Step: 19ms | Tot: 1s846ms | Loss: 0.594 | Acc: 81.450% (8145/10000)                             

Epoch: 59
 [=========================== 391/391 ============================>]  Step: 45ms | Tot: 23s743ms | Loss: 0.396 | Acc: 87.390% (43695/50000)                           
 [=========================== 100/100 ============================>]  Step: 19ms | Tot: 1s871ms | Loss: 0.644 | Acc: 80.630% (8063/10000)                             

Epoch: 60
 [=========================== 391/391 ============================>]  Step: 46ms | Tot: 23s735ms | Loss: 0.396 | Acc: 87.378% (43689/50000)                           
 [=========================== 100/100 ============================>]  Step: 19ms | Tot: 1s888ms | Loss: 0.671 | Acc: 80.050% (8005/10000)                             

Epoch: 61
 [=========================== 391/391 ============================>]  Step: 47ms | Tot: 24s157ms | Loss: 0.403 | Acc: 87.166% (43583/50000)                           
 [=========================== 100/100 ============================>]  Step: 19ms | Tot: 1s919ms | Loss: 0.848 | Acc: 75.560% (7556/10000)                             

Epoch: 62
 [=========================== 391/391 ============================>]  Step: 49ms | Tot: 24s607ms | Loss: 0.392 | Acc: 87.452% (43726/50000)                           
 [=========================== 100/100 ============================>]  Step: 19ms | Tot: 1s977ms | Loss: 0.799 | Acc: 78.230% (7823/10000)                             

Epoch: 63
 [=========================== 391/391 ============================>]  Step: 46ms | Tot: 24s86ms | Loss: 0.396 | Acc: 87.378% (43689/50000)                            
 [=========================== 100/100 ============================>]  Step: 19ms | Tot: 1s852ms | Loss: 0.589 | Acc: 81.590% (8159/10000)                             

Epoch: 64
 [=========================== 391/391 ============================>]  Step: 45ms | Tot: 23s728ms | Loss: 0.385 | Acc: 87.724% (43862/50000)                           
 [=========================== 100/100 ============================>]  Step: 18ms | Tot: 1s818ms | Loss: 0.627 | Acc: 81.340% (8134/10000)                             

Epoch: 65
 [=========================== 391/391 ============================>]  Step: 45ms | Tot: 23s596ms | Loss: 0.385 | Acc: 87.642% (43821/50000)                           
 [=========================== 100/100 ============================>]  Step: 19ms | Tot: 1s822ms | Loss: 0.649 | Acc: 80.860% (8086/10000)                             

Epoch: 66
 [=========================== 391/391 ============================>]  Step: 45ms | Tot: 23s511ms | Loss: 0.378 | Acc: 87.866% (43933/50000)                           
 [=========================== 100/100 ============================>]  Step: 19ms | Tot: 1s822ms | Loss: 0.596 | Acc: 81.840% (8184/10000)                             

Epoch: 67
 [=========================== 391/391 ============================>]  Step: 45ms | Tot: 23s549ms | Loss: 0.375 | Acc: 88.042% (44021/50000)                           
 [=========================== 100/100 ============================>]  Step: 19ms | Tot: 1s821ms | Loss: 0.808 | Acc: 77.870% (7787/10000)                             

Epoch: 68
 [=========================== 391/391 ============================>]  Step: 45ms | Tot: 23s639ms | Loss: 0.376 | Acc: 88.016% (44008/50000)                           
 [=========================== 100/100 ============================>]  Step: 19ms | Tot: 1s821ms | Loss: 0.799 | Acc: 76.800% (7680/10000)                             

Epoch: 69
 [=========================== 391/391 ============================>]  Step: 46ms | Tot: 23s695ms | Loss: 0.374 | Acc: 88.054% (44027/50000)                           
 [=========================== 100/100 ============================>]  Step: 19ms | Tot: 1s836ms | Loss: 0.587 | Acc: 81.810% (8181/10000)                             

Epoch: 70
 [=========================== 391/391 ============================>]  Step: 46ms | Tot: 23s707ms | Loss: 0.374 | Acc: 88.052% (44026/50000)                           
 [=========================== 100/100 ============================>]  Step: 18ms | Tot: 1s848ms | Loss: 0.646 | Acc: 79.770% (7977/10000)                             

Epoch: 71
 [=========================== 391/391 ============================>]  Step: 46ms | Tot: 23s745ms | Loss: 0.378 | Acc: 87.978% (43989/50000)                           
 [=========================== 100/100 ============================>]  Step: 19ms | Tot: 1s875ms | Loss: 0.437 | Acc: 86.240% (8624/10000)                             
Saving..

Epoch: 72
 [=========================== 391/391 ============================>]  Step: 46ms | Tot: 23s837ms | Loss: 0.365 | Acc: 88.328% (44164/50000)                           
 [=========================== 100/100 ============================>]  Step: 19ms | Tot: 1s895ms | Loss: 0.517 | Acc: 83.770% (8377/10000)                             

Epoch: 73
 [=========================== 391/391 ============================>]  Step: 47ms | Tot: 24s264ms | Loss: 0.367 | Acc: 88.308% (44154/50000)                           
 [=========================== 100/100 ============================>]  Step: 20ms | Tot: 1s929ms | Loss: 1.033 | Acc: 73.450% (7345/10000)                             

Epoch: 74
 [=========================== 391/391 ============================>]  Step: 47ms | Tot: 24s473ms | Loss: 0.356 | Acc: 88.718% (44359/50000)                           
 [=========================== 100/100 ============================>]  Step: 19ms | Tot: 1s880ms | Loss: 0.607 | Acc: 81.840% (8184/10000)                             

Epoch: 75
 [=========================== 391/391 ============================>]  Step: 46ms | Tot: 23s739ms | Loss: 0.359 | Acc: 88.526% (44263/50000)                           
 [=========================== 100/100 ============================>]  Step: 19ms | Tot: 1s837ms | Loss: 0.528 | Acc: 83.280% (8328/10000)                             

Epoch: 76
 [=========================== 391/391 ============================>]  Step: 46ms | Tot: 23s631ms | Loss: 0.357 | Acc: 88.638% (44319/50000)                           
 [=========================== 100/100 ============================>]  Step: 19ms | Tot: 1s822ms | Loss: 0.447 | Acc: 85.840% (8584/10000)                             

Epoch: 77
 [=========================== 391/391 ============================>]  Step: 46ms | Tot: 23s521ms | Loss: 0.355 | Acc: 88.560% (44280/50000)                           
 [=========================== 100/100 ============================>]  Step: 18ms | Tot: 1s822ms | Loss: 0.571 | Acc: 81.640% (8164/10000)                             

Epoch: 78
 [=========================== 391/391 ============================>]  Step: 45ms | Tot: 23s473ms | Loss: 0.352 | Acc: 88.772% (44386/50000)                           
 [=========================== 100/100 ============================>]  Step: 18ms | Tot: 1s820ms | Loss: 0.985 | Acc: 73.550% (7355/10000)                             

Epoch: 79
 [=========================== 391/391 ============================>]  Step: 46ms | Tot: 23s556ms | Loss: 0.345 | Acc: 89.042% (44521/50000)                           
 [=========================== 100/100 ============================>]  Step: 19ms | Tot: 1s825ms | Loss: 0.528 | Acc: 83.900% (8390/10000)                             

Epoch: 80
 [=========================== 391/391 ============================>]  Step: 46ms | Tot: 23s662ms | Loss: 0.350 | Acc: 88.820% (44410/50000)                           
 [=========================== 100/100 ============================>]  Step: 19ms | Tot: 1s838ms | Loss: 0.444 | Acc: 85.790% (8579/10000)                             

Epoch: 81
 [=========================== 391/391 ============================>]  Step: 46ms | Tot: 23s709ms | Loss: 0.335 | Acc: 89.252% (44626/50000)                           
 [=========================== 100/100 ============================>]  Step: 19ms | Tot: 1s845ms | Loss: 0.515 | Acc: 84.250% (8425/10000)                             

Epoch: 82
 [=========================== 391/391 ============================>]  Step: 46ms | Tot: 23s754ms | Loss: 0.341 | Acc: 89.108% (44554/50000)                           
 [=========================== 100/100 ============================>]  Step: 19ms | Tot: 1s870ms | Loss: 0.523 | Acc: 83.960% (8396/10000)                             

Epoch: 83
 [=========================== 391/391 ============================>]  Step: 46ms | Tot: 23s731ms | Loss: 0.326 | Acc: 89.482% (44741/50000)                           
 [=========================== 100/100 ============================>]  Step: 19ms | Tot: 1s876ms | Loss: 0.478 | Acc: 84.480% (8448/10000)                             

Epoch: 84
 [=========================== 391/391 ============================>]  Step: 47ms | Tot: 24s70ms | Loss: 0.328 | Acc: 89.580% (44790/50000)                            
 [=========================== 100/100 ============================>]  Step: 20ms | Tot: 1s923ms | Loss: 0.507 | Acc: 84.250% (8425/10000)                             

Epoch: 85
 [=========================== 391/391 ============================>]  Step: 47ms | Tot: 24s517ms | Loss: 0.324 | Acc: 89.688% (44844/50000)                           
 [=========================== 100/100 ============================>]  Step: 19ms | Tot: 1s957ms | Loss: 0.451 | Acc: 85.650% (8565/10000)                             

Epoch: 86
 [=========================== 391/391 ============================>]  Step: 46ms | Tot: 24s256ms | Loss: 0.317 | Acc: 89.678% (44839/50000)                           
 [=========================== 100/100 ============================>]  Step: 20ms | Tot: 1s870ms | Loss: 0.518 | Acc: 84.480% (8448/10000)                             

Epoch: 87
 [=========================== 391/391 ============================>]  Step: 46ms | Tot: 23s745ms | Loss: 0.321 | Acc: 89.652% (44826/50000)                           
 [=========================== 100/100 ============================>]  Step: 19ms | Tot: 1s817ms | Loss: 0.551 | Acc: 83.520% (8352/10000)                             

Epoch: 88
 [=========================== 391/391 ============================>]  Step: 46ms | Tot: 23s634ms | Loss: 0.309 | Acc: 89.996% (44998/50000)                           
 [=========================== 100/100 ============================>]  Step: 19ms | Tot: 1s818ms | Loss: 0.570 | Acc: 82.720% (8272/10000)                             

Epoch: 89
 [=========================== 391/391 ============================>]  Step: 45ms | Tot: 23s498ms | Loss: 0.311 | Acc: 89.996% (44998/50000)                           
 [=========================== 100/100 ============================>]  Step: 19ms | Tot: 1s822ms | Loss: 0.464 | Acc: 85.860% (8586/10000)                             

Epoch: 90
 [=========================== 391/391 ============================>]  Step: 45ms | Tot: 23s510ms | Loss: 0.299 | Acc: 90.374% (45187/50000)                           
 [=========================== 100/100 ============================>]  Step: 19ms | Tot: 1s819ms | Loss: 0.573 | Acc: 82.610% (8261/10000)                             

Epoch: 91
 [=========================== 391/391 ============================>]  Step: 45ms | Tot: 23s628ms | Loss: 0.312 | Acc: 90.032% (45016/50000)                           
 [=========================== 100/100 ============================>]  Step: 19ms | Tot: 1s823ms | Loss: 0.476 | Acc: 84.580% (8458/10000)                             

Epoch: 92
 [=========================== 391/391 ============================>]  Step: 46ms | Tot: 23s705ms | Loss: 0.298 | Acc: 90.336% (45168/50000)                           
 [=========================== 100/100 ============================>]  Step: 19ms | Tot: 1s833ms | Loss: 0.531 | Acc: 83.870% (8387/10000)                             

Epoch: 93
 [=========================== 391/391 ============================>]  Step: 46ms | Tot: 23s706ms | Loss: 0.295 | Acc: 90.480% (45240/50000)                           
 [=========================== 100/100 ============================>]  Step: 19ms | Tot: 1s851ms | Loss: 0.416 | Acc: 86.610% (8661/10000)                             
Saving..

Epoch: 94
 [=========================== 391/391 ============================>]  Step: 46ms | Tot: 23s766ms | Loss: 0.289 | Acc: 90.692% (45346/50000)                           
 [=========================== 100/100 ============================>]  Step: 19ms | Tot: 1s861ms | Loss: 0.682 | Acc: 79.230% (7923/10000)                             

Epoch: 95
 [=========================== 391/391 ============================>]  Step: 46ms | Tot: 23s829ms | Loss: 0.286 | Acc: 90.636% (45318/50000)                           
 [=========================== 100/100 ============================>]  Step: 20ms | Tot: 1s889ms | Loss: 0.499 | Acc: 85.030% (8503/10000)                             

Epoch: 96
 [=========================== 391/391 ============================>]  Step: 47ms | Tot: 24s253ms | Loss: 0.284 | Acc: 90.854% (45427/50000)                           
 [=========================== 100/100 ============================>]  Step: 19ms | Tot: 1s922ms | Loss: 0.584 | Acc: 82.610% (8261/10000)                             

Epoch: 97
 [=========================== 391/391 ============================>]  Step: 47ms | Tot: 24s530ms | Loss: 0.280 | Acc: 91.028% (45514/50000)                           
 [=========================== 100/100 ============================>]  Step: 20ms | Tot: 1s878ms | Loss: 0.621 | Acc: 81.570% (8157/10000)                             

Epoch: 98
 [=========================== 391/391 ============================>]  Step: 45ms | Tot: 23s750ms | Loss: 0.275 | Acc: 91.228% (45614/50000)                           
 [=========================== 100/100 ============================>]  Step: 19ms | Tot: 1s839ms | Loss: 0.590 | Acc: 81.890% (8189/10000)                             

Epoch: 99
 [=========================== 391/391 ============================>]  Step: 46ms | Tot: 23s664ms | Loss: 0.279 | Acc: 90.916% (45458/50000)                           
 [=========================== 100/100 ============================>]  Step: 18ms | Tot: 1s826ms | Loss: 0.588 | Acc: 82.420% (8242/10000)                             

Epoch: 100
 [=========================== 391/391 ============================>]  Step: 45ms | Tot: 23s484ms | Loss: 0.270 | Acc: 91.274% (45637/50000)                           
 [=========================== 100/100 ============================>]  Step: 19ms | Tot: 1s822ms | Loss: 0.441 | Acc: 86.380% (8638/10000)                             

Epoch: 101
 [=========================== 391/391 ============================>]  Step: 45ms | Tot: 23s473ms | Loss: 0.266 | Acc: 91.446% (45723/50000)                           
 [=========================== 100/100 ============================>]  Step: 19ms | Tot: 1s817ms | Loss: 0.559 | Acc: 83.410% (8341/10000)                             

Epoch: 102
 [=========================== 391/391 ============================>]  Step: 46ms | Tot: 23s567ms | Loss: 0.265 | Acc: 91.372% (45686/50000)                           
 [=========================== 100/100 ============================>]  Step: 18ms | Tot: 1s815ms | Loss: 0.482 | Acc: 85.250% (8525/10000)                             

Epoch: 103
 [=========================== 391/391 ============================>]  Step: 46ms | Tot: 23s640ms | Loss: 0.257 | Acc: 91.572% (45786/50000)                           
 [=========================== 100/100 ============================>]  Step: 19ms | Tot: 1s820ms | Loss: 0.608 | Acc: 83.130% (8313/10000)                             

Epoch: 104
 [=========================== 391/391 ============================>]  Step: 46ms | Tot: 23s698ms | Loss: 0.254 | Acc: 91.938% (45969/50000)                           
 [=========================== 100/100 ============================>]  Step: 19ms | Tot: 1s841ms | Loss: 0.530 | Acc: 83.470% (8347/10000)                             

Epoch: 105
 [=========================== 391/391 ============================>]  Step: 46ms | Tot: 23s762ms | Loss: 0.252 | Acc: 91.936% (45968/50000)                           
 [=========================== 100/100 ============================>]  Step: 19ms | Tot: 1s856ms | Loss: 0.518 | Acc: 84.300% (8430/10000)                             

Epoch: 106
 [=========================== 391/391 ============================>]  Step: 46ms | Tot: 23s740ms | Loss: 0.245 | Acc: 92.064% (46032/50000)                           
 [=========================== 100/100 ============================>]  Step: 19ms | Tot: 1s875ms | Loss: 0.461 | Acc: 85.720% (8572/10000)                             

Epoch: 107
 [=========================== 391/391 ============================>]  Step: 47ms | Tot: 23s977ms | Loss: 0.246 | Acc: 91.972% (45986/50000)                           
 [=========================== 100/100 ============================>]  Step: 20ms | Tot: 1s899ms | Loss: 0.549 | Acc: 83.740% (8374/10000)                             

Epoch: 108
 [=========================== 391/391 ============================>]  Step: 48ms | Tot: 24s375ms | Loss: 0.241 | Acc: 92.146% (46073/50000)                           
 [=========================== 100/100 ============================>]  Step: 20ms | Tot: 1s942ms | Loss: 0.406 | Acc: 87.320% (8732/10000)                             
Saving..

Epoch: 109
 [=========================== 391/391 ============================>]  Step: 46ms | Tot: 24s24ms | Loss: 0.228 | Acc: 92.668% (46334/50000)                            
 [=========================== 100/100 ============================>]  Step: 18ms | Tot: 1s854ms | Loss: 0.534 | Acc: 84.800% (8480/10000)                             

Epoch: 110
 [=========================== 391/391 ============================>]  Step: 44ms | Tot: 23s706ms | Loss: 0.238 | Acc: 92.202% (46101/50000)                           
 [=========================== 100/100 ============================>]  Step: 19ms | Tot: 1s833ms | Loss: 0.421 | Acc: 86.820% (8682/10000)                             

Epoch: 111
 [=========================== 391/391 ============================>]  Step: 45ms | Tot: 23s538ms | Loss: 0.223 | Acc: 92.712% (46356/50000)                           
 [=========================== 100/100 ============================>]  Step: 18ms | Tot: 1s824ms | Loss: 0.441 | Acc: 86.680% (8668/10000)                             

Epoch: 112
 [=========================== 391/391 ============================>]  Step: 45ms | Tot: 23s467ms | Loss: 0.228 | Acc: 92.552% (46276/50000)                           
 [=========================== 100/100 ============================>]  Step: 19ms | Tot: 1s823ms | Loss: 0.506 | Acc: 85.110% (8511/10000)                             

Epoch: 113
 [=========================== 391/391 ============================>]  Step: 45ms | Tot: 23s497ms | Loss: 0.223 | Acc: 92.652% (46326/50000)                           
 [=========================== 100/100 ============================>]  Step: 19ms | Tot: 1s820ms | Loss: 0.395 | Acc: 87.760% (8776/10000)                             
Saving..

Epoch: 114
 [=========================== 391/391 ============================>]  Step: 45ms | Tot: 23s617ms | Loss: 0.226 | Acc: 92.788% (46394/50000)                           
 [=========================== 100/100 ============================>]  Step: 19ms | Tot: 1s821ms | Loss: 0.444 | Acc: 86.130% (8613/10000)                             

Epoch: 115
 [=========================== 391/391 ============================>]  Step: 46ms | Tot: 23s677ms | Loss: 0.214 | Acc: 93.092% (46546/50000)                           
 [=========================== 100/100 ============================>]  Step: 19ms | Tot: 1s837ms | Loss: 0.404 | Acc: 87.740% (8774/10000)                             

Epoch: 116
 [=========================== 391/391 ============================>]  Step: 46ms | Tot: 23s717ms | Loss: 0.212 | Acc: 93.050% (46525/50000)                           
 [=========================== 100/100 ============================>]  Step: 18ms | Tot: 1s849ms | Loss: 0.501 | Acc: 84.980% (8498/10000)                             

Epoch: 117
 [=========================== 391/391 ============================>]  Step: 46ms | Tot: 23s724ms | Loss: 0.209 | Acc: 93.196% (46598/50000)                           
 [=========================== 100/100 ============================>]  Step: 20ms | Tot: 1s875ms | Loss: 0.497 | Acc: 86.150% (8615/10000)                             

Epoch: 118
 [=========================== 391/391 ============================>]  Step: 45ms | Tot: 23s848ms | Loss: 0.203 | Acc: 93.406% (46703/50000)                           
 [=========================== 100/100 ============================>]  Step: 19ms | Tot: 1s898ms | Loss: 0.377 | Acc: 88.450% (8845/10000)                             
Saving..

Epoch: 119
 [=========================== 391/391 ============================>]  Step: 46ms | Tot: 24s349ms | Loss: 0.196 | Acc: 93.636% (46818/50000)                           
 [=========================== 100/100 ============================>]  Step: 19ms | Tot: 1s932ms | Loss: 0.436 | Acc: 87.290% (8729/10000)                             

Epoch: 120
 [=========================== 391/391 ============================>]  Step: 46ms | Tot: 24s500ms | Loss: 0.200 | Acc: 93.422% (46711/50000)                           
 [=========================== 100/100 ============================>]  Step: 19ms | Tot: 1s893ms | Loss: 0.422 | Acc: 87.370% (8737/10000)                             

Epoch: 121
 [=========================== 391/391 ============================>]  Step: 46ms | Tot: 23s746ms | Loss: 0.194 | Acc: 93.764% (46882/50000)                           
 [=========================== 100/100 ============================>]  Step: 19ms | Tot: 1s838ms | Loss: 0.404 | Acc: 87.610% (8761/10000)                             

Epoch: 122
 [=========================== 391/391 ============================>]  Step: 46ms | Tot: 23s626ms | Loss: 0.186 | Acc: 94.020% (47010/50000)                           
 [=========================== 100/100 ============================>]  Step: 18ms | Tot: 1s820ms | Loss: 0.439 | Acc: 87.290% (8729/10000)                             

Epoch: 123
 [=========================== 391/391 ============================>]  Step: 45ms | Tot: 23s486ms | Loss: 0.186 | Acc: 93.864% (46932/50000)                           
 [=========================== 100/100 ============================>]  Step: 19ms | Tot: 1s827ms | Loss: 0.426 | Acc: 87.740% (8774/10000)                             

Epoch: 124
 [=========================== 391/391 ============================>]  Step: 44ms | Tot: 23s464ms | Loss: 0.184 | Acc: 94.000% (47000/50000)                           
 [=========================== 100/100 ============================>]  Step: 19ms | Tot: 1s821ms | Loss: 0.359 | Acc: 89.050% (8905/10000)                             
Saving..

Epoch: 125
 [=========================== 391/391 ============================>]  Step: 45ms | Tot: 23s572ms | Loss: 0.175 | Acc: 94.208% (47104/50000)                           
 [=========================== 100/100 ============================>]  Step: 19ms | Tot: 1s824ms | Loss: 0.379 | Acc: 88.670% (8867/10000)                             

Epoch: 126
 [=========================== 391/391 ============================>]  Step: 46ms | Tot: 23s614ms | Loss: 0.167 | Acc: 94.584% (47292/50000)                           
 [=========================== 100/100 ============================>]  Step: 18ms | Tot: 1s834ms | Loss: 0.431 | Acc: 87.320% (8732/10000)                             

Epoch: 127
 [=========================== 391/391 ============================>]  Step: 45ms | Tot: 23s699ms | Loss: 0.169 | Acc: 94.446% (47223/50000)                           
 [=========================== 100/100 ============================>]  Step: 19ms | Tot: 1s843ms | Loss: 0.363 | Acc: 89.360% (8936/10000)                             
Saving..

Epoch: 128
 [=========================== 391/391 ============================>]  Step: 46ms | Tot: 23s787ms | Loss: 0.161 | Acc: 94.850% (47425/50000)                           
 [=========================== 100/100 ============================>]  Step: 19ms | Tot: 1s852ms | Loss: 0.355 | Acc: 89.580% (8958/10000)                             
Saving..

Epoch: 129
 [=========================== 391/391 ============================>]  Step: 45ms | Tot: 23s727ms | Loss: 0.165 | Acc: 94.614% (47307/50000)                           
 [=========================== 100/100 ============================>]  Step: 20ms | Tot: 1s877ms | Loss: 0.430 | Acc: 87.320% (8732/10000)                             

Epoch: 130
 [=========================== 391/391 ============================>]  Step: 46ms | Tot: 23s989ms | Loss: 0.155 | Acc: 94.888% (47444/50000)                           
 [=========================== 100/100 ============================>]  Step: 20ms | Tot: 1s913ms | Loss: 0.363 | Acc: 89.440% (8944/10000)                             

Epoch: 131
 [=========================== 391/391 ============================>]  Step: 47ms | Tot: 24s426ms | Loss: 0.154 | Acc: 95.046% (47523/50000)                           
 [=========================== 100/100 ============================>]  Step: 19ms | Tot: 1s917ms | Loss: 0.437 | Acc: 87.830% (8783/10000)                             

Epoch: 132
 [=========================== 391/391 ============================>]  Step: 46ms | Tot: 23s836ms | Loss: 0.155 | Acc: 94.888% (47444/50000)                           
 [=========================== 100/100 ============================>]  Step: 18ms | Tot: 1s845ms | Loss: 0.324 | Acc: 89.990% (8999/10000)                             
Saving..

Epoch: 133
 [=========================== 391/391 ============================>]  Step: 45ms | Tot: 23s642ms | Loss: 0.141 | Acc: 95.444% (47722/50000)                           
 [=========================== 100/100 ============================>]  Step: 19ms | Tot: 1s824ms | Loss: 0.378 | Acc: 89.010% (8901/10000)                             

Epoch: 134
 [=========================== 391/391 ============================>]  Step: 46ms | Tot: 23s486ms | Loss: 0.139 | Acc: 95.430% (47715/50000)                           
 [=========================== 100/100 ============================>]  Step: 19ms | Tot: 1s818ms | Loss: 0.367 | Acc: 89.080% (8908/10000)                             

Epoch: 135
 [=========================== 391/391 ============================>]  Step: 45ms | Tot: 23s460ms | Loss: 0.137 | Acc: 95.586% (47793/50000)                           
 [=========================== 100/100 ============================>]  Step: 18ms | Tot: 1s825ms | Loss: 0.412 | Acc: 88.370% (8837/10000)                             

Epoch: 136
 [=========================== 391/391 ============================>]  Step: 46ms | Tot: 23s502ms | Loss: 0.135 | Acc: 95.574% (47787/50000)                           
 [=========================== 100/100 ============================>]  Step: 19ms | Tot: 1s828ms | Loss: 0.456 | Acc: 87.330% (8733/10000)                             

Epoch: 137
 [=========================== 391/391 ============================>]  Step: 46ms | Tot: 23s627ms | Loss: 0.128 | Acc: 95.770% (47885/50000)                           
 [=========================== 100/100 ============================>]  Step: 19ms | Tot: 1s820ms | Loss: 0.363 | Acc: 89.510% (8951/10000)                             

Epoch: 138
 [=========================== 391/391 ============================>]  Step: 45ms | Tot: 23s697ms | Loss: 0.130 | Acc: 95.780% (47890/50000)                           
 [=========================== 100/100 ============================>]  Step: 18ms | Tot: 1s830ms | Loss: 0.453 | Acc: 87.840% (8784/10000)                             

Epoch: 139
 [=========================== 391/391 ============================>]  Step: 46ms | Tot: 23s717ms | Loss: 0.120 | Acc: 96.088% (48044/50000)                           
 [=========================== 100/100 ============================>]  Step: 19ms | Tot: 1s851ms | Loss: 0.391 | Acc: 88.630% (8863/10000)                             

Epoch: 140
 [=========================== 391/391 ============================>]  Step: 46ms | Tot: 23s742ms | Loss: 0.115 | Acc: 96.192% (48096/50000)                           
 [=========================== 100/100 ============================>]  Step: 19ms | Tot: 1s879ms | Loss: 0.349 | Acc: 89.980% (8998/10000)                             

Epoch: 141
 [=========================== 391/391 ============================>]  Step: 47ms | Tot: 23s919ms | Loss: 0.111 | Acc: 96.400% (48200/50000)                           
 [=========================== 100/100 ============================>]  Step: 19ms | Tot: 1s901ms | Loss: 0.417 | Acc: 88.420% (8842/10000)                             

Epoch: 142
 [=========================== 391/391 ============================>]  Step: 47ms | Tot: 24s374ms | Loss: 0.110 | Acc: 96.442% (48221/50000)                           
 [=========================== 100/100 ============================>]  Step: 20ms | Tot: 1s948ms | Loss: 0.350 | Acc: 90.280% (9028/10000)                             
Saving..

Epoch: 143
 [=========================== 391/391 ============================>]  Step: 46ms | Tot: 24s301ms | Loss: 0.107 | Acc: 96.520% (48260/50000)                           
 [=========================== 100/100 ============================>]  Step: 19ms | Tot: 1s865ms | Loss: 0.331 | Acc: 90.320% (9032/10000)                             
Saving..

Epoch: 144
 [=========================== 391/391 ============================>]  Step: 46ms | Tot: 23s721ms | Loss: 0.099 | Acc: 96.754% (48377/50000)                           
 [=========================== 100/100 ============================>]  Step: 19ms | Tot: 1s823ms | Loss: 0.362 | Acc: 90.210% (9021/10000)                             

Epoch: 145
 [=========================== 391/391 ============================>]  Step: 45ms | Tot: 23s604ms | Loss: 0.094 | Acc: 96.976% (48488/50000)                           
 [=========================== 100/100 ============================>]  Step: 19ms | Tot: 1s820ms | Loss: 0.349 | Acc: 90.110% (9011/10000)                             

Epoch: 146
 [=========================== 391/391 ============================>]  Step: 45ms | Tot: 23s485ms | Loss: 0.092 | Acc: 96.996% (48498/50000)                           
 [=========================== 100/100 ============================>]  Step: 18ms | Tot: 1s821ms | Loss: 0.417 | Acc: 88.960% (8896/10000)                             

Epoch: 147
 [=========================== 391/391 ============================>]  Step: 45ms | Tot: 23s514ms | Loss: 0.093 | Acc: 96.958% (48479/50000)                           
 [=========================== 100/100 ============================>]  Step: 19ms | Tot: 1s821ms | Loss: 0.381 | Acc: 89.670% (8967/10000)                             

Epoch: 148
 [=========================== 391/391 ============================>]  Step: 45ms | Tot: 23s605ms | Loss: 0.088 | Acc: 97.162% (48581/50000)                           
 [=========================== 100/100 ============================>]  Step: 18ms | Tot: 1s833ms | Loss: 0.340 | Acc: 90.330% (9033/10000)                             
Saving..

Epoch: 149
 [=========================== 391/391 ============================>]  Step: 47ms | Tot: 23s687ms | Loss: 0.078 | Acc: 97.466% (48733/50000)                           
 [=========================== 100/100 ============================>]  Step: 18ms | Tot: 1s834ms | Loss: 0.366 | Acc: 90.100% (9010/10000)                             

Epoch: 150
 [=========================== 391/391 ============================>]  Step: 45ms | Tot: 23s712ms | Loss: 0.072 | Acc: 97.698% (48849/50000)                           
 [=========================== 100/100 ============================>]  Step: 18ms | Tot: 1s846ms | Loss: 0.371 | Acc: 90.400% (9040/10000)                             
Saving..

Epoch: 151
 [=========================== 391/391 ============================>]  Step: 46ms | Tot: 23s800ms | Loss: 0.076 | Acc: 97.542% (48771/50000)                           
 [=========================== 100/100 ============================>]  Step: 19ms | Tot: 1s860ms | Loss: 0.334 | Acc: 90.750% (9075/10000)                             
Saving..

Epoch: 152
 [=========================== 391/391 ============================>]  Step: 47ms | Tot: 23s903ms | Loss: 0.069 | Acc: 97.800% (48900/50000)                           
 [=========================== 100/100 ============================>]  Step: 20ms | Tot: 1s900ms | Loss: 0.343 | Acc: 90.990% (9099/10000)                             
Saving..

Epoch: 153
 [=========================== 391/391 ============================>]  Step: 47ms | Tot: 24s319ms | Loss: 0.071 | Acc: 97.750% (48875/50000)                           
 [=========================== 100/100 ============================>]  Step: 20ms | Tot: 1s941ms | Loss: 0.383 | Acc: 90.130% (9013/10000)                             

Epoch: 154
 [=========================== 391/391 ============================>]  Step: 45ms | Tot: 24s438ms | Loss: 0.060 | Acc: 98.034% (49017/50000)                           
 [=========================== 100/100 ============================>]  Step: 19ms | Tot: 1s876ms | Loss: 0.346 | Acc: 91.190% (9119/10000)                             
Saving..

Epoch: 155
 [=========================== 391/391 ============================>]  Step: 46ms | Tot: 23s752ms | Loss: 0.063 | Acc: 97.972% (48986/50000)                           
 [=========================== 100/100 ============================>]  Step: 18ms | Tot: 1s831ms | Loss: 0.323 | Acc: 91.290% (9129/10000)                             
Saving..

Epoch: 156
 [=========================== 391/391 ============================>]  Step: 44ms | Tot: 23s524ms | Loss: 0.055 | Acc: 98.250% (49125/50000)                           
 [=========================== 100/100 ============================>]  Step: 19ms | Tot: 1s818ms | Loss: 0.350 | Acc: 90.720% (9072/10000)                             

Epoch: 157
 [=========================== 391/391 ============================>]  Step: 45ms | Tot: 23s454ms | Loss: 0.051 | Acc: 98.312% (49156/50000)                           
 [=========================== 100/100 ============================>]  Step: 18ms | Tot: 1s820ms | Loss: 0.384 | Acc: 90.590% (9059/10000)                             

Epoch: 158
 [=========================== 391/391 ============================>]  Step: 45ms | Tot: 23s495ms | Loss: 0.052 | Acc: 98.290% (49145/50000)                           
 [=========================== 100/100 ============================>]  Step: 19ms | Tot: 1s829ms | Loss: 0.365 | Acc: 90.830% (9083/10000)                             

Epoch: 159
 [=========================== 391/391 ============================>]  Step: 45ms | Tot: 23s572ms | Loss: 0.044 | Acc: 98.532% (49266/50000)                           
 [=========================== 100/100 ============================>]  Step: 19ms | Tot: 1s821ms | Loss: 0.368 | Acc: 90.880% (9088/10000)                             

Epoch: 160
 [=========================== 391/391 ============================>]  Step: 45ms | Tot: 23s644ms | Loss: 0.047 | Acc: 98.466% (49233/50000)                           
 [=========================== 100/100 ============================>]  Step: 18ms | Tot: 1s825ms | Loss: 0.348 | Acc: 91.120% (9112/10000)                             

Epoch: 161
 [=========================== 391/391 ============================>]  Step: 46ms | Tot: 23s734ms | Loss: 0.044 | Acc: 98.620% (49310/50000)                           
 [=========================== 100/100 ============================>]  Step: 18ms | Tot: 1s854ms | Loss: 0.324 | Acc: 91.820% (9182/10000)                             
Saving..

Epoch: 162
 [=========================== 391/391 ============================>]  Step: 46ms | Tot: 23s753ms | Loss: 0.038 | Acc: 98.746% (49373/50000)                           
 [=========================== 100/100 ============================>]  Step: 18ms | Tot: 1s870ms | Loss: 0.332 | Acc: 91.710% (9171/10000)                             

Epoch: 163
 [=========================== 391/391 ============================>]  Step: 45ms | Tot: 23s750ms | Loss: 0.035 | Acc: 98.874% (49437/50000)                           
 [=========================== 100/100 ============================>]  Step: 18ms | Tot: 1s881ms | Loss: 0.330 | Acc: 91.820% (9182/10000)                             

Epoch: 164
 [=========================== 391/391 ============================>]  Step: 47ms | Tot: 24s149ms | Loss: 0.029 | Acc: 99.056% (49528/50000)                           
 [=========================== 100/100 ============================>]  Step: 20ms | Tot: 1s919ms | Loss: 0.342 | Acc: 91.920% (9192/10000)                             
Saving..

Epoch: 165
 [=========================== 391/391 ============================>]  Step: 46ms | Tot: 24s553ms | Loss: 0.030 | Acc: 99.036% (49518/50000)                           
 [=========================== 100/100 ============================>]  Step: 20ms | Tot: 1s910ms | Loss: 0.362 | Acc: 91.250% (9125/10000)                             

Epoch: 166
 [=========================== 391/391 ============================>]  Step: 46ms | Tot: 23s824ms | Loss: 0.027 | Acc: 99.170% (49585/50000)                           
 [=========================== 100/100 ============================>]  Step: 18ms | Tot: 1s846ms | Loss: 0.345 | Acc: 91.910% (9191/10000)                             

Epoch: 167
 [=========================== 391/391 ============================>]  Step: 45ms | Tot: 23s692ms | Loss: 0.023 | Acc: 99.270% (49635/50000)                           
 [=========================== 100/100 ============================>]  Step: 18ms | Tot: 1s830ms | Loss: 0.331 | Acc: 91.980% (9198/10000)                             
Saving..

Epoch: 168
 [=========================== 391/391 ============================>]  Step: 46ms | Tot: 23s504ms | Loss: 0.023 | Acc: 99.262% (49631/50000)                           
 [=========================== 100/100 ============================>]  Step: 19ms | Tot: 1s818ms | Loss: 0.319 | Acc: 92.610% (9261/10000)                             
Saving..

Epoch: 169
 [=========================== 391/391 ============================>]  Step: 44ms | Tot: 23s471ms | Loss: 0.017 | Acc: 99.448% (49724/50000)                           
 [=========================== 100/100 ============================>]  Step: 19ms | Tot: 1s825ms | Loss: 0.323 | Acc: 92.780% (9278/10000)                             
Saving..

Epoch: 170
 [=========================== 391/391 ============================>]  Step: 45ms | Tot: 23s540ms | Loss: 0.015 | Acc: 99.528% (49764/50000)                           
 [=========================== 100/100 ============================>]  Step: 18ms | Tot: 1s831ms | Loss: 0.353 | Acc: 92.050% (9205/10000)                             

Epoch: 171
 [=========================== 391/391 ============================>]  Step: 45ms | Tot: 23s612ms | Loss: 0.015 | Acc: 99.562% (49781/50000)                           
 [=========================== 100/100 ============================>]  Step: 19ms | Tot: 1s826ms | Loss: 0.330 | Acc: 92.630% (9263/10000)                             

Epoch: 172
 [=========================== 391/391 ============================>]  Step: 46ms | Tot: 23s704ms | Loss: 0.013 | Acc: 99.620% (49810/50000)                           
 [=========================== 100/100 ============================>]  Step: 18ms | Tot: 1s847ms | Loss: 0.316 | Acc: 92.690% (9269/10000)                             

Epoch: 173
 [=========================== 391/391 ============================>]  Step: 46ms | Tot: 23s722ms | Loss: 0.010 | Acc: 99.692% (49846/50000)                           
 [=========================== 100/100 ============================>]  Step: 19ms | Tot: 1s855ms | Loss: 0.330 | Acc: 92.710% (9271/10000)                             

Epoch: 174
 [=========================== 391/391 ============================>]  Step: 46ms | Tot: 23s789ms | Loss: 0.010 | Acc: 99.670% (49835/50000)                           
 [=========================== 100/100 ============================>]  Step: 19ms | Tot: 1s888ms | Loss: 0.340 | Acc: 92.790% (9279/10000)                             
Saving..

Epoch: 175
 [=========================== 391/391 ============================>]  Step: 47ms | Tot: 24s130ms | Loss: 0.008 | Acc: 99.776% (49888/50000)                           
 [=========================== 100/100 ============================>]  Step: 20ms | Tot: 1s916ms | Loss: 0.328 | Acc: 93.110% (9311/10000)                             
Saving..

Epoch: 176
 [=========================== 391/391 ============================>]  Step: 48ms | Tot: 24s519ms | Loss: 0.009 | Acc: 99.736% (49868/50000)                           
 [=========================== 100/100 ============================>]  Step: 20ms | Tot: 1s935ms | Loss: 0.330 | Acc: 93.170% (9317/10000)                             
Saving..

Epoch: 177
 [=========================== 391/391 ============================>]  Step: 47ms | Tot: 23s866ms | Loss: 0.007 | Acc: 99.798% (49899/50000)                           
 [=========================== 100/100 ============================>]  Step: 19ms | Tot: 1s867ms | Loss: 0.320 | Acc: 93.440% (9344/10000)                             
Saving..

Epoch: 178
 [=========================== 391/391 ============================>]  Step: 45ms | Tot: 23s686ms | Loss: 0.005 | Acc: 99.844% (49922/50000)                           
 [=========================== 100/100 ============================>]  Step: 19ms | Tot: 1s832ms | Loss: 0.318 | Acc: 93.300% (9330/10000)                             

Epoch: 179
 [=========================== 391/391 ============================>]  Step: 45ms | Tot: 23s505ms | Loss: 0.005 | Acc: 99.850% (49925/50000)                           
 [=========================== 100/100 ============================>]  Step: 19ms | Tot: 1s818ms | Loss: 0.317 | Acc: 93.410% (9341/10000)                             

Epoch: 180
 [=========================== 391/391 ============================>]  Step: 45ms | Tot: 23s532ms | Loss: 0.003 | Acc: 99.930% (49965/50000)                           
 [=========================== 100/100 ============================>]  Step: 19ms | Tot: 1s820ms | Loss: 0.321 | Acc: 93.390% (9339/10000)                             

Epoch: 181
 [=========================== 391/391 ============================>]  Step: 46ms | Tot: 23s592ms | Loss: 0.003 | Acc: 99.926% (49963/50000)                           
 [=========================== 100/100 ============================>]  Step: 19ms | Tot: 1s819ms | Loss: 0.312 | Acc: 93.350% (9335/10000)                             

Epoch: 182
 [=========================== 391/391 ============================>]  Step: 46ms | Tot: 23s644ms | Loss: 0.003 | Acc: 99.926% (49963/50000)                           
 [=========================== 100/100 ============================>]  Step: 19ms | Tot: 1s818ms | Loss: 0.317 | Acc: 93.530% (9353/10000)                             
Saving..

Epoch: 183
 [=========================== 391/391 ============================>]  Step: 46ms | Tot: 23s699ms | Loss: 0.003 | Acc: 99.910% (49955/50000)                           
 [=========================== 100/100 ============================>]  Step: 19ms | Tot: 1s841ms | Loss: 0.317 | Acc: 93.410% (9341/10000)                             

Epoch: 184
 [=========================== 391/391 ============================>]  Step: 46ms | Tot: 23s743ms | Loss: 0.003 | Acc: 99.950% (49975/50000)                           
 [=========================== 100/100 ============================>]  Step: 19ms | Tot: 1s854ms | Loss: 0.323 | Acc: 93.430% (9343/10000)                             

Epoch: 185
 [=========================== 391/391 ============================>]  Step: 45ms | Tot: 23s721ms | Loss: 0.002 | Acc: 99.956% (49978/50000)                           
 [=========================== 100/100 ============================>]  Step: 19ms | Tot: 1s875ms | Loss: 0.319 | Acc: 93.500% (9350/10000)                             

Epoch: 186
 [=========================== 391/391 ============================>]  Step: 46ms | Tot: 24s12ms | Loss: 0.002 | Acc: 99.948% (49974/50000)                            
 [=========================== 100/100 ============================>]  Step: 20ms | Tot: 1s903ms | Loss: 0.319 | Acc: 93.540% (9354/10000)                             
Saving..

Epoch: 187
 [=========================== 391/391 ============================>]  Step: 48ms | Tot: 24s398ms | Loss: 0.002 | Acc: 99.958% (49979/50000)                           
 [=========================== 100/100 ============================>]  Step: 20ms | Tot: 1s948ms | Loss: 0.318 | Acc: 93.670% (9367/10000)                             
Saving..

Epoch: 188
 [=========================== 391/391 ============================>]  Step: 46ms | Tot: 24s428ms | Loss: 0.002 | Acc: 99.956% (49978/50000)                           
 [=========================== 100/100 ============================>]  Step: 19ms | Tot: 1s875ms | Loss: 0.316 | Acc: 93.600% (9360/10000)                             

Epoch: 189
 [=========================== 391/391 ============================>]  Step: 46ms | Tot: 23s740ms | Loss: 0.002 | Acc: 99.976% (49988/50000)                           
 [=========================== 100/100 ============================>]  Step: 19ms | Tot: 1s842ms | Loss: 0.318 | Acc: 93.580% (9358/10000)                             

Epoch: 190
 [=========================== 391/391 ============================>]  Step: 45ms | Tot: 23s624ms | Loss: 0.002 | Acc: 99.980% (49990/50000)                           
 [=========================== 100/100 ============================>]  Step: 19ms | Tot: 1s819ms | Loss: 0.319 | Acc: 93.590% (9359/10000)                             

Epoch: 191
 [=========================== 391/391 ============================>]  Step: 45ms | Tot: 23s522ms | Loss: 0.002 | Acc: 99.974% (49987/50000)                           
 [=========================== 100/100 ============================>]  Step: 19ms | Tot: 1s819ms | Loss: 0.315 | Acc: 93.620% (9362/10000)                             

Epoch: 192
 [=========================== 391/391 ============================>]  Step: 45ms | Tot: 23s518ms | Loss: 0.002 | Acc: 99.966% (49983/50000)                           
 [=========================== 100/100 ============================>]  Step: 19ms | Tot: 1s819ms | Loss: 0.315 | Acc: 93.690% (9369/10000)                             
Saving..

Epoch: 193
 [=========================== 391/391 ============================>]  Step: 45ms | Tot: 23s615ms | Loss: 0.002 | Acc: 99.980% (49990/50000)                           
 [=========================== 100/100 ============================>]  Step: 19ms | Tot: 1s820ms | Loss: 0.317 | Acc: 93.690% (9369/10000)                             

Epoch: 194
 [=========================== 391/391 ============================>]  Step: 46ms | Tot: 23s662ms | Loss: 0.002 | Acc: 99.974% (49987/50000)                           
 [=========================== 100/100 ============================>]  Step: 18ms | Tot: 1s836ms | Loss: 0.315 | Acc: 93.710% (9371/10000)                             
Saving..

Epoch: 195
 [=========================== 391/391 ============================>]  Step: 46ms | Tot: 23s719ms | Loss: 0.001 | Acc: 99.978% (49989/50000)                           
 [=========================== 100/100 ============================>]  Step: 18ms | Tot: 1s849ms | Loss: 0.314 | Acc: 93.730% (9373/10000)                             
Saving..

Epoch: 196
 [=========================== 391/391 ============================>]  Step: 46ms | Tot: 23s740ms | Loss: 0.001 | Acc: 99.980% (49990/50000)                           
 [=========================== 100/100 ============================>]  Step: 19ms | Tot: 1s873ms | Loss: 0.314 | Acc: 93.780% (9378/10000)                             
Saving..

Epoch: 197
 [=========================== 391/391 ============================>]  Step: 46ms | Tot: 23s784ms | Loss: 0.002 | Acc: 99.980% (49990/50000)                           
 [=========================== 100/100 ============================>]  Step: 19ms | Tot: 1s892ms | Loss: 0.314 | Acc: 93.740% (9374/10000)                             

Epoch: 198
 [=========================== 391/391 ============================>]  Step: 47ms | Tot: 24s192ms | Loss: 0.002 | Acc: 99.978% (49989/50000)                           
 [=========================== 100/100 ============================>]  Step: 19ms | Tot: 1s909ms | Loss: 0.314 | Acc: 93.820% (9382/10000)                             
Saving..

Epoch: 199
 [=========================== 391/391 ============================>]  Step: 47ms | Tot: 24s654ms | Loss: 0.002 | Acc: 99.964% (49982/50000)                           
 [=========================== 100/100 ============================>]  Step: 20ms | Tot: 1s954ms | Loss: 0.316 | Acc: 93.760% (9376/10000) 
